/home/interns/.local/lib/python3.10/site-packages/huggingface_hub/utils/_validators.py:205: UserWarning: The `local_dir_use_symlinks` argument is deprecated and ignored in `hf_hub_download`. Downloading to a local directory does not use symlinks anymore.
  warnings.warn(
/home/interns/Desktop/parth_cleanup/face4/face4/models/arcface.py:75: FutureWarning: You are using `torch.load` with `weights_only=False` (the current default value), which uses the default pickle module implicitly. It is possible to construct malicious pickle data which will execute arbitrary code during unpickling (See https://github.com/pytorch/pytorch/blob/main/SECURITY.md#untrusted-models for more details). In a future release, the default value for `weights_only` will be flipped to `True`. This limits the functions that could be executed during unpickling. Arbitrary objects will no longer be allowed to be loaded via this mode unless they are explicitly allowlisted by the user via `torch.serialization.add_safe_globals`. We recommend you start setting `weights_only=True` for any use case where you don't have full control of the loaded file. Please open an issue on GitHub for any issues related to this experimental feature.
  payload = torch.load(self.checkpoint_path, map_location="cpu")
/home/interns/Desktop/parth_cleanup/face4/face4/models/iresnet.py:98: FutureWarning: `torch.cuda.amp.autocast(args...)` is deprecated. Please use `torch.amp.autocast('cuda', args...)` instead.
  with torch.cuda.amp.autocast(enabled=self.fp16):
Loading InstructPix2Pix VAE from 'timbrooks/instruct-pix2pix' ...
  ✓ InstructPix2Pix VAE loaded.
Loading FACE4 ArcFace from /home/interns/Desktop/parth_cleanup/face4 with checkpoint /home/interns/Desktop/parth_cleanup/face4/models/arcface/iresnet100.pth
[geometry_only_original] 001/020 loss=-0.00000 id_sim=1.00000 ssim=1.00000 0.39s
[geometry_only_original] 002/020 loss=0.09817 id_sim=0.97017 ssim=0.91771 0.23s
[geometry_only_original] 003/020 loss=-0.21844 id_sim=0.95035 ssim=0.94279 0.21s
[geometry_only_original] 004/020 loss=-0.48533 id_sim=0.90671 ssim=0.90861 0.21s
[geometry_only_original] 005/020 loss=-0.55454 id_sim=0.87855 ssim=0.86515 0.22s
[geometry_only_original] 006/020 loss=-0.53957 id_sim=0.86000 ssim=0.82385 0.21s
[geometry_only_original] 007/020 loss=-0.50381 id_sim=0.84833 ssim=0.79257 0.24s
[geometry_only_original] 008/020 loss=-0.55866 id_sim=0.83073 ssim=0.76790 0.25s
[geometry_only_original] 009/020 loss=-0.52850 id_sim=0.82726 ssim=0.75470 0.24s
[geometry_only_original] 010/020 loss=-0.56102 id_sim=0.81964 ssim=0.74586 0.23s
[geometry_only_original] 011/020 loss=-0.61183 id_sim=0.81069 ssim=0.73806 0.21s
[geometry_only_original] 012/020 loss=-0.62104 id_sim=0.80625 ssim=0.73107 0.21s
[geometry_only_original] 013/020 loss=-0.65318 id_sim=0.79930 ssim=0.72366 0.24s
[geometry_only_original] 014/020 loss=-0.70098 id_sim=0.79147 ssim=0.71761 0.25s
[geometry_only_original] 015/020 loss=-0.71997 id_sim=0.78625 ssim=0.71098 0.21s
[geometry_only_original] 016/020 loss=-0.74740 id_sim=0.78032 ssim=0.70450 0.21s
[geometry_only_original] 017/020 loss=-0.78789 id_sim=0.77255 ssim=0.69697 0.21s
[geometry_only_original] 018/020 loss=-0.77460 id_sim=0.76931 ssim=0.68771 0.17s
[geometry_only_original] 019/020 loss=-0.71095 id_sim=0.77233 ssim=0.68089 0.22s
[geometry_only_original] 020/020 loss=-0.62265 id_sim=0.77920 ssim=0.67686 0.20s
[geometry_only_reconstruction] 001/020 loss=0.26244 id_sim=0.94047 ssim=0.82395 0.20s
[geometry_only_reconstruction] 002/020 loss=0.30933 id_sim=0.90298 ssim=0.82166 0.19s
[geometry_only_reconstruction] 003/020 loss=0.40167 id_sim=0.89814 ssim=0.81019 0.20s
[geometry_only_reconstruction] 004/020 loss=0.30971 id_sim=0.89274 ssim=0.81283 0.22s
[geometry_only_reconstruction] 005/020 loss=0.22064 id_sim=0.89026 ssim=0.81353 0.21s
[geometry_only_reconstruction] 006/020 loss=0.21959 id_sim=0.89466 ssim=0.81606 0.21s
[geometry_only_reconstruction] 007/020 loss=0.24408 id_sim=0.90103 ssim=0.81638 0.22s
[geometry_only_reconstruction] 008/020 loss=0.32405 id_sim=0.90828 ssim=0.81331 0.23s
[geometry_only_reconstruction] 009/020 loss=0.40155 id_sim=0.91555 ssim=0.81318 0.22s
[geometry_only_reconstruction] 010/020 loss=0.35906 id_sim=0.91362 ssim=0.81716 0.22s
[geometry_only_reconstruction] 011/020 loss=0.22845 id_sim=0.90298 ssim=0.82259 0.21s
[geometry_only_reconstruction] 012/020 loss=0.13507 id_sim=0.89692 ssim=0.82798 0.19s
[geometry_only_reconstruction] 013/020 loss=0.15051 id_sim=0.89805 ssim=0.82960 0.22s
[geometry_only_reconstruction] 014/020 loss=0.22133 id_sim=0.89917 ssim=0.82612 0.22s
[geometry_only_reconstruction] 015/020 loss=0.24389 id_sim=0.89720 ssim=0.82326 0.21s
[geometry_only_reconstruction] 016/020 loss=0.22915 id_sim=0.89485 ssim=0.82250 0.20s
[geometry_only_reconstruction] 017/020 loss=0.19640 id_sim=0.89573 ssim=0.82508 0.21s
[geometry_only_reconstruction] 018/020 loss=0.17633 id_sim=0.89656 ssim=0.82602 0.26s
[geometry_only_reconstruction] 019/020 loss=0.20005 id_sim=0.90097 ssim=0.82662 0.25s
[geometry_only_reconstruction] 020/020 loss=0.24498 id_sim=0.90661 ssim=0.82713 0.24s

Loading pipeline components...:   0%|          | 0/6 [00:00<?, ?it/s][0;93m2026-07-20 20:20:26.223173989 [W:onnxruntime:Default, device_discovery.cc:164 DiscoverDevicesForPlatform] GPU device discovery failed: device_discovery.cc:89 ReadFileContents Failed to open file: "/sys/class/drm/card0/device/vendor"[m

Loading pipeline components...:  33%|███▎      | 2/6 [00:00<00:00,  7.36it/s]
Loading pipeline components...:  67%|██████▋   | 4/6 [00:04<00:02,  1.20s/it]

Loading weights:   0%|          | 0/196 [00:00<?, ?it/s][A

Loading weights:  86%|████████▌ | 168/196 [00:00<00:00, 1532.83it/s][A
Loading weights: 100%|██████████| 196/196 [00:00<00:00, 1582.95it/s]

Loading pipeline components...:  83%|████████▎ | 5/6 [00:04<00:00,  1.02it/s]
Loading pipeline components...: 100%|██████████| 6/6 [00:05<00:00,  1.00it/s]
Loading pipeline components...: 100%|██████████| 6/6 [00:05<00:00,  1.06it/s]
Loading FACE4 ArcFace from /home/interns/Desktop/parth_cleanup/face4 with checkpoint /home/interns/Desktop/parth_cleanup/face4/models/arcface/iresnet100.pth
{
  "status": "complete",
  "face_id": "image_2",
  "prompt": "Add a black jacket",
  "warp_type": "mobius",
  "warp_components": [
    "mobius"
  ],
  "modes": [
    "geometry_only_original",
    "geometry_only_reconstruction"
  ],
  "mode_summaries": [
    {
      "mode": "geometry_only_original",
      "best_iter": 16,
      "best_loss": -0.7878942489624023,
      "iterations": 20,
      "mean_seconds_iter": 0.2284596416167915,
      "peak_vram_gb": 0.7563014030456543,
      "replay_images": {
        "vae_reconstruction": "/home/interns/Desktop/amit_code/targeted_experiments/geometry_family_attribution/image2_black_jacket/single_mobius/geometry_only_original/vae_reconstruction.png",
        "learned_delta_only": "/home/interns/Desktop/amit_code/targeted_experiments/geometry_family_attribution/image2_black_jacket/single_mobius/geometry_only_original/learned_delta_only.png",
        "learned_geometry_on_original": "/home/interns/Desktop/amit_code/targeted_experiments/geometry_family_attribution/image2_black_jacket/single_mobius/geometry_only_original/learned_geometry_on_original.png",
        "learned_geometry_on_reconstruction": "/home/interns/Desktop/amit_code/targeted_experiments/geometry_family_attribution/image2_black_jacket/single_mobius/geometry_only_original/learned_geometry_on_reconstruction.png",
        "learned_combined": "/home/interns/Desktop/amit_code/targeted_experiments/geometry_family_attribution/image2_black_jacket/single_mobius/geometry_only_original/learned_combined.png",
        "geometry_then_vae_reconstruction": "/home/interns/Desktop/amit_code/targeted_experiments/geometry_family_attribution/image2_black_jacket/single_mobius/geometry_only_original/geometry_then_vae_reconstruction.png"
      }
    },
    {
      "mode": "geometry_only_reconstruction",
      "best_iter": 11,
      "best_loss": 0.13506819307804108,
      "iterations": 20,
      "mean_seconds_iter": 0.21651867646723985,
      "peak_vram_gb": 0.7563014030456543,
      "replay_images": {
        "vae_reconstruction": "/home/interns/Desktop/amit_code/targeted_experiments/geometry_family_attribution/image2_black_jacket/single_mobius/geometry_only_reconstruction/vae_reconstruction.png",
        "learned_delta_only": "/home/interns/Desktop/amit_code/targeted_experiments/geometry_family_attribution/image2_black_jacket/single_mobius/geometry_only_reconstruction/learned_delta_only.png",
        "learned_geometry_on_original": "/home/interns/Desktop/amit_code/targeted_experiments/geometry_family_attribution/image2_black_jacket/single_mobius/geometry_only_reconstruction/learned_geometry_on_original.png",
        "learned_geometry_on_reconstruction": "/home/interns/Desktop/amit_code/targeted_experiments/geometry_family_attribution/image2_black_jacket/single_mobius/geometry_only_reconstruction/learned_geometry_on_reconstruction.png",
        "learned_combined": "/home/interns/Desktop/amit_code/targeted_experiments/geometry_family_attribution/image2_black_jacket/single_mobius/geometry_only_reconstruction/learned_combined.png",
        "geometry_then_vae_reconstruction": "/home/interns/Desktop/amit_code/targeted_experiments/geometry_family_attribution/image2_black_jacket/single_mobius/geometry_only_reconstruction/geometry_then_vae_reconstruction.png"
      }
    }
  ],
  "num_stage_edits": 15,
  "output_root": "/home/interns/Desktop/amit_code/targeted_experiments/geometry_family_attribution/image2_black_jacket/single_mobius"
}
