/home/interns/.local/lib/python3.10/site-packages/huggingface_hub/utils/_validators.py:205: UserWarning: The `local_dir_use_symlinks` argument is deprecated and ignored in `hf_hub_download`. Downloading to a local directory does not use symlinks anymore.
  warnings.warn(
/home/interns/Desktop/parth_cleanup/face4/face4/models/arcface.py:75: FutureWarning: You are using `torch.load` with `weights_only=False` (the current default value), which uses the default pickle module implicitly. It is possible to construct malicious pickle data which will execute arbitrary code during unpickling (See https://github.com/pytorch/pytorch/blob/main/SECURITY.md#untrusted-models for more details). In a future release, the default value for `weights_only` will be flipped to `True`. This limits the functions that could be executed during unpickling. Arbitrary objects will no longer be allowed to be loaded via this mode unless they are explicitly allowlisted by the user via `torch.serialization.add_safe_globals`. We recommend you start setting `weights_only=True` for any use case where you don't have full control of the loaded file. Please open an issue on GitHub for any issues related to this experimental feature.
  payload = torch.load(self.checkpoint_path, map_location="cpu")
/home/interns/Desktop/parth_cleanup/face4/face4/models/iresnet.py:98: FutureWarning: `torch.cuda.amp.autocast(args...)` is deprecated. Please use `torch.amp.autocast('cuda', args...)` instead.
  with torch.cuda.amp.autocast(enabled=self.fp16):
Loading InstructPix2Pix VAE from 'timbrooks/instruct-pix2pix' ...
  ✓ InstructPix2Pix VAE loaded.
Loading FACE4 ArcFace from /home/interns/Desktop/parth_cleanup/face4 with checkpoint /home/interns/Desktop/parth_cleanup/face4/models/arcface/iresnet100.pth
[combined] 001/020 loss=0.18587 id_sim=0.94203 ssim=0.84190 0.52s
[combined] 002/020 loss=0.41516 id_sim=0.86841 ssim=0.77130 0.42s
[combined] 003/020 loss=-0.93789 id_sim=0.74157 ssim=0.77965 0.68s
[combined] 004/020 loss=-2.55821 id_sim=0.59311 ssim=0.79331 0.68s
[combined] 005/020 loss=-3.69606 id_sim=0.47669 ssim=0.79117 0.69s
[combined] 006/020 loss=-4.30361 id_sim=0.41635 ssim=0.79243 0.70s
[combined] 007/020 loss=-5.16893 id_sim=0.33198 ssim=0.79527 0.70s
[combined] 008/020 loss=-5.93107 id_sim=0.26263 ssim=0.80407 0.69s
[combined] 009/020 loss=-6.55134 id_sim=0.20715 ssim=0.81065 0.70s
[combined] 010/020 loss=-6.97123 id_sim=0.17014 ssim=0.81663 0.69s
[combined] 011/020 loss=-7.39201 id_sim=0.13379 ssim=0.82332 0.68s
[combined] 012/020 loss=-7.88704 id_sim=0.08832 ssim=0.82647 0.67s
[combined] 013/020 loss=-8.35476 id_sim=0.04672 ssim=0.82962 0.68s
[combined] 014/020 loss=-8.76848 id_sim=0.01273 ssim=0.83428 0.67s
[combined] 015/020 loss=-9.10150 id_sim=-0.01877 ssim=0.83525 0.69s
[combined] 016/020 loss=-9.34058 id_sim=-0.05041 ssim=0.82742 0.67s
[combined] 017/020 loss=-9.71068 id_sim=-0.08559 ssim=0.82797 0.71s
[combined] 018/020 loss=-10.11653 id_sim=-0.12208 ssim=0.83061 0.70s
[combined] 019/020 loss=-10.40471 id_sim=-0.15036 ssim=0.83166 0.70s
[combined] 020/020 loss=-10.70329 id_sim=-0.17811 ssim=0.83470 0.66s

Loading pipeline components...:   0%|          | 0/6 [00:00<?, ?it/s][0;93m2026-07-20 22:47:59.358411961 [W:onnxruntime:Default, device_discovery.cc:164 DiscoverDevicesForPlatform] GPU device discovery failed: device_discovery.cc:89 ReadFileContents Failed to open file: "/sys/class/drm/card0/device/vendor"[m

Loading pipeline components...:  17%|█▋        | 1/6 [00:00<00:04,  1.01it/s]
Loading pipeline components...:  33%|███▎      | 2/6 [00:01<00:02,  1.97it/s]
Loading pipeline components...:  67%|██████▋   | 4/6 [00:05<00:03,  1.57s/it]

Loading weights:   0%|          | 0/196 [00:00<?, ?it/s][A

Loading weights:  71%|███████▏  | 140/196 [00:00<00:00, 1393.51it/s][A
Loading weights: 100%|██████████| 196/196 [00:00<00:00, 1492.59it/s]

Loading pipeline components...: 100%|██████████| 6/6 [00:05<00:00,  1.08it/s]
Loading pipeline components...: 100%|██████████| 6/6 [00:05<00:00,  1.00it/s]
Loading FACE4 ArcFace from /home/interns/Desktop/parth_cleanup/face4 with checkpoint /home/interns/Desktop/parth_cleanup/face4/models/arcface/iresnet100.pth
{
  "status": "complete",
  "face_id": "image_4",
  "prompt": "Add a red scarf",
  "warp_type": "all",
  "warp_components": [
    "bspline",
    "polar",
    "bezier",
    "lens",
    "mobius",
    "laplacian",
    "geodesic",
    "diffgeom",
    "delaunay",
    "tps",
    "rolling",
    "fft",
    "homography"
  ],
  "modes": [
    "combined"
  ],
  "mode_summaries": [
    {
      "mode": "combined",
      "best_iter": 19,
      "best_loss": -10.703286170959473,
      "iterations": 20,
      "mean_seconds_iter": 0.6657787295058369,
      "peak_vram_gb": 8.373411178588867,
      "replay_images": {
        "vae_reconstruction": "/home/interns/Desktop/amit_code/targeted_experiments/geometry_family_attribution/image4_red_scarf/combined_all/combined/vae_reconstruction.png",
        "learned_delta_only": "/home/interns/Desktop/amit_code/targeted_experiments/geometry_family_attribution/image4_red_scarf/combined_all/combined/learned_delta_only.png",
        "learned_geometry_on_original": "/home/interns/Desktop/amit_code/targeted_experiments/geometry_family_attribution/image4_red_scarf/combined_all/combined/learned_geometry_on_original.png",
        "learned_geometry_on_reconstruction": "/home/interns/Desktop/amit_code/targeted_experiments/geometry_family_attribution/image4_red_scarf/combined_all/combined/learned_geometry_on_reconstruction.png",
        "learned_combined": "/home/interns/Desktop/amit_code/targeted_experiments/geometry_family_attribution/image4_red_scarf/combined_all/combined/learned_combined.png",
        "geometry_then_vae_reconstruction": "/home/interns/Desktop/amit_code/targeted_experiments/geometry_family_attribution/image4_red_scarf/combined_all/combined/geometry_then_vae_reconstruction.png"
      }
    }
  ],
  "num_stage_edits": 9,
  "output_root": "/home/interns/Desktop/amit_code/targeted_experiments/geometry_family_attribution/image4_red_scarf/combined_all"
}
