/home/interns/.local/lib/python3.10/site-packages/huggingface_hub/utils/_validators.py:205: UserWarning: The `local_dir_use_symlinks` argument is deprecated and ignored in `hf_hub_download`. Downloading to a local directory does not use symlinks anymore.
  warnings.warn(
/home/interns/Desktop/parth_cleanup/face4/face4/models/arcface.py:75: FutureWarning: You are using `torch.load` with `weights_only=False` (the current default value), which uses the default pickle module implicitly. It is possible to construct malicious pickle data which will execute arbitrary code during unpickling (See https://github.com/pytorch/pytorch/blob/main/SECURITY.md#untrusted-models for more details). In a future release, the default value for `weights_only` will be flipped to `True`. This limits the functions that could be executed during unpickling. Arbitrary objects will no longer be allowed to be loaded via this mode unless they are explicitly allowlisted by the user via `torch.serialization.add_safe_globals`. We recommend you start setting `weights_only=True` for any use case where you don't have full control of the loaded file. Please open an issue on GitHub for any issues related to this experimental feature.
  payload = torch.load(self.checkpoint_path, map_location="cpu")
/home/interns/Desktop/parth_cleanup/face4/face4/models/iresnet.py:98: FutureWarning: `torch.cuda.amp.autocast(args...)` is deprecated. Please use `torch.amp.autocast('cuda', args...)` instead.
  with torch.cuda.amp.autocast(enabled=self.fp16):
Loading InstructPix2Pix VAE from 'timbrooks/instruct-pix2pix' ...
  ✓ InstructPix2Pix VAE loaded.
Loading FACE4 ArcFace from /home/interns/Desktop/parth_cleanup/face4 with checkpoint /home/interns/Desktop/parth_cleanup/face4/models/arcface/iresnet100.pth
[combined] 001/020 loss=0.18639 id_sim=0.94208 ssim=0.84190 0.54s
[combined] 002/020 loss=-1.97115 id_sim=0.72633 ssim=0.84513 0.40s
[combined] 003/020 loss=-3.51477 id_sim=0.57171 ssim=0.84548 0.67s
[combined] 004/020 loss=-4.58810 id_sim=0.46407 ssim=0.84490 0.65s
[combined] 005/020 loss=-5.49684 id_sim=0.37278 ssim=0.84427 0.67s
[combined] 006/020 loss=-6.34680 id_sim=0.28726 ssim=0.84365 0.65s
[combined] 007/020 loss=-7.26096 id_sim=0.19526 ssim=0.84316 0.65s
[combined] 008/020 loss=-7.86549 id_sim=0.13418 ssim=0.84268 0.65s
[combined] 009/020 loss=-8.25578 id_sim=0.09457 ssim=0.84216 0.65s
[combined] 010/020 loss=-8.64986 id_sim=0.05463 ssim=0.84157 0.66s
[combined] 011/020 loss=-9.06217 id_sim=0.01288 ssim=0.84089 0.63s
[combined] 012/020 loss=-9.44088 id_sim=-0.02552 ssim=0.84017 0.63s
[combined] 013/020 loss=-9.80934 id_sim=-0.06288 ssim=0.83950 0.63s
[combined] 014/020 loss=-10.18357 id_sim=-0.10077 ssim=0.83883 0.65s
[combined] 015/020 loss=-10.54878 id_sim=-0.13772 ssim=0.83807 0.64s
[combined] 016/020 loss=-10.91611 id_sim=-0.17486 ssim=0.83723 0.66s
[combined] 017/020 loss=-11.25189 id_sim=-0.20882 ssim=0.83636 0.67s
[combined] 018/020 loss=-11.52796 id_sim=-0.23679 ssim=0.83541 0.64s
[combined] 019/020 loss=-11.81694 id_sim=-0.26603 ssim=0.83451 0.65s
[combined] 020/020 loss=-12.09561 id_sim=-0.29421 ssim=0.83365 0.63s

Loading pipeline components...:   0%|          | 0/6 [00:00<?, ?it/s][0;93m2026-07-20 22:41:08.384518269 [W:onnxruntime:Default, device_discovery.cc:164 DiscoverDevicesForPlatform] GPU device discovery failed: device_discovery.cc:89 ReadFileContents Failed to open file: "/sys/class/drm/card0/device/vendor"[m


Loading weights:   0%|          | 0/196 [00:00<?, ?it/s][A

Loading weights:  86%|████████▌ | 169/196 [00:00<00:00, 1686.95it/s][A
Loading weights: 100%|██████████| 196/196 [00:00<00:00, 1677.80it/s]

Loading pipeline components...:  50%|█████     | 3/6 [00:00<00:00,  6.51it/s]
Loading pipeline components...:  67%|██████▋   | 4/6 [00:00<00:00,  6.02it/s]
Loading pipeline components...:  83%|████████▎ | 5/6 [00:04<00:01,  1.31s/it]
Loading pipeline components...: 100%|██████████| 6/6 [00:05<00:00,  1.23s/it]
Loading pipeline components...: 100%|██████████| 6/6 [00:05<00:00,  1.09it/s]
Loading FACE4 ArcFace from /home/interns/Desktop/parth_cleanup/face4 with checkpoint /home/interns/Desktop/parth_cleanup/face4/models/arcface/iresnet100.pth
{
  "status": "complete",
  "face_id": "image_4",
  "prompt": "Add a red scarf",
  "warp_type": "bspline+polar",
  "warp_components": [
    "bspline",
    "polar"
  ],
  "modes": [
    "combined"
  ],
  "mode_summaries": [
    {
      "mode": "combined",
      "best_iter": 19,
      "best_loss": -12.095614433288574,
      "iterations": 20,
      "mean_seconds_iter": 0.6318603381514549,
      "peak_vram_gb": 6.535579681396484,
      "replay_images": {
        "vae_reconstruction": "/home/interns/Desktop/amit_code/targeted_experiments/geometry_family_attribution/image4_red_scarf/combined_bspline_polar/combined/vae_reconstruction.png",
        "learned_delta_only": "/home/interns/Desktop/amit_code/targeted_experiments/geometry_family_attribution/image4_red_scarf/combined_bspline_polar/combined/learned_delta_only.png",
        "learned_geometry_on_original": "/home/interns/Desktop/amit_code/targeted_experiments/geometry_family_attribution/image4_red_scarf/combined_bspline_polar/combined/learned_geometry_on_original.png",
        "learned_geometry_on_reconstruction": "/home/interns/Desktop/amit_code/targeted_experiments/geometry_family_attribution/image4_red_scarf/combined_bspline_polar/combined/learned_geometry_on_reconstruction.png",
        "learned_combined": "/home/interns/Desktop/amit_code/targeted_experiments/geometry_family_attribution/image4_red_scarf/combined_bspline_polar/combined/learned_combined.png",
        "geometry_then_vae_reconstruction": "/home/interns/Desktop/amit_code/targeted_experiments/geometry_family_attribution/image4_red_scarf/combined_bspline_polar/combined/geometry_then_vae_reconstruction.png"
      }
    }
  ],
  "num_stage_edits": 9,
  "output_root": "/home/interns/Desktop/amit_code/targeted_experiments/geometry_family_attribution/image4_red_scarf/combined_bspline_polar"
}
