/home/interns/.local/lib/python3.10/site-packages/huggingface_hub/utils/_validators.py:205: UserWarning: The `local_dir_use_symlinks` argument is deprecated and ignored in `hf_hub_download`. Downloading to a local directory does not use symlinks anymore.
  warnings.warn(
/home/interns/Desktop/parth_cleanup/face4/face4/models/arcface.py:75: FutureWarning: You are using `torch.load` with `weights_only=False` (the current default value), which uses the default pickle module implicitly. It is possible to construct malicious pickle data which will execute arbitrary code during unpickling (See https://github.com/pytorch/pytorch/blob/main/SECURITY.md#untrusted-models for more details). In a future release, the default value for `weights_only` will be flipped to `True`. This limits the functions that could be executed during unpickling. Arbitrary objects will no longer be allowed to be loaded via this mode unless they are explicitly allowlisted by the user via `torch.serialization.add_safe_globals`. We recommend you start setting `weights_only=True` for any use case where you don't have full control of the loaded file. Please open an issue on GitHub for any issues related to this experimental feature.
  payload = torch.load(self.checkpoint_path, map_location="cpu")
/home/interns/Desktop/parth_cleanup/face4/face4/models/iresnet.py:98: FutureWarning: `torch.cuda.amp.autocast(args...)` is deprecated. Please use `torch.amp.autocast('cuda', args...)` instead.
  with torch.cuda.amp.autocast(enabled=self.fp16):
Loading InstructPix2Pix VAE from 'timbrooks/instruct-pix2pix' ...
  ✓ InstructPix2Pix VAE loaded.
Loading FACE4 ArcFace from /home/interns/Desktop/parth_cleanup/face4 with checkpoint /home/interns/Desktop/parth_cleanup/face4/models/arcface/iresnet100.pth
[combined] 001/020 loss=0.18592 id_sim=0.94203 ssim=0.84190 0.60s
[combined] 002/020 loss=-1.94775 id_sim=0.72877 ssim=0.84432 0.42s
[combined] 003/020 loss=-3.53209 id_sim=0.57014 ssim=0.84414 0.65s
[combined] 004/020 loss=-4.58291 id_sim=0.46472 ssim=0.84412 0.68s
[combined] 005/020 loss=-5.53833 id_sim=0.36875 ssim=0.84376 0.66s
[combined] 006/020 loss=-6.76517 id_sim=0.24565 ssim=0.84268 0.69s
[combined] 007/020 loss=-7.58111 id_sim=0.16359 ssim=0.84160 0.69s
[combined] 008/020 loss=-8.04280 id_sim=0.11689 ssim=0.84097 0.65s
[combined] 009/020 loss=-8.51088 id_sim=0.06953 ssim=0.84053 0.64s
[combined] 010/020 loss=-8.89847 id_sim=0.03022 ssim=0.84000 0.65s
[combined] 011/020 loss=-9.24713 id_sim=-0.00516 ssim=0.83938 0.65s
[combined] 012/020 loss=-9.64056 id_sim=-0.04500 ssim=0.83867 0.66s
[combined] 013/020 loss=-10.02885 id_sim=-0.08428 ssim=0.83782 0.64s
[combined] 014/020 loss=-10.41574 id_sim=-0.12340 ssim=0.83685 0.68s
[combined] 015/020 loss=-10.80825 id_sim=-0.16306 ssim=0.83587 0.66s
[combined] 016/020 loss=-11.15615 id_sim=-0.19826 ssim=0.83491 0.65s
[combined] 017/020 loss=-11.48601 id_sim=-0.23166 ssim=0.83401 0.64s
[combined] 018/020 loss=-11.79384 id_sim=-0.26285 ssim=0.83321 0.63s
[combined] 019/020 loss=-12.09649 id_sim=-0.29350 ssim=0.83250 0.66s
[combined] 020/020 loss=-12.38733 id_sim=-0.32295 ssim=0.83185 0.65s

Loading pipeline components...:   0%|          | 0/6 [00:00<?, ?it/s][0;93m2026-07-20 22:44:43.802022079 [W:onnxruntime:Default, device_discovery.cc:164 DiscoverDevicesForPlatform] GPU device discovery failed: device_discovery.cc:89 ReadFileContents Failed to open file: "/sys/class/drm/card0/device/vendor"[m


Loading weights:   0%|          | 0/196 [00:00<?, ?it/s][A

Loading weights:  82%|████████▏ | 161/196 [00:00<00:00, 1609.50it/s][A
Loading weights: 100%|██████████| 196/196 [00:00<00:00, 1648.86it/s]

Loading pipeline components...:  17%|█▋        | 1/6 [00:00<00:02,  2.09it/s]
Loading pipeline components...:  50%|█████     | 3/6 [00:01<00:01,  2.20it/s]
Loading pipeline components...:  67%|██████▋   | 4/6 [00:05<00:03,  1.67s/it]
Loading pipeline components...:  83%|████████▎ | 5/6 [00:05<00:01,  1.21s/it]
Loading pipeline components...: 100%|██████████| 6/6 [00:05<00:00,  1.07it/s]
Loading FACE4 ArcFace from /home/interns/Desktop/parth_cleanup/face4 with checkpoint /home/interns/Desktop/parth_cleanup/face4/models/arcface/iresnet100.pth
{
  "status": "complete",
  "face_id": "image_4",
  "prompt": "Add a red scarf",
  "warp_type": "bspline+bezier+laplacian",
  "warp_components": [
    "bspline",
    "bezier",
    "laplacian"
  ],
  "modes": [
    "combined"
  ],
  "mode_summaries": [
    {
      "mode": "combined",
      "best_iter": 19,
      "best_loss": -12.38732624053955,
      "iterations": 20,
      "mean_seconds_iter": 0.6415226778946816,
      "peak_vram_gb": 6.716261863708496,
      "replay_images": {
        "vae_reconstruction": "/home/interns/Desktop/amit_code/targeted_experiments/geometry_family_attribution/image4_red_scarf/combined_bspline_bezier_laplacian/combined/vae_reconstruction.png",
        "learned_delta_only": "/home/interns/Desktop/amit_code/targeted_experiments/geometry_family_attribution/image4_red_scarf/combined_bspline_bezier_laplacian/combined/learned_delta_only.png",
        "learned_geometry_on_original": "/home/interns/Desktop/amit_code/targeted_experiments/geometry_family_attribution/image4_red_scarf/combined_bspline_bezier_laplacian/combined/learned_geometry_on_original.png",
        "learned_geometry_on_reconstruction": "/home/interns/Desktop/amit_code/targeted_experiments/geometry_family_attribution/image4_red_scarf/combined_bspline_bezier_laplacian/combined/learned_geometry_on_reconstruction.png",
        "learned_combined": "/home/interns/Desktop/amit_code/targeted_experiments/geometry_family_attribution/image4_red_scarf/combined_bspline_bezier_laplacian/combined/learned_combined.png",
        "geometry_then_vae_reconstruction": "/home/interns/Desktop/amit_code/targeted_experiments/geometry_family_attribution/image4_red_scarf/combined_bspline_bezier_laplacian/combined/geometry_then_vae_reconstruction.png"
      }
    }
  ],
  "num_stage_edits": 9,
  "output_root": "/home/interns/Desktop/amit_code/targeted_experiments/geometry_family_attribution/image4_red_scarf/combined_bspline_bezier_laplacian"
}
