/home/interns/.local/lib/python3.10/site-packages/huggingface_hub/utils/_validators.py:205: UserWarning: The `local_dir_use_symlinks` argument is deprecated and ignored in `hf_hub_download`. Downloading to a local directory does not use symlinks anymore.
  warnings.warn(
/home/interns/Desktop/parth_cleanup/face4/face4/models/arcface.py:75: FutureWarning: You are using `torch.load` with `weights_only=False` (the current default value), which uses the default pickle module implicitly. It is possible to construct malicious pickle data which will execute arbitrary code during unpickling (See https://github.com/pytorch/pytorch/blob/main/SECURITY.md#untrusted-models for more details). In a future release, the default value for `weights_only` will be flipped to `True`. This limits the functions that could be executed during unpickling. Arbitrary objects will no longer be allowed to be loaded via this mode unless they are explicitly allowlisted by the user via `torch.serialization.add_safe_globals`. We recommend you start setting `weights_only=True` for any use case where you don't have full control of the loaded file. Please open an issue on GitHub for any issues related to this experimental feature.
  payload = torch.load(self.checkpoint_path, map_location="cpu")
/home/interns/Desktop/parth_cleanup/face4/face4/models/iresnet.py:98: FutureWarning: `torch.cuda.amp.autocast(args...)` is deprecated. Please use `torch.amp.autocast('cuda', args...)` instead.
  with torch.cuda.amp.autocast(enabled=self.fp16):
Loading InstructPix2Pix VAE from 'timbrooks/instruct-pix2pix' ...
  ✓ InstructPix2Pix VAE loaded.
Loading FACE4 ArcFace from /home/interns/Desktop/parth_cleanup/face4 with checkpoint /home/interns/Desktop/parth_cleanup/face4/models/arcface/iresnet100.pth
[combined] 001/020 loss=0.18638 id_sim=0.94208 ssim=0.84190 0.52s
[combined] 002/020 loss=-1.98172 id_sim=0.72546 ssim=0.84303 0.37s
[combined] 003/020 loss=-3.54003 id_sim=0.56950 ssim=0.84302 0.63s
[combined] 004/020 loss=-4.60339 id_sim=0.46287 ssim=0.84261 0.62s
[combined] 005/020 loss=-5.78605 id_sim=0.34422 ssim=0.84196 0.62s
[combined] 006/020 loss=-6.94937 id_sim=0.22745 ssim=0.84113 0.63s
[combined] 007/020 loss=-7.65907 id_sim=0.15600 ssim=0.84033 0.64s
[combined] 008/020 loss=-8.18640 id_sim=0.10276 ssim=0.83949 0.62s
[combined] 009/020 loss=-8.66449 id_sim=0.05441 ssim=0.83863 0.63s
[combined] 010/020 loss=-9.09341 id_sim=0.01100 ssim=0.83774 0.62s
[combined] 011/020 loss=-9.50568 id_sim=-0.03073 ssim=0.83689 0.63s
[combined] 012/020 loss=-9.92504 id_sim=-0.07317 ssim=0.83602 0.63s
[combined] 013/020 loss=-10.28982 id_sim=-0.11014 ssim=0.83514 0.63s
[combined] 014/020 loss=-10.63971 id_sim=-0.14561 ssim=0.83424 0.62s
[combined] 015/020 loss=-11.00011 id_sim=-0.18213 ssim=0.83332 0.62s
[combined] 016/020 loss=-11.32045 id_sim=-0.21464 ssim=0.83242 0.63s
[combined] 017/020 loss=-11.62970 id_sim=-0.24602 ssim=0.83154 0.62s
[combined] 018/020 loss=-11.94042 id_sim=-0.27752 ssim=0.83067 0.64s
[combined] 019/020 loss=-12.22909 id_sim=-0.30681 ssim=0.82981 0.62s
[combined] 020/020 loss=-12.50367 id_sim=-0.33467 ssim=0.82899 0.64s

Loading pipeline components...:   0%|          | 0/6 [00:00<?, ?it/s][0;93m2026-07-20 22:33:35.296239925 [W:onnxruntime:Default, device_discovery.cc:164 DiscoverDevicesForPlatform] GPU device discovery failed: device_discovery.cc:89 ReadFileContents Failed to open file: "/sys/class/drm/card0/device/vendor"[m

Loading pipeline components...:  17%|█▋        | 1/6 [00:04<00:20,  4.10s/it]
Loading pipeline components...:  33%|███▎      | 2/6 [00:04<00:07,  1.83s/it]

Loading weights:   0%|          | 0/196 [00:00<?, ?it/s][A

Loading weights:  69%|██████▉   | 136/196 [00:00<00:00, 1217.02it/s][A
Loading weights: 100%|██████████| 196/196 [00:00<00:00, 1455.72it/s]

Loading pipeline components...:  83%|████████▎ | 5/6 [00:04<00:00,  1.60it/s]
Loading pipeline components...: 100%|██████████| 6/6 [00:05<00:00,  1.46it/s]
Loading pipeline components...: 100%|██████████| 6/6 [00:05<00:00,  1.06it/s]
Loading FACE4 ArcFace from /home/interns/Desktop/parth_cleanup/face4 with checkpoint /home/interns/Desktop/parth_cleanup/face4/models/arcface/iresnet100.pth
{
  "status": "complete",
  "face_id": "image_4",
  "prompt": "Add a red scarf",
  "warp_type": "bspline",
  "warp_components": [
    "bspline"
  ],
  "modes": [
    "combined"
  ],
  "mode_summaries": [
    {
      "mode": "combined",
      "best_iter": 19,
      "best_loss": -12.503669738769531,
      "iterations": 20,
      "mean_seconds_iter": 0.608583670295775,
      "peak_vram_gb": 6.495820999145508,
      "replay_images": {
        "vae_reconstruction": "/home/interns/Desktop/amit_code/targeted_experiments/geometry_family_attribution/image4_red_scarf/combined_bspline/combined/vae_reconstruction.png",
        "learned_delta_only": "/home/interns/Desktop/amit_code/targeted_experiments/geometry_family_attribution/image4_red_scarf/combined_bspline/combined/learned_delta_only.png",
        "learned_geometry_on_original": "/home/interns/Desktop/amit_code/targeted_experiments/geometry_family_attribution/image4_red_scarf/combined_bspline/combined/learned_geometry_on_original.png",
        "learned_geometry_on_reconstruction": "/home/interns/Desktop/amit_code/targeted_experiments/geometry_family_attribution/image4_red_scarf/combined_bspline/combined/learned_geometry_on_reconstruction.png",
        "learned_combined": "/home/interns/Desktop/amit_code/targeted_experiments/geometry_family_attribution/image4_red_scarf/combined_bspline/combined/learned_combined.png",
        "geometry_then_vae_reconstruction": "/home/interns/Desktop/amit_code/targeted_experiments/geometry_family_attribution/image4_red_scarf/combined_bspline/combined/geometry_then_vae_reconstruction.png"
      }
    }
  ],
  "num_stage_edits": 9,
  "output_root": "/home/interns/Desktop/amit_code/targeted_experiments/geometry_family_attribution/image4_red_scarf/combined_bspline"
}
