/home/interns/.local/lib/python3.10/site-packages/huggingface_hub/utils/_validators.py:205: UserWarning: The `local_dir_use_symlinks` argument is deprecated and ignored in `hf_hub_download`. Downloading to a local directory does not use symlinks anymore.
  warnings.warn(
/home/interns/Desktop/parth_cleanup/face4/face4/models/arcface.py:75: FutureWarning: You are using `torch.load` with `weights_only=False` (the current default value), which uses the default pickle module implicitly. It is possible to construct malicious pickle data which will execute arbitrary code during unpickling (See https://github.com/pytorch/pytorch/blob/main/SECURITY.md#untrusted-models for more details). In a future release, the default value for `weights_only` will be flipped to `True`. This limits the functions that could be executed during unpickling. Arbitrary objects will no longer be allowed to be loaded via this mode unless they are explicitly allowlisted by the user via `torch.serialization.add_safe_globals`. We recommend you start setting `weights_only=True` for any use case where you don't have full control of the loaded file. Please open an issue on GitHub for any issues related to this experimental feature.
  payload = torch.load(self.checkpoint_path, map_location="cpu")
/home/interns/Desktop/parth_cleanup/face4/face4/models/iresnet.py:98: FutureWarning: `torch.cuda.amp.autocast(args...)` is deprecated. Please use `torch.amp.autocast('cuda', args...)` instead.
  with torch.cuda.amp.autocast(enabled=self.fp16):
Loading InstructPix2Pix VAE from 'timbrooks/instruct-pix2pix' ...
  ✓ InstructPix2Pix VAE loaded.
Loading FACE4 ArcFace from /home/interns/Desktop/parth_cleanup/face4 with checkpoint /home/interns/Desktop/parth_cleanup/face4/models/arcface/iresnet100.pth
[geometry_only_original] 001/020 loss=-0.00000 id_sim=1.00000 ssim=1.00000 0.41s
[geometry_only_original] 002/020 loss=0.00472 id_sim=0.99839 ssim=0.98795 0.23s
[geometry_only_original] 003/020 loss=-0.02055 id_sim=0.99426 ssim=0.98581 0.26s
[geometry_only_original] 004/020 loss=-0.06023 id_sim=0.98775 ssim=0.98243 0.22s
[geometry_only_original] 005/020 loss=-0.10861 id_sim=0.97950 ssim=0.97635 0.20s
[geometry_only_original] 006/020 loss=-0.17073 id_sim=0.96861 ssim=0.96714 0.19s
[geometry_only_original] 007/020 loss=-0.23056 id_sim=0.95696 ssim=0.95593 0.20s
[geometry_only_original] 008/020 loss=-0.27714 id_sim=0.94664 ssim=0.94452 0.25s
[geometry_only_original] 009/020 loss=-0.32195 id_sim=0.93659 ssim=0.93283 0.20s
[geometry_only_original] 010/020 loss=-0.35566 id_sim=0.92786 ssim=0.92170 0.21s
[geometry_only_original] 011/020 loss=-0.37950 id_sim=0.92196 ssim=0.91456 0.20s
[geometry_only_original] 012/020 loss=-0.41431 id_sim=0.91561 ssim=0.90803 0.22s
[geometry_only_original] 013/020 loss=-0.44804 id_sim=0.90983 ssim=0.90246 0.22s
[geometry_only_original] 014/020 loss=-0.47846 id_sim=0.90423 ssim=0.89664 0.22s
[geometry_only_original] 015/020 loss=-0.49124 id_sim=0.90047 ssim=0.89049 0.22s
[geometry_only_original] 016/020 loss=-0.50896 id_sim=0.89756 ssim=0.88739 0.22s
[geometry_only_original] 017/020 loss=-0.51031 id_sim=0.89678 ssim=0.88574 0.22s
[geometry_only_original] 018/020 loss=-0.51197 id_sim=0.89642 ssim=0.88527 0.21s
[geometry_only_original] 019/020 loss=-0.51708 id_sim=0.89577 ssim=0.88499 0.23s
[geometry_only_original] 020/020 loss=-0.52500 id_sim=0.89496 ssim=0.88505 0.22s
[geometry_only_reconstruction] 001/020 loss=0.18643 id_sim=0.94208 ssim=0.84190 0.21s
[geometry_only_reconstruction] 002/020 loss=0.19276 id_sim=0.94139 ssim=0.84383 0.22s
[geometry_only_reconstruction] 003/020 loss=0.16706 id_sim=0.93731 ssim=0.84656 0.22s
[geometry_only_reconstruction] 004/020 loss=0.13927 id_sim=0.93220 ssim=0.84733 0.22s
[geometry_only_reconstruction] 005/020 loss=0.10827 id_sim=0.92586 ssim=0.84710 0.21s
[geometry_only_reconstruction] 006/020 loss=0.10088 id_sim=0.92155 ssim=0.84625 0.19s
[geometry_only_reconstruction] 007/020 loss=0.10128 id_sim=0.91921 ssim=0.84574 0.19s
[geometry_only_reconstruction] 008/020 loss=0.10178 id_sim=0.91899 ssim=0.84591 0.20s
[geometry_only_reconstruction] 009/020 loss=0.09536 id_sim=0.91917 ssim=0.84621 0.20s
[geometry_only_reconstruction] 010/020 loss=0.09438 id_sim=0.92024 ssim=0.84628 0.19s
[geometry_only_reconstruction] 011/020 loss=0.09891 id_sim=0.92120 ssim=0.84537 0.23s
[geometry_only_reconstruction] 012/020 loss=0.10111 id_sim=0.92178 ssim=0.84458 0.23s
[geometry_only_reconstruction] 013/020 loss=0.09932 id_sim=0.92181 ssim=0.84409 0.23s
[geometry_only_reconstruction] 014/020 loss=0.09521 id_sim=0.92151 ssim=0.84384 0.23s
[geometry_only_reconstruction] 015/020 loss=0.08911 id_sim=0.92106 ssim=0.84393 0.23s
[geometry_only_reconstruction] 016/020 loss=0.08204 id_sim=0.92054 ssim=0.84437 0.22s
[geometry_only_reconstruction] 017/020 loss=0.07559 id_sim=0.92013 ssim=0.84495 0.23s
[geometry_only_reconstruction] 018/020 loss=0.07793 id_sim=0.92052 ssim=0.84583 0.21s
[geometry_only_reconstruction] 019/020 loss=0.08150 id_sim=0.92082 ssim=0.84686 0.23s
[geometry_only_reconstruction] 020/020 loss=0.08016 id_sim=0.92069 ssim=0.84720 0.22s

Loading pipeline components...:   0%|          | 0/6 [00:00<?, ?it/s][0;93m2026-07-20 22:31:40.591819603 [W:onnxruntime:Default, device_discovery.cc:164 DiscoverDevicesForPlatform] GPU device discovery failed: device_discovery.cc:89 ReadFileContents Failed to open file: "/sys/class/drm/card0/device/vendor"[m

Loading pipeline components...:  17%|█▋        | 1/6 [00:00<00:03,  1.30it/s]
Loading pipeline components...:  50%|█████     | 3/6 [00:01<00:00,  3.28it/s]

Loading weights:   0%|          | 0/196 [00:00<?, ?it/s][A

Loading weights:  73%|███████▎  | 144/196 [00:00<00:00, 1414.67it/s][A
Loading weights: 100%|██████████| 196/196 [00:00<00:00, 1455.00it/s]

Loading pipeline components...:  83%|████████▎ | 5/6 [00:01<00:00,  3.81it/s]
Loading pipeline components...: 100%|██████████| 6/6 [00:04<00:00,  1.02it/s]
Loading pipeline components...: 100%|██████████| 6/6 [00:04<00:00,  1.35it/s]
Loading FACE4 ArcFace from /home/interns/Desktop/parth_cleanup/face4 with checkpoint /home/interns/Desktop/parth_cleanup/face4/models/arcface/iresnet100.pth
{
  "status": "complete",
  "face_id": "image_4",
  "prompt": "Add a red scarf",
  "warp_type": "homography",
  "warp_components": [
    "homography"
  ],
  "modes": [
    "geometry_only_original",
    "geometry_only_reconstruction"
  ],
  "mode_summaries": [
    {
      "mode": "geometry_only_original",
      "best_iter": 19,
      "best_loss": -0.5250028371810913,
      "iterations": 20,
      "mean_seconds_iter": 0.22858212115243076,
      "peak_vram_gb": 0.750432014465332,
      "replay_images": {
        "vae_reconstruction": "/home/interns/Desktop/amit_code/targeted_experiments/geometry_family_attribution/image4_red_scarf/single_homography/geometry_only_original/vae_reconstruction.png",
        "learned_delta_only": "/home/interns/Desktop/amit_code/targeted_experiments/geometry_family_attribution/image4_red_scarf/single_homography/geometry_only_original/learned_delta_only.png",
        "learned_geometry_on_original": "/home/interns/Desktop/amit_code/targeted_experiments/geometry_family_attribution/image4_red_scarf/single_homography/geometry_only_original/learned_geometry_on_original.png",
        "learned_geometry_on_reconstruction": "/home/interns/Desktop/amit_code/targeted_experiments/geometry_family_attribution/image4_red_scarf/single_homography/geometry_only_original/learned_geometry_on_reconstruction.png",
        "learned_combined": "/home/interns/Desktop/amit_code/targeted_experiments/geometry_family_attribution/image4_red_scarf/single_homography/geometry_only_original/learned_combined.png",
        "geometry_then_vae_reconstruction": "/home/interns/Desktop/amit_code/targeted_experiments/geometry_family_attribution/image4_red_scarf/single_homography/geometry_only_original/geometry_then_vae_reconstruction.png"
      }
    },
    {
      "mode": "geometry_only_reconstruction",
      "best_iter": 16,
      "best_loss": 0.07558535039424896,
      "iterations": 20,
      "mean_seconds_iter": 0.2152673070318997,
      "peak_vram_gb": 0.750432014465332,
      "replay_images": {
        "vae_reconstruction": "/home/interns/Desktop/amit_code/targeted_experiments/geometry_family_attribution/image4_red_scarf/single_homography/geometry_only_reconstruction/vae_reconstruction.png",
        "learned_delta_only": "/home/interns/Desktop/amit_code/targeted_experiments/geometry_family_attribution/image4_red_scarf/single_homography/geometry_only_reconstruction/learned_delta_only.png",
        "learned_geometry_on_original": "/home/interns/Desktop/amit_code/targeted_experiments/geometry_family_attribution/image4_red_scarf/single_homography/geometry_only_reconstruction/learned_geometry_on_original.png",
        "learned_geometry_on_reconstruction": "/home/interns/Desktop/amit_code/targeted_experiments/geometry_family_attribution/image4_red_scarf/single_homography/geometry_only_reconstruction/learned_geometry_on_reconstruction.png",
        "learned_combined": "/home/interns/Desktop/amit_code/targeted_experiments/geometry_family_attribution/image4_red_scarf/single_homography/geometry_only_reconstruction/learned_combined.png",
        "geometry_then_vae_reconstruction": "/home/interns/Desktop/amit_code/targeted_experiments/geometry_family_attribution/image4_red_scarf/single_homography/geometry_only_reconstruction/geometry_then_vae_reconstruction.png"
      }
    }
  ],
  "num_stage_edits": 15,
  "output_root": "/home/interns/Desktop/amit_code/targeted_experiments/geometry_family_attribution/image4_red_scarf/single_homography"
}
