/home/interns/.local/lib/python3.10/site-packages/huggingface_hub/utils/_validators.py:205: UserWarning: The `local_dir_use_symlinks` argument is deprecated and ignored in `hf_hub_download`. Downloading to a local directory does not use symlinks anymore.
  warnings.warn(
/home/interns/Desktop/parth_cleanup/face4/face4/models/arcface.py:75: FutureWarning: You are using `torch.load` with `weights_only=False` (the current default value), which uses the default pickle module implicitly. It is possible to construct malicious pickle data which will execute arbitrary code during unpickling (See https://github.com/pytorch/pytorch/blob/main/SECURITY.md#untrusted-models for more details). In a future release, the default value for `weights_only` will be flipped to `True`. This limits the functions that could be executed during unpickling. Arbitrary objects will no longer be allowed to be loaded via this mode unless they are explicitly allowlisted by the user via `torch.serialization.add_safe_globals`. We recommend you start setting `weights_only=True` for any use case where you don't have full control of the loaded file. Please open an issue on GitHub for any issues related to this experimental feature.
  payload = torch.load(self.checkpoint_path, map_location="cpu")
/home/interns/Desktop/parth_cleanup/face4/face4/models/iresnet.py:98: FutureWarning: `torch.cuda.amp.autocast(args...)` is deprecated. Please use `torch.amp.autocast('cuda', args...)` instead.
  with torch.cuda.amp.autocast(enabled=self.fp16):
Loading InstructPix2Pix VAE from 'timbrooks/instruct-pix2pix' ...
  ✓ InstructPix2Pix VAE loaded.
Loading FACE4 ArcFace from /home/interns/Desktop/parth_cleanup/face4 with checkpoint /home/interns/Desktop/parth_cleanup/face4/models/arcface/iresnet100.pth
[combined] 001/020 loss=0.18662 id_sim=0.94210 ssim=0.84190 0.49s
[combined] 002/020 loss=-0.91829 id_sim=0.76133 ssim=0.78701 0.41s
[combined] 003/020 loss=-2.69063 id_sim=0.58903 ssim=0.79005 0.65s
[combined] 004/020 loss=-3.96960 id_sim=0.47845 ssim=0.80851 0.67s
[combined] 005/020 loss=-4.93386 id_sim=0.41340 ssim=0.84175 0.62s
[combined] 006/020 loss=-5.33085 id_sim=0.34569 ssim=0.81681 0.64s
[combined] 007/020 loss=-5.98426 id_sim=0.27097 ssim=0.80691 0.64s
[combined] 008/020 loss=-6.88331 id_sim=0.18532 ssim=0.80949 0.62s
[combined] 009/020 loss=-7.61459 id_sim=0.12526 ssim=0.81892 0.63s
[combined] 010/020 loss=-8.08531 id_sim=0.09662 ssim=0.83403 0.62s
[combined] 011/020 loss=-8.31615 id_sim=0.06487 ssim=0.83293 0.63s
[combined] 012/020 loss=-8.36111 id_sim=0.03539 ssim=0.81192 0.65s
[combined] 013/020 loss=-8.61246 id_sim=0.00558 ssim=0.80684 0.64s
[combined] 014/020 loss=-9.04024 id_sim=-0.02722 ssim=0.81675 0.64s
[combined] 015/020 loss=-9.57222 id_sim=-0.05898 ssim=0.83352 0.67s
[combined] 016/020 loss=-9.94900 id_sim=-0.09126 ssim=0.83373 0.65s
[combined] 017/020 loss=-10.29898 id_sim=-0.12942 ssim=0.82924 0.64s
[combined] 018/020 loss=-10.67633 id_sim=-0.16666 ssim=0.82824 0.64s
[combined] 019/020 loss=-11.00017 id_sim=-0.19565 ssim=0.83049 0.64s
[combined] 020/020 loss=-11.20718 id_sim=-0.21878 ssim=0.82990 0.64s

Loading pipeline components...:   0%|          | 0/6 [00:00<?, ?it/s][0;93m2026-07-20 22:39:23.257575587 [W:onnxruntime:Default, device_discovery.cc:164 DiscoverDevicesForPlatform] GPU device discovery failed: device_discovery.cc:89 ReadFileContents Failed to open file: "/sys/class/drm/card0/device/vendor"[m

Loading pipeline components...:  17%|█▋        | 1/6 [00:03<00:19,  3.88s/it]

Loading weights:   0%|          | 0/196 [00:00<?, ?it/s][A

Loading weights:  81%|████████  | 158/196 [00:00<00:00, 1574.19it/s][A
Loading weights: 100%|██████████| 196/196 [00:00<00:00, 1681.32it/s]

Loading pipeline components...:  33%|███▎      | 2/6 [00:04<00:07,  1.82s/it]
Loading pipeline components...:  67%|██████▋   | 4/6 [00:04<00:01,  1.36it/s]
Loading pipeline components...: 100%|██████████| 6/6 [00:05<00:00,  1.70it/s]
Loading pipeline components...: 100%|██████████| 6/6 [00:05<00:00,  1.14it/s]
Loading FACE4 ArcFace from /home/interns/Desktop/parth_cleanup/face4 with checkpoint /home/interns/Desktop/parth_cleanup/face4/models/arcface/iresnet100.pth
{
  "status": "complete",
  "face_id": "image_4",
  "prompt": "Add a red scarf",
  "warp_type": "bspline+lens",
  "warp_components": [
    "bspline",
    "lens"
  ],
  "modes": [
    "combined"
  ],
  "mode_summaries": [
    {
      "mode": "combined",
      "best_iter": 19,
      "best_loss": -11.207175254821777,
      "iterations": 20,
      "mean_seconds_iter": 0.6217284424230456,
      "peak_vram_gb": 6.507429599761963,
      "replay_images": {
        "vae_reconstruction": "/home/interns/Desktop/amit_code/targeted_experiments/geometry_family_attribution/image4_red_scarf/combined_bspline_lens/combined/vae_reconstruction.png",
        "learned_delta_only": "/home/interns/Desktop/amit_code/targeted_experiments/geometry_family_attribution/image4_red_scarf/combined_bspline_lens/combined/learned_delta_only.png",
        "learned_geometry_on_original": "/home/interns/Desktop/amit_code/targeted_experiments/geometry_family_attribution/image4_red_scarf/combined_bspline_lens/combined/learned_geometry_on_original.png",
        "learned_geometry_on_reconstruction": "/home/interns/Desktop/amit_code/targeted_experiments/geometry_family_attribution/image4_red_scarf/combined_bspline_lens/combined/learned_geometry_on_reconstruction.png",
        "learned_combined": "/home/interns/Desktop/amit_code/targeted_experiments/geometry_family_attribution/image4_red_scarf/combined_bspline_lens/combined/learned_combined.png",
        "geometry_then_vae_reconstruction": "/home/interns/Desktop/amit_code/targeted_experiments/geometry_family_attribution/image4_red_scarf/combined_bspline_lens/combined/geometry_then_vae_reconstruction.png"
      }
    }
  ],
  "num_stage_edits": 9,
  "output_root": "/home/interns/Desktop/amit_code/targeted_experiments/geometry_family_attribution/image4_red_scarf/combined_bspline_lens"
}
