/home/interns/.local/lib/python3.10/site-packages/huggingface_hub/utils/_validators.py:205: UserWarning: The `local_dir_use_symlinks` argument is deprecated and ignored in `hf_hub_download`. Downloading to a local directory does not use symlinks anymore.
  warnings.warn(
/home/interns/Desktop/parth_cleanup/face4/face4/models/arcface.py:75: FutureWarning: You are using `torch.load` with `weights_only=False` (the current default value), which uses the default pickle module implicitly. It is possible to construct malicious pickle data which will execute arbitrary code during unpickling (See https://github.com/pytorch/pytorch/blob/main/SECURITY.md#untrusted-models for more details). In a future release, the default value for `weights_only` will be flipped to `True`. This limits the functions that could be executed during unpickling. Arbitrary objects will no longer be allowed to be loaded via this mode unless they are explicitly allowlisted by the user via `torch.serialization.add_safe_globals`. We recommend you start setting `weights_only=True` for any use case where you don't have full control of the loaded file. Please open an issue on GitHub for any issues related to this experimental feature.
  payload = torch.load(self.checkpoint_path, map_location="cpu")
/home/interns/Desktop/parth_cleanup/face4/face4/models/iresnet.py:98: FutureWarning: `torch.cuda.amp.autocast(args...)` is deprecated. Please use `torch.amp.autocast('cuda', args...)` instead.
  with torch.cuda.amp.autocast(enabled=self.fp16):
Loading InstructPix2Pix VAE from 'timbrooks/instruct-pix2pix' ...
  ✓ InstructPix2Pix VAE loaded.
Loading FACE4 ArcFace from /home/interns/Desktop/parth_cleanup/face4 with checkpoint /home/interns/Desktop/parth_cleanup/face4/models/arcface/iresnet100.pth
[combined] 001/020 loss=0.26384 id_sim=0.94061 ssim=0.82395 0.57s
[combined] 002/020 loss=-1.38209 id_sim=0.77585 ssim=0.82728 0.39s
[combined] 003/020 loss=-2.36995 id_sim=0.67665 ssim=0.82850 0.61s
[combined] 004/020 loss=-3.23299 id_sim=0.58993 ssim=0.82856 0.63s
[combined] 005/020 loss=-4.07253 id_sim=0.50547 ssim=0.82789 0.62s
[combined] 006/020 loss=-4.87502 id_sim=0.42456 ssim=0.82673 0.64s
[combined] 007/020 loss=-5.62622 id_sim=0.34867 ssim=0.82531 0.66s
[combined] 008/020 loss=-6.26283 id_sim=0.28414 ssim=0.82363 0.63s
[combined] 009/020 loss=-6.81601 id_sim=0.22791 ssim=0.82186 0.66s
[combined] 010/020 loss=-7.24797 id_sim=0.18383 ssim=0.82016 0.62s
[combined] 011/020 loss=-7.67633 id_sim=0.14010 ssim=0.81851 0.64s
[combined] 012/020 loss=-8.06022 id_sim=0.10080 ssim=0.81683 0.64s
[combined] 013/020 loss=-8.39284 id_sim=0.06665 ssim=0.81530 0.65s
[combined] 014/020 loss=-8.70487 id_sim=0.03460 ssim=0.81389 0.67s
[combined] 015/020 loss=-9.02677 id_sim=0.00159 ssim=0.81259 0.63s
[combined] 016/020 loss=-9.33691 id_sim=-0.03022 ssim=0.81131 0.62s
[combined] 017/020 loss=-9.63364 id_sim=-0.06067 ssim=0.81005 0.66s
[combined] 018/020 loss=-9.94689 id_sim=-0.09273 ssim=0.80880 0.65s
[combined] 019/020 loss=-10.26406 id_sim=-0.12513 ssim=0.80752 0.64s
[combined] 020/020 loss=-10.57085 id_sim=-0.15647 ssim=0.80624 0.65s

Loading pipeline components...:   0%|          | 0/6 [00:00<?, ?it/s][0;93m2026-07-20 20:40:18.286162787 [W:onnxruntime:Default, device_discovery.cc:164 DiscoverDevicesForPlatform] GPU device discovery failed: device_discovery.cc:89 ReadFileContents Failed to open file: "/sys/class/drm/card0/device/vendor"[m

Loading pipeline components...:  17%|█▋        | 1/6 [00:00<00:04,  1.04it/s]
Loading pipeline components...:  33%|███▎      | 2/6 [00:01<00:02,  1.76it/s]
Loading pipeline components...:  67%|██████▋   | 4/6 [00:05<00:03,  1.53s/it]

Loading weights:   0%|          | 0/196 [00:00<?, ?it/s][A

Loading weights:  72%|███████▏  | 142/196 [00:00<00:00, 1407.01it/s][A
Loading weights: 100%|██████████| 196/196 [00:00<00:00, 1478.94it/s]

Loading pipeline components...: 100%|██████████| 6/6 [00:05<00:00,  1.10it/s]
Loading pipeline components...: 100%|██████████| 6/6 [00:05<00:00,  1.02it/s]
Loading FACE4 ArcFace from /home/interns/Desktop/parth_cleanup/face4 with checkpoint /home/interns/Desktop/parth_cleanup/face4/models/arcface/iresnet100.pth
{
  "status": "complete",
  "face_id": "image_2",
  "prompt": "Add a black jacket",
  "warp_type": "bspline+delaunay",
  "warp_components": [
    "bspline",
    "delaunay"
  ],
  "modes": [
    "combined"
  ],
  "mode_summaries": [
    {
      "mode": "combined",
      "best_iter": 19,
      "best_loss": -10.570846557617188,
      "iterations": 20,
      "mean_seconds_iter": 0.6242361574433744,
      "peak_vram_gb": 6.522196292877197,
      "replay_images": {
        "vae_reconstruction": "/home/interns/Desktop/amit_code/targeted_experiments/geometry_family_attribution/image2_black_jacket/combined_bspline_delaunay/combined/vae_reconstruction.png",
        "learned_delta_only": "/home/interns/Desktop/amit_code/targeted_experiments/geometry_family_attribution/image2_black_jacket/combined_bspline_delaunay/combined/learned_delta_only.png",
        "learned_geometry_on_original": "/home/interns/Desktop/amit_code/targeted_experiments/geometry_family_attribution/image2_black_jacket/combined_bspline_delaunay/combined/learned_geometry_on_original.png",
        "learned_geometry_on_reconstruction": "/home/interns/Desktop/amit_code/targeted_experiments/geometry_family_attribution/image2_black_jacket/combined_bspline_delaunay/combined/learned_geometry_on_reconstruction.png",
        "learned_combined": "/home/interns/Desktop/amit_code/targeted_experiments/geometry_family_attribution/image2_black_jacket/combined_bspline_delaunay/combined/learned_combined.png",
        "geometry_then_vae_reconstruction": "/home/interns/Desktop/amit_code/targeted_experiments/geometry_family_attribution/image2_black_jacket/combined_bspline_delaunay/combined/geometry_then_vae_reconstruction.png"
      }
    }
  ],
  "num_stage_edits": 9,
  "output_root": "/home/interns/Desktop/amit_code/targeted_experiments/geometry_family_attribution/image2_black_jacket/combined_bspline_delaunay"
}
