/home/interns/.local/lib/python3.10/site-packages/huggingface_hub/utils/_validators.py:205: UserWarning: The `local_dir_use_symlinks` argument is deprecated and ignored in `hf_hub_download`. Downloading to a local directory does not use symlinks anymore.
  warnings.warn(
/home/interns/Desktop/parth_cleanup/face4/face4/models/arcface.py:75: FutureWarning: You are using `torch.load` with `weights_only=False` (the current default value), which uses the default pickle module implicitly. It is possible to construct malicious pickle data which will execute arbitrary code during unpickling (See https://github.com/pytorch/pytorch/blob/main/SECURITY.md#untrusted-models for more details). In a future release, the default value for `weights_only` will be flipped to `True`. This limits the functions that could be executed during unpickling. Arbitrary objects will no longer be allowed to be loaded via this mode unless they are explicitly allowlisted by the user via `torch.serialization.add_safe_globals`. We recommend you start setting `weights_only=True` for any use case where you don't have full control of the loaded file. Please open an issue on GitHub for any issues related to this experimental feature.
  payload = torch.load(self.checkpoint_path, map_location="cpu")
/home/interns/Desktop/parth_cleanup/face4/face4/models/iresnet.py:98: FutureWarning: `torch.cuda.amp.autocast(args...)` is deprecated. Please use `torch.amp.autocast('cuda', args...)` instead.
  with torch.cuda.amp.autocast(enabled=self.fp16):
Loading InstructPix2Pix VAE from 'timbrooks/instruct-pix2pix' ...
  ✓ InstructPix2Pix VAE loaded.
Loading FACE4 ArcFace from /home/interns/Desktop/parth_cleanup/face4 with checkpoint /home/interns/Desktop/parth_cleanup/face4/models/arcface/iresnet100.pth
[geometry_only_original] 001/050 loss=0.00003 id_sim=1.00000 ssim=1.00000 0.31s
[geometry_only_original] 002/050 loss=0.33909 id_sim=0.97305 ssim=0.87020 0.22s
[geometry_only_original] 003/050 loss=0.02889 id_sim=0.95700 ssim=0.89947 0.24s
[geometry_only_original] 004/050 loss=0.07944 id_sim=0.94817 ssim=0.87258 0.25s
[geometry_only_original] 005/050 loss=-0.16070 id_sim=0.91319 ssim=0.84997 0.24s
[geometry_only_original] 006/050 loss=-0.29449 id_sim=0.89713 ssim=0.84534 0.24s
[geometry_only_original] 007/050 loss=-0.47232 id_sim=0.88179 ssim=0.85169 0.23s
[geometry_only_original] 008/050 loss=-0.98825 id_sim=0.83413 ssim=0.86183 0.23s
[geometry_only_original] 009/050 loss=-1.37170 id_sim=0.78742 ssim=0.84440 0.22s
[geometry_only_original] 010/050 loss=-1.70010 id_sim=0.74510 ssim=0.82435 0.22s
[geometry_only_original] 011/050 loss=-2.16070 id_sim=0.69549 ssim=0.81684 0.22s
[geometry_only_original] 012/050 loss=-2.52927 id_sim=0.65595 ssim=0.81127 0.25s
[geometry_only_original] 013/050 loss=-2.55731 id_sim=0.64497 ssim=0.79487 0.23s
[geometry_only_original] 014/050 loss=-2.57351 id_sim=0.63706 ssim=0.78184 0.24s
[geometry_only_original] 015/050 loss=-2.64742 id_sim=0.62719 ssim=0.77671 0.27s
[geometry_only_original] 016/050 loss=-2.76158 id_sim=0.61621 ssim=0.77747 0.24s
[geometry_only_original] 017/050 loss=-3.00802 id_sim=0.59264 ssim=0.77903 0.22s
[geometry_only_original] 018/050 loss=-3.28072 id_sim=0.56368 ssim=0.77508 0.25s
[geometry_only_original] 019/050 loss=-3.53116 id_sim=0.53672 ssim=0.77096 0.26s
[geometry_only_original] 020/050 loss=-3.70083 id_sim=0.51912 ssim=0.76974 0.24s
[geometry_only_original] 021/050 loss=-3.83785 id_sim=0.50614 ssim=0.77147 0.25s
[geometry_only_original] 022/050 loss=-3.88320 id_sim=0.50258 ssim=0.77400 0.22s
[geometry_only_original] 023/050 loss=-3.92296 id_sim=0.49895 ssim=0.77530 0.22s
[geometry_only_original] 024/050 loss=-4.00356 id_sim=0.49153 ssim=0.77694 0.22s
[geometry_only_original] 025/050 loss=-4.05537 id_sim=0.48886 ssim=0.78210 0.22s
[geometry_only_original] 026/050 loss=-4.15285 id_sim=0.48129 ssim=0.78631 0.23s
[geometry_only_original] 027/050 loss=-4.25896 id_sim=0.47238 ssim=0.78978 0.22s
[geometry_only_original] 028/050 loss=-4.33149 id_sim=0.46760 ssim=0.79513 0.22s
[geometry_only_original] 029/050 loss=-4.41063 id_sim=0.45960 ssim=0.79518 0.22s
[geometry_only_original] 030/050 loss=-4.47233 id_sim=0.45226 ssim=0.79277 0.24s
[geometry_only_original] 031/050 loss=-4.41069 id_sim=0.45739 ssim=0.79078 0.23s
[geometry_only_original] 032/050 loss=-4.39947 id_sim=0.45605 ssim=0.78586 0.21s
[geometry_only_original] 033/050 loss=-4.43941 id_sim=0.44980 ssim=0.78127 0.22s
[geometry_only_original] 034/050 loss=-4.50298 id_sim=0.44244 ssim=0.77927 0.23s
[geometry_only_original] 035/050 loss=-4.54377 id_sim=0.43830 ssim=0.77913 0.24s
[geometry_only_original] 036/050 loss=-4.51879 id_sim=0.44086 ssim=0.77912 0.23s
[geometry_only_original] 037/050 loss=-4.57960 id_sim=0.43484 ssim=0.77903 0.21s
[geometry_only_original] 038/050 loss=-4.70029 id_sim=0.42312 ssim=0.77955 0.23s
[geometry_only_original] 039/050 loss=-4.70167 id_sim=0.42379 ssim=0.78101 0.24s
[geometry_only_original] 040/050 loss=-4.70114 id_sim=0.42475 ssim=0.78275 0.25s
[geometry_only_original] 041/050 loss=-4.72215 id_sim=0.42394 ssim=0.78519 0.25s
[geometry_only_original] 042/050 loss=-4.75604 id_sim=0.42179 ssim=0.78749 0.25s
[geometry_only_original] 043/050 loss=-4.75054 id_sim=0.42314 ssim=0.78908 0.25s
[geometry_only_original] 044/050 loss=-4.74672 id_sim=0.42409 ssim=0.79039 0.24s
[geometry_only_original] 045/050 loss=-4.79376 id_sim=0.41934 ssim=0.79024 0.27s
[geometry_only_original] 046/050 loss=-4.89341 id_sim=0.41002 ssim=0.79164 0.22s
[geometry_only_original] 047/050 loss=-4.90898 id_sim=0.40871 ssim=0.79241 0.23s
[geometry_only_original] 048/050 loss=-4.88522 id_sim=0.41113 ssim=0.79281 0.22s
[geometry_only_original] 049/050 loss=-4.81575 id_sim=0.41895 ssim=0.79493 0.22s
[geometry_only_original] 050/050 loss=-4.92535 id_sim=0.40813 ssim=0.79545 0.21s
[geometry_only_reconstruction] 001/050 loss=0.18605 id_sim=0.94204 ssim=0.84190 0.23s
[geometry_only_reconstruction] 002/050 loss=0.62765 id_sim=0.92469 ssim=0.81406 0.21s
[geometry_only_reconstruction] 003/050 loss=0.60190 id_sim=0.91904 ssim=0.81704 0.21s
[geometry_only_reconstruction] 004/050 loss=0.31943 id_sim=0.90822 ssim=0.83796 0.22s
[geometry_only_reconstruction] 005/050 loss=0.09824 id_sim=0.90359 ssim=0.85104 0.22s
[geometry_only_reconstruction] 006/050 loss=0.15656 id_sim=0.90206 ssim=0.84433 0.22s
[geometry_only_reconstruction] 007/050 loss=0.16650 id_sim=0.90578 ssim=0.84527 0.21s
[geometry_only_reconstruction] 008/050 loss=0.08833 id_sim=0.90205 ssim=0.84771 0.26s
[geometry_only_reconstruction] 009/050 loss=0.00870 id_sim=0.89217 ssim=0.84520 0.25s
[geometry_only_reconstruction] 010/050 loss=-0.11473 id_sim=0.87850 ssim=0.84104 0.21s
[geometry_only_reconstruction] 011/050 loss=-0.12333 id_sim=0.87289 ssim=0.83664 0.22s
[geometry_only_reconstruction] 012/050 loss=-0.09258 id_sim=0.87179 ssim=0.83276 0.22s
[geometry_only_reconstruction] 013/050 loss=-0.11965 id_sim=0.86602 ssim=0.82955 0.21s
[geometry_only_reconstruction] 014/050 loss=0.03293 id_sim=0.88159 ssim=0.82864 0.24s
[geometry_only_reconstruction] 015/050 loss=0.02611 id_sim=0.88003 ssim=0.82740 0.24s
[geometry_only_reconstruction] 016/050 loss=-0.03621 id_sim=0.87622 ssim=0.82851 0.23s
[geometry_only_reconstruction] 017/050 loss=-0.06136 id_sim=0.87144 ssim=0.82937 0.24s
[geometry_only_reconstruction] 018/050 loss=-0.08263 id_sim=0.86740 ssim=0.82912 0.24s
[geometry_only_reconstruction] 019/050 loss=-0.20992 id_sim=0.85594 ssim=0.83068 0.24s
[geometry_only_reconstruction] 020/050 loss=-0.30008 id_sim=0.84461 ssim=0.82907 0.24s
[geometry_only_reconstruction] 021/050 loss=-0.30615 id_sim=0.84231 ssim=0.82910 0.24s
[geometry_only_reconstruction] 022/050 loss=-0.34597 id_sim=0.84111 ssim=0.83242 0.24s
[geometry_only_reconstruction] 023/050 loss=-0.32163 id_sim=0.84463 ssim=0.83449 0.25s
[geometry_only_reconstruction] 024/050 loss=-0.34552 id_sim=0.84247 ssim=0.83428 0.24s
[geometry_only_reconstruction] 025/050 loss=-0.40581 id_sim=0.83905 ssim=0.83457 0.24s
[geometry_only_reconstruction] 026/050 loss=-0.45158 id_sim=0.83377 ssim=0.83271 0.24s
[geometry_only_reconstruction] 027/050 loss=-0.48453 id_sim=0.82760 ssim=0.83028 0.23s
[geometry_only_reconstruction] 028/050 loss=-0.50716 id_sim=0.82546 ssim=0.82999 0.23s
[geometry_only_reconstruction] 029/050 loss=-0.54555 id_sim=0.82286 ssim=0.83015 0.24s
[geometry_only_reconstruction] 030/050 loss=-0.54402 id_sim=0.82252 ssim=0.82912 0.23s
[geometry_only_reconstruction] 031/050 loss=-0.59206 id_sim=0.81803 ssim=0.82944 0.24s
[geometry_only_reconstruction] 032/050 loss=-0.67892 id_sim=0.80946 ssim=0.82933 0.24s
[geometry_only_reconstruction] 033/050 loss=-0.65593 id_sim=0.81129 ssim=0.82900 0.23s
[geometry_only_reconstruction] 034/050 loss=-0.67572 id_sim=0.80856 ssim=0.82732 0.24s
[geometry_only_reconstruction] 035/050 loss=-0.77559 id_sim=0.79819 ssim=0.82612 0.24s
[geometry_only_reconstruction] 036/050 loss=-0.84720 id_sim=0.78964 ssim=0.82457 0.24s
[geometry_only_reconstruction] 037/050 loss=-0.83625 id_sim=0.78958 ssim=0.82319 0.25s
[geometry_only_reconstruction] 038/050 loss=-0.84632 id_sim=0.78746 ssim=0.82211 0.24s
[geometry_only_reconstruction] 039/050 loss=-0.84570 id_sim=0.78715 ssim=0.82284 0.24s
[geometry_only_reconstruction] 040/050 loss=-0.91728 id_sim=0.78125 ssim=0.82362 0.24s
[geometry_only_reconstruction] 041/050 loss=-0.91969 id_sim=0.78204 ssim=0.82312 0.25s
[geometry_only_reconstruction] 042/050 loss=-0.96650 id_sim=0.77849 ssim=0.82405 0.23s
[geometry_only_reconstruction] 043/050 loss=-1.04000 id_sim=0.77151 ssim=0.82590 0.24s
[geometry_only_reconstruction] 044/050 loss=-1.06671 id_sim=0.76880 ssim=0.82641 0.19s
[geometry_only_reconstruction] 045/050 loss=-1.10007 id_sim=0.76427 ssim=0.82558 0.23s
[geometry_only_reconstruction] 046/050 loss=-1.18636 id_sim=0.75511 ssim=0.82560 0.22s
[geometry_only_reconstruction] 047/050 loss=-1.20473 id_sim=0.75305 ssim=0.82618 0.23s
[geometry_only_reconstruction] 048/050 loss=-1.24980 id_sim=0.74792 ssim=0.82634 0.24s
[geometry_only_reconstruction] 049/050 loss=-1.21021 id_sim=0.75108 ssim=0.82658 0.24s
[geometry_only_reconstruction] 050/050 loss=-1.23782 id_sim=0.74865 ssim=0.82683 0.25s
[combined] 001/050 loss=0.18605 id_sim=0.94204 ssim=0.84190 0.29s
[combined] 002/050 loss=-0.36911 id_sim=0.82527 ssim=0.81407 0.28s
[combined] 003/050 loss=-1.83425 id_sim=0.68257 ssim=0.82154 0.38s
[combined] 004/050 loss=-3.60974 id_sim=0.52817 ssim=0.84162 0.38s
[combined] 005/050 loss=-4.69311 id_sim=0.43595 ssim=0.85098 0.41s
[combined] 006/050 loss=-5.23796 id_sim=0.37129 ssim=0.84554 0.41s
[combined] 007/050 loss=-5.96551 id_sim=0.29809 ssim=0.84621 0.41s
[combined] 008/050 loss=-6.74498 id_sim=0.22648 ssim=0.84939 0.41s
[combined] 009/050 loss=-7.19732 id_sim=0.17598 ssim=0.84338 0.38s
[combined] 010/050 loss=-7.56533 id_sim=0.13520 ssim=0.83845 0.40s
[combined] 011/050 loss=-7.96847 id_sim=0.09692 ssim=0.83941 0.41s
[combined] 012/050 loss=-8.38632 id_sim=0.06150 ssim=0.84371 0.39s
[combined] 013/050 loss=-8.71637 id_sim=0.03050 ssim=0.84302 0.38s
[combined] 014/050 loss=-8.96290 id_sim=0.00355 ssim=0.83990 0.41s
[combined] 015/050 loss=-9.29395 id_sim=-0.02669 ssim=0.84076 0.39s
[combined] 016/050 loss=-9.59864 id_sim=-0.05427 ssim=0.84217 0.40s
[combined] 017/050 loss=-9.85388 id_sim=-0.07973 ssim=0.84144 0.44s
[combined] 018/050 loss=-10.09843 id_sim=-0.10270 ssim=0.84087 0.41s
[combined] 019/050 loss=-10.31883 id_sim=-0.12635 ssim=0.83772 0.41s
[combined] 020/050 loss=-10.54180 id_sim=-0.15033 ssim=0.83507 0.41s
[combined] 021/050 loss=-10.79396 id_sim=-0.17349 ssim=0.83413 0.33s
[combined] 022/050 loss=-11.03636 id_sim=-0.19693 ssim=0.83308 0.34s
[combined] 023/050 loss=-11.26856 id_sim=-0.22052 ssim=0.83260 0.35s
[combined] 024/050 loss=-11.52876 id_sim=-0.24531 ssim=0.83332 0.34s
[combined] 025/050 loss=-11.75390 id_sim=-0.27035 ssim=0.83342 0.34s
[combined] 026/050 loss=-11.98755 id_sim=-0.29389 ssim=0.83410 0.39s
[combined] 027/050 loss=-12.24824 id_sim=-0.31735 ssim=0.83509 0.38s
[combined] 028/050 loss=-12.44685 id_sim=-0.34040 ssim=0.83320 0.39s
[combined] 029/050 loss=-12.65661 id_sim=-0.36362 ssim=0.83177 0.39s
[combined] 030/050 loss=-12.91664 id_sim=-0.38813 ssim=0.83314 0.41s
[combined] 031/050 loss=-13.17422 id_sim=-0.41100 ssim=0.83370 0.39s
[combined] 032/050 loss=-13.36636 id_sim=-0.43253 ssim=0.83157 0.40s
[combined] 033/050 loss=-13.56770 id_sim=-0.45484 ssim=0.82964 0.40s
[combined] 034/050 loss=-13.82659 id_sim=-0.47824 ssim=0.83025 0.38s
[combined] 035/050 loss=-14.06482 id_sim=-0.49838 ssim=0.82954 0.41s
[combined] 036/050 loss=-14.25242 id_sim=-0.51755 ssim=0.82806 0.40s
[combined] 037/050 loss=-14.43765 id_sim=-0.53677 ssim=0.82866 0.37s
[combined] 038/050 loss=-14.61659 id_sim=-0.55452 ssim=0.82795 0.42s
[combined] 039/050 loss=-14.76287 id_sim=-0.56971 ssim=0.82678 0.39s
[combined] 040/050 loss=-14.92307 id_sim=-0.58548 ssim=0.82615 0.40s
[combined] 041/050 loss=-15.05582 id_sim=-0.60088 ssim=0.82540 0.39s
[combined] 042/050 loss=-15.20506 id_sim=-0.61620 ssim=0.82373 0.40s
[combined] 043/050 loss=-15.37892 id_sim=-0.63162 ssim=0.82280 0.40s
[combined] 044/050 loss=-15.48944 id_sim=-0.64502 ssim=0.82089 0.39s
[combined] 045/050 loss=-15.59694 id_sim=-0.65750 ssim=0.82097 0.40s
[combined] 046/050 loss=-15.75302 id_sim=-0.67075 ssim=0.82282 0.41s
[combined] 047/050 loss=-15.88020 id_sim=-0.68181 ssim=0.82294 0.39s
[combined] 048/050 loss=-15.97799 id_sim=-0.69242 ssim=0.82283 0.41s
[combined] 049/050 loss=-16.09903 id_sim=-0.70381 ssim=0.82208 0.39s
[combined] 050/050 loss=-16.17876 id_sim=-0.71354 ssim=0.82152 0.40s

Loading pipeline components...:   0%|          | 0/6 [00:00<?, ?it/s][0;93m2026-07-20 23:58:07.898983188 [W:onnxruntime:Default, device_discovery.cc:164 DiscoverDevicesForPlatform] GPU device discovery failed: device_discovery.cc:89 ReadFileContents Failed to open file: "/sys/class/drm/card0/device/vendor"[m

Loading pipeline components...:  17%|█▋        | 1/6 [00:00<00:01,  4.79it/s]

Loading weights:   0%|          | 0/196 [00:00<?, ?it/s][A

Loading weights:  75%|███████▌  | 147/196 [00:00<00:00, 1469.41it/s][A
Loading weights: 100%|██████████| 196/196 [00:00<00:00, 1673.17it/s]

Loading pipeline components...:  33%|███▎      | 2/6 [00:00<00:01,  2.85it/s]
Loading pipeline components...:  83%|████████▎ | 5/6 [00:01<00:00,  3.50it/s]
Loading pipeline components...: 100%|██████████| 6/6 [00:05<00:00,  1.12s/it]
Loading pipeline components...: 100%|██████████| 6/6 [00:05<00:00,  1.20it/s]
Loading FACE4 ArcFace from /home/interns/Desktop/parth_cleanup/face4 with checkpoint /home/interns/Desktop/parth_cleanup/face4/models/arcface/iresnet100.pth
{
  "status": "complete",
  "face_id": "image_4",
  "prompt": "Add a red scarf",
  "warp_type": "all",
  "warp_components": [
    "bspline",
    "polar",
    "bezier",
    "lens",
    "mobius",
    "laplacian",
    "geodesic",
    "diffgeom",
    "delaunay",
    "tps",
    "rolling",
    "fft",
    "homography"
  ],
  "modes": [
    "geometry_only_original",
    "geometry_only_reconstruction",
    "combined"
  ],
  "mode_summaries": [
    {
      "mode": "geometry_only_original",
      "best_iter": 49,
      "best_loss": -4.92534875869751,
      "iterations": 50,
      "mean_seconds_iter": 0.23524731706827878,
      "peak_vram_gb": 2.769087314605713,
      "replay_images": {
        "vae_reconstruction": "/home/interns/Desktop/amit_code/targeted_experiments/geometry_depth_strength_controls/image4_red_scarf__all_iter50_scale05/geometry_only_original/vae_reconstruction.png",
        "learned_delta_only": "/home/interns/Desktop/amit_code/targeted_experiments/geometry_depth_strength_controls/image4_red_scarf__all_iter50_scale05/geometry_only_original/learned_delta_only.png",
        "learned_geometry_on_original": "/home/interns/Desktop/amit_code/targeted_experiments/geometry_depth_strength_controls/image4_red_scarf__all_iter50_scale05/geometry_only_original/learned_geometry_on_original.png",
        "learned_geometry_on_reconstruction": "/home/interns/Desktop/amit_code/targeted_experiments/geometry_depth_strength_controls/image4_red_scarf__all_iter50_scale05/geometry_only_original/learned_geometry_on_reconstruction.png",
        "learned_combined": "/home/interns/Desktop/amit_code/targeted_experiments/geometry_depth_strength_controls/image4_red_scarf__all_iter50_scale05/geometry_only_original/learned_combined.png",
        "geometry_then_vae_reconstruction": "/home/interns/Desktop/amit_code/targeted_experiments/geometry_depth_strength_controls/image4_red_scarf__all_iter50_scale05/geometry_only_original/geometry_then_vae_reconstruction.png"
      }
    },
    {
      "mode": "geometry_only_reconstruction",
      "best_iter": 47,
      "best_loss": -1.2498043775558472,
      "iterations": 50,
      "mean_seconds_iter": 0.2318616411089897,
      "peak_vram_gb": 2.766340732574463,
      "replay_images": {
        "vae_reconstruction": "/home/interns/Desktop/amit_code/targeted_experiments/geometry_depth_strength_controls/image4_red_scarf__all_iter50_scale05/geometry_only_reconstruction/vae_reconstruction.png",
        "learned_delta_only": "/home/interns/Desktop/amit_code/targeted_experiments/geometry_depth_strength_controls/image4_red_scarf__all_iter50_scale05/geometry_only_reconstruction/learned_delta_only.png",
        "learned_geometry_on_original": "/home/interns/Desktop/amit_code/targeted_experiments/geometry_depth_strength_controls/image4_red_scarf__all_iter50_scale05/geometry_only_reconstruction/learned_geometry_on_original.png",
        "learned_geometry_on_reconstruction": "/home/interns/Desktop/amit_code/targeted_experiments/geometry_depth_strength_controls/image4_red_scarf__all_iter50_scale05/geometry_only_reconstruction/learned_geometry_on_reconstruction.png",
        "learned_combined": "/home/interns/Desktop/amit_code/targeted_experiments/geometry_depth_strength_controls/image4_red_scarf__all_iter50_scale05/geometry_only_reconstruction/learned_combined.png",
        "geometry_then_vae_reconstruction": "/home/interns/Desktop/amit_code/targeted_experiments/geometry_depth_strength_controls/image4_red_scarf__all_iter50_scale05/geometry_only_reconstruction/geometry_then_vae_reconstruction.png"
      }
    },
    {
      "mode": "combined",
      "best_iter": 49,
      "best_loss": -16.178756713867188,
      "iterations": 50,
      "mean_seconds_iter": 0.3881921700015664,
      "peak_vram_gb": 8.376585006713867,
      "replay_images": {
        "vae_reconstruction": "/home/interns/Desktop/amit_code/targeted_experiments/geometry_depth_strength_controls/image4_red_scarf__all_iter50_scale05/combined/vae_reconstruction.png",
        "learned_delta_only": "/home/interns/Desktop/amit_code/targeted_experiments/geometry_depth_strength_controls/image4_red_scarf__all_iter50_scale05/combined/learned_delta_only.png",
        "learned_geometry_on_original": "/home/interns/Desktop/amit_code/targeted_experiments/geometry_depth_strength_controls/image4_red_scarf__all_iter50_scale05/combined/learned_geometry_on_original.png",
        "learned_geometry_on_reconstruction": "/home/interns/Desktop/amit_code/targeted_experiments/geometry_depth_strength_controls/image4_red_scarf__all_iter50_scale05/combined/learned_geometry_on_reconstruction.png",
        "learned_combined": "/home/interns/Desktop/amit_code/targeted_experiments/geometry_depth_strength_controls/image4_red_scarf__all_iter50_scale05/combined/learned_combined.png",
        "geometry_then_vae_reconstruction": "/home/interns/Desktop/amit_code/targeted_experiments/geometry_depth_strength_controls/image4_red_scarf__all_iter50_scale05/combined/geometry_then_vae_reconstruction.png"
      }
    }
  ],
  "num_stage_edits": 21,
  "output_root": "/home/interns/Desktop/amit_code/targeted_experiments/geometry_depth_strength_controls/image4_red_scarf__all_iter50_scale05"
}
