/home/interns/.local/lib/python3.10/site-packages/huggingface_hub/utils/_validators.py:205: UserWarning: The `local_dir_use_symlinks` argument is deprecated and ignored in `hf_hub_download`. Downloading to a local directory does not use symlinks anymore.
  warnings.warn(
/home/interns/Desktop/parth_cleanup/face4/face4/models/arcface.py:75: FutureWarning: You are using `torch.load` with `weights_only=False` (the current default value), which uses the default pickle module implicitly. It is possible to construct malicious pickle data which will execute arbitrary code during unpickling (See https://github.com/pytorch/pytorch/blob/main/SECURITY.md#untrusted-models for more details). In a future release, the default value for `weights_only` will be flipped to `True`. This limits the functions that could be executed during unpickling. Arbitrary objects will no longer be allowed to be loaded via this mode unless they are explicitly allowlisted by the user via `torch.serialization.add_safe_globals`. We recommend you start setting `weights_only=True` for any use case where you don't have full control of the loaded file. Please open an issue on GitHub for any issues related to this experimental feature.
  payload = torch.load(self.checkpoint_path, map_location="cpu")
/home/interns/Desktop/parth_cleanup/face4/face4/models/iresnet.py:98: FutureWarning: `torch.cuda.amp.autocast(args...)` is deprecated. Please use `torch.amp.autocast('cuda', args...)` instead.
  with torch.cuda.amp.autocast(enabled=self.fp16):
Loading InstructPix2Pix VAE from 'timbrooks/instruct-pix2pix' ...
  ✓ InstructPix2Pix VAE loaded.
Loading FACE4 ArcFace from /home/interns/Desktop/parth_cleanup/face4 with checkpoint /home/interns/Desktop/parth_cleanup/face4/models/arcface/iresnet100.pth
[geometry_only_original] 001/020 loss=-0.00000 id_sim=1.00000 ssim=1.00000 0.27s
[geometry_only_original] 002/020 loss=-0.00015 id_sim=0.99992 ssim=0.99932 0.15s
[geometry_only_original] 003/020 loss=-0.00197 id_sim=0.99973 ssim=0.99975 0.17s
[geometry_only_original] 004/020 loss=-0.00509 id_sim=0.99936 ssim=0.99953 0.16s
[geometry_only_original] 005/020 loss=-0.00976 id_sim=0.99877 ssim=0.99932 0.19s
[geometry_only_original] 006/020 loss=-0.01566 id_sim=0.99802 ssim=0.99900 0.21s
[geometry_only_original] 007/020 loss=-0.02285 id_sim=0.99710 ssim=0.99856 0.17s
[geometry_only_original] 008/020 loss=-0.03008 id_sim=0.99612 ssim=0.99799 0.18s
[geometry_only_original] 009/020 loss=-0.03843 id_sim=0.99498 ssim=0.99729 0.15s
[geometry_only_original] 010/020 loss=-0.04790 id_sim=0.99369 ssim=0.99649 0.16s
[geometry_only_original] 011/020 loss=-0.05816 id_sim=0.99226 ssim=0.99561 0.17s
[geometry_only_original] 012/020 loss=-0.06795 id_sim=0.99084 ssim=0.99468 0.15s
[geometry_only_original] 013/020 loss=-0.07933 id_sim=0.98923 ssim=0.99370 0.15s
[geometry_only_original] 014/020 loss=-0.09219 id_sim=0.98746 ssim=0.99269 0.19s
[geometry_only_original] 015/020 loss=-0.10465 id_sim=0.98569 ssim=0.99162 0.22s
[geometry_only_original] 016/020 loss=-0.11701 id_sim=0.98392 ssim=0.99048 0.22s
[geometry_only_original] 017/020 loss=-0.12928 id_sim=0.98213 ssim=0.98928 0.16s
[geometry_only_original] 018/020 loss=-0.14180 id_sim=0.98030 ssim=0.98805 0.16s
[geometry_only_original] 019/020 loss=-0.15327 id_sim=0.97857 ssim=0.98674 0.23s
[geometry_only_original] 020/020 loss=-0.16557 id_sim=0.97675 ssim=0.98538 0.22s
[geometry_only_reconstruction] 001/020 loss=0.18620 id_sim=0.94206 ssim=0.84189 0.18s
[geometry_only_reconstruction] 002/020 loss=0.15785 id_sim=0.93915 ssim=0.84261 0.19s
[geometry_only_reconstruction] 003/020 loss=0.12392 id_sim=0.93562 ssim=0.84411 0.20s
[geometry_only_reconstruction] 004/020 loss=0.09044 id_sim=0.93206 ssim=0.84509 0.22s
[geometry_only_reconstruction] 005/020 loss=0.05633 id_sim=0.92838 ssim=0.84576 0.23s
[geometry_only_reconstruction] 006/020 loss=0.02521 id_sim=0.92497 ssim=0.84628 0.22s
[geometry_only_reconstruction] 007/020 loss=-0.00674 id_sim=0.92146 ssim=0.84662 0.22s
[geometry_only_reconstruction] 008/020 loss=-0.03761 id_sim=0.91806 ssim=0.84682 0.22s
[geometry_only_reconstruction] 009/020 loss=-0.06581 id_sim=0.91489 ssim=0.84694 0.21s
[geometry_only_reconstruction] 010/020 loss=-0.09448 id_sim=0.91165 ssim=0.84698 0.21s
[geometry_only_reconstruction] 011/020 loss=-0.12197 id_sim=0.90851 ssim=0.84700 0.21s
[geometry_only_reconstruction] 012/020 loss=-0.14704 id_sim=0.90559 ssim=0.84705 0.21s
[geometry_only_reconstruction] 013/020 loss=-0.17268 id_sim=0.90261 ssim=0.84711 0.20s
[geometry_only_reconstruction] 014/020 loss=-0.19901 id_sim=0.89954 ssim=0.84716 0.26s
[geometry_only_reconstruction] 015/020 loss=-0.22235 id_sim=0.89677 ssim=0.84720 0.21s
[geometry_only_reconstruction] 016/020 loss=-0.24452 id_sim=0.89410 ssim=0.84721 0.21s
[geometry_only_reconstruction] 017/020 loss=-0.26767 id_sim=0.89133 ssim=0.84719 0.21s
[geometry_only_reconstruction] 018/020 loss=-0.28714 id_sim=0.88892 ssim=0.84716 0.22s
[geometry_only_reconstruction] 019/020 loss=-0.30625 id_sim=0.88656 ssim=0.84709 0.23s
[geometry_only_reconstruction] 020/020 loss=-0.32441 id_sim=0.88432 ssim=0.84699 0.22s

Loading pipeline components...:   0%|          | 0/6 [00:00<?, ?it/s][0;93m2026-07-20 22:26:03.598368898 [W:onnxruntime:Default, device_discovery.cc:164 DiscoverDevicesForPlatform] GPU device discovery failed: device_discovery.cc:89 ReadFileContents Failed to open file: "/sys/class/drm/card0/device/vendor"[m


Loading weights:   0%|          | 0/196 [00:00<?, ?it/s][A
Loading weights: 100%|██████████| 196/196 [00:00<00:00, 2269.27it/s]

Loading pipeline components...:  33%|███▎      | 2/6 [00:00<00:00,  4.48it/s]
Loading pipeline components...:  67%|██████▋   | 4/6 [00:04<00:02,  1.33s/it]
Loading pipeline components...:  83%|████████▎ | 5/6 [00:04<00:01,  1.01s/it]
Loading pipeline components...: 100%|██████████| 6/6 [00:05<00:00,  1.09it/s]
Loading pipeline components...: 100%|██████████| 6/6 [00:05<00:00,  1.07it/s]
Loading FACE4 ArcFace from /home/interns/Desktop/parth_cleanup/face4 with checkpoint /home/interns/Desktop/parth_cleanup/face4/models/arcface/iresnet100.pth
{
  "status": "complete",
  "face_id": "image_4",
  "prompt": "Add a red scarf",
  "warp_type": "delaunay",
  "warp_components": [
    "delaunay"
  ],
  "modes": [
    "geometry_only_original",
    "geometry_only_reconstruction"
  ],
  "mode_summaries": [
    {
      "mode": "geometry_only_original",
      "best_iter": 19,
      "best_loss": -0.16557054221630096,
      "iterations": 20,
      "mean_seconds_iter": 0.18385960338637233,
      "peak_vram_gb": 0.7665505409240723,
      "replay_images": {
        "vae_reconstruction": "/home/interns/Desktop/amit_code/targeted_experiments/geometry_family_attribution/image4_red_scarf/single_delaunay/geometry_only_original/vae_reconstruction.png",
        "learned_delta_only": "/home/interns/Desktop/amit_code/targeted_experiments/geometry_family_attribution/image4_red_scarf/single_delaunay/geometry_only_original/learned_delta_only.png",
        "learned_geometry_on_original": "/home/interns/Desktop/amit_code/targeted_experiments/geometry_family_attribution/image4_red_scarf/single_delaunay/geometry_only_original/learned_geometry_on_original.png",
        "learned_geometry_on_reconstruction": "/home/interns/Desktop/amit_code/targeted_experiments/geometry_family_attribution/image4_red_scarf/single_delaunay/geometry_only_original/learned_geometry_on_reconstruction.png",
        "learned_combined": "/home/interns/Desktop/amit_code/targeted_experiments/geometry_family_attribution/image4_red_scarf/single_delaunay/geometry_only_original/learned_combined.png",
        "geometry_then_vae_reconstruction": "/home/interns/Desktop/amit_code/targeted_experiments/geometry_family_attribution/image4_red_scarf/single_delaunay/geometry_only_original/geometry_then_vae_reconstruction.png"
      }
    },
    {
      "mode": "geometry_only_reconstruction",
      "best_iter": 19,
      "best_loss": -0.32441413402557373,
      "iterations": 20,
      "mean_seconds_iter": 0.2147376999258995,
      "peak_vram_gb": 0.7662453651428223,
      "replay_images": {
        "vae_reconstruction": "/home/interns/Desktop/amit_code/targeted_experiments/geometry_family_attribution/image4_red_scarf/single_delaunay/geometry_only_reconstruction/vae_reconstruction.png",
        "learned_delta_only": "/home/interns/Desktop/amit_code/targeted_experiments/geometry_family_attribution/image4_red_scarf/single_delaunay/geometry_only_reconstruction/learned_delta_only.png",
        "learned_geometry_on_original": "/home/interns/Desktop/amit_code/targeted_experiments/geometry_family_attribution/image4_red_scarf/single_delaunay/geometry_only_reconstruction/learned_geometry_on_original.png",
        "learned_geometry_on_reconstruction": "/home/interns/Desktop/amit_code/targeted_experiments/geometry_family_attribution/image4_red_scarf/single_delaunay/geometry_only_reconstruction/learned_geometry_on_reconstruction.png",
        "learned_combined": "/home/interns/Desktop/amit_code/targeted_experiments/geometry_family_attribution/image4_red_scarf/single_delaunay/geometry_only_reconstruction/learned_combined.png",
        "geometry_then_vae_reconstruction": "/home/interns/Desktop/amit_code/targeted_experiments/geometry_family_attribution/image4_red_scarf/single_delaunay/geometry_only_reconstruction/geometry_then_vae_reconstruction.png"
      }
    }
  ],
  "num_stage_edits": 15,
  "output_root": "/home/interns/Desktop/amit_code/targeted_experiments/geometry_family_attribution/image4_red_scarf/single_delaunay"
}
