/home/interns/.local/lib/python3.10/site-packages/huggingface_hub/utils/_validators.py:205: UserWarning: The `local_dir_use_symlinks` argument is deprecated and ignored in `hf_hub_download`. Downloading to a local directory does not use symlinks anymore.
  warnings.warn(
/home/interns/Desktop/parth_cleanup/face4/face4/models/arcface.py:75: FutureWarning: You are using `torch.load` with `weights_only=False` (the current default value), which uses the default pickle module implicitly. It is possible to construct malicious pickle data which will execute arbitrary code during unpickling (See https://github.com/pytorch/pytorch/blob/main/SECURITY.md#untrusted-models for more details). In a future release, the default value for `weights_only` will be flipped to `True`. This limits the functions that could be executed during unpickling. Arbitrary objects will no longer be allowed to be loaded via this mode unless they are explicitly allowlisted by the user via `torch.serialization.add_safe_globals`. We recommend you start setting `weights_only=True` for any use case where you don't have full control of the loaded file. Please open an issue on GitHub for any issues related to this experimental feature.
  payload = torch.load(self.checkpoint_path, map_location="cpu")
/home/interns/Desktop/parth_cleanup/face4/face4/models/iresnet.py:98: FutureWarning: `torch.cuda.amp.autocast(args...)` is deprecated. Please use `torch.amp.autocast('cuda', args...)` instead.
  with torch.cuda.amp.autocast(enabled=self.fp16):
Loading InstructPix2Pix VAE from 'timbrooks/instruct-pix2pix' ...
  ✓ InstructPix2Pix VAE loaded.
Loading FACE4 ArcFace from /home/interns/Desktop/parth_cleanup/face4 with checkpoint /home/interns/Desktop/parth_cleanup/face4/models/arcface/iresnet100.pth
[combined] 001/020 loss=0.26350 id_sim=0.94058 ssim=0.82395 0.53s
[combined] 002/020 loss=-1.38968 id_sim=0.77528 ssim=0.82527 0.39s
[combined] 003/020 loss=-2.34034 id_sim=0.67994 ssim=0.82531 0.62s
[combined] 004/020 loss=-3.23600 id_sim=0.59009 ssim=0.82498 0.62s
[combined] 005/020 loss=-4.10454 id_sim=0.50280 ssim=0.82422 0.64s
[combined] 006/020 loss=-4.93900 id_sim=0.41875 ssim=0.82302 0.65s
[combined] 007/020 loss=-5.59426 id_sim=0.35252 ssim=0.82156 0.63s
[combined] 008/020 loss=-6.24966 id_sim=0.28621 ssim=0.81999 0.64s
[combined] 009/020 loss=-6.88231 id_sim=0.22213 ssim=0.81834 0.61s
[combined] 010/020 loss=-7.42653 id_sim=0.16682 ssim=0.81661 0.62s
[combined] 011/020 loss=-7.90193 id_sim=0.11842 ssim=0.81497 0.64s
[combined] 012/020 loss=-8.36077 id_sim=0.07170 ssim=0.81339 0.62s
[combined] 013/020 loss=-8.82097 id_sim=0.02486 ssim=0.81184 0.62s
[combined] 014/020 loss=-9.25152 id_sim=-0.01896 ssim=0.81042 0.66s
[combined] 015/020 loss=-9.67548 id_sim=-0.06207 ssim=0.80909 0.65s
[combined] 016/020 loss=-10.09602 id_sim=-0.10480 ssim=0.80779 0.64s
[combined] 017/020 loss=-10.50589 id_sim=-0.14643 ssim=0.80652 0.62s
[combined] 018/020 loss=-10.89522 id_sim=-0.18600 ssim=0.80526 0.62s
[combined] 019/020 loss=-11.26100 id_sim=-0.22320 ssim=0.80402 0.66s
[combined] 020/020 loss=-11.64030 id_sim=-0.26173 ssim=0.80281 0.61s

Loading pipeline components...:   0%|          | 0/6 [00:00<?, ?it/s][0;93m2026-07-20 20:37:53.827624008 [W:onnxruntime:Default, device_discovery.cc:164 DiscoverDevicesForPlatform] GPU device discovery failed: device_discovery.cc:89 ReadFileContents Failed to open file: "/sys/class/drm/card0/device/vendor"[m

Loading pipeline components...:  17%|█▋        | 1/6 [00:00<00:04,  1.09it/s]
Loading pipeline components...:  33%|███▎      | 2/6 [00:04<00:10,  2.58s/it]

Loading weights:   0%|          | 0/196 [00:00<?, ?it/s][A

Loading weights:  86%|████████▌ | 168/196 [00:00<00:00, 1649.23it/s][A
Loading weights: 100%|██████████| 196/196 [00:00<00:00, 1622.34it/s]

Loading pipeline components...:  50%|█████     | 3/6 [00:05<00:04,  1.61s/it]
Loading pipeline components...: 100%|██████████| 6/6 [00:05<00:00,  1.62it/s]
Loading pipeline components...: 100%|██████████| 6/6 [00:05<00:00,  1.10it/s]
Loading FACE4 ArcFace from /home/interns/Desktop/parth_cleanup/face4 with checkpoint /home/interns/Desktop/parth_cleanup/face4/models/arcface/iresnet100.pth
{
  "status": "complete",
  "face_id": "image_2",
  "prompt": "Add a black jacket",
  "warp_type": "bspline",
  "warp_components": [
    "bspline"
  ],
  "modes": [
    "combined"
  ],
  "mode_summaries": [
    {
      "mode": "combined",
      "best_iter": 19,
      "best_loss": -11.640297889709473,
      "iterations": 20,
      "mean_seconds_iter": 0.6158393835648894,
      "peak_vram_gb": 6.495820999145508,
      "replay_images": {
        "vae_reconstruction": "/home/interns/Desktop/amit_code/targeted_experiments/geometry_family_attribution/image2_black_jacket/combined_bspline/combined/vae_reconstruction.png",
        "learned_delta_only": "/home/interns/Desktop/amit_code/targeted_experiments/geometry_family_attribution/image2_black_jacket/combined_bspline/combined/learned_delta_only.png",
        "learned_geometry_on_original": "/home/interns/Desktop/amit_code/targeted_experiments/geometry_family_attribution/image2_black_jacket/combined_bspline/combined/learned_geometry_on_original.png",
        "learned_geometry_on_reconstruction": "/home/interns/Desktop/amit_code/targeted_experiments/geometry_family_attribution/image2_black_jacket/combined_bspline/combined/learned_geometry_on_reconstruction.png",
        "learned_combined": "/home/interns/Desktop/amit_code/targeted_experiments/geometry_family_attribution/image2_black_jacket/combined_bspline/combined/learned_combined.png",
        "geometry_then_vae_reconstruction": "/home/interns/Desktop/amit_code/targeted_experiments/geometry_family_attribution/image2_black_jacket/combined_bspline/combined/geometry_then_vae_reconstruction.png"
      }
    }
  ],
  "num_stage_edits": 9,
  "output_root": "/home/interns/Desktop/amit_code/targeted_experiments/geometry_family_attribution/image2_black_jacket/combined_bspline"
}
