/home/interns/.local/lib/python3.10/site-packages/huggingface_hub/utils/_validators.py:205: UserWarning: The `local_dir_use_symlinks` argument is deprecated and ignored in `hf_hub_download`. Downloading to a local directory does not use symlinks anymore.
  warnings.warn(
/home/interns/Desktop/parth_cleanup/face4/face4/models/arcface.py:75: FutureWarning: You are using `torch.load` with `weights_only=False` (the current default value), which uses the default pickle module implicitly. It is possible to construct malicious pickle data which will execute arbitrary code during unpickling (See https://github.com/pytorch/pytorch/blob/main/SECURITY.md#untrusted-models for more details). In a future release, the default value for `weights_only` will be flipped to `True`. This limits the functions that could be executed during unpickling. Arbitrary objects will no longer be allowed to be loaded via this mode unless they are explicitly allowlisted by the user via `torch.serialization.add_safe_globals`. We recommend you start setting `weights_only=True` for any use case where you don't have full control of the loaded file. Please open an issue on GitHub for any issues related to this experimental feature.
  payload = torch.load(self.checkpoint_path, map_location="cpu")
/home/interns/Desktop/parth_cleanup/face4/face4/models/iresnet.py:98: FutureWarning: `torch.cuda.amp.autocast(args...)` is deprecated. Please use `torch.amp.autocast('cuda', args...)` instead.
  with torch.cuda.amp.autocast(enabled=self.fp16):
Loading InstructPix2Pix VAE from 'timbrooks/instruct-pix2pix' ...
  ✓ InstructPix2Pix VAE loaded.
Loading FACE4 ArcFace from /home/interns/Desktop/parth_cleanup/face4 with checkpoint /home/interns/Desktop/parth_cleanup/face4/models/arcface/iresnet100.pth
[geometry_only_original] 001/020 loss=-0.00000 id_sim=1.00000 ssim=1.00000 0.45s
[geometry_only_original] 002/020 loss=-0.00008 id_sim=0.99997 ssim=0.99996 0.22s
[geometry_only_original] 003/020 loss=-0.00062 id_sim=0.99992 ssim=0.99996 0.22s
[geometry_only_original] 004/020 loss=-0.00158 id_sim=0.99981 ssim=0.99992 0.22s
[geometry_only_original] 005/020 loss=-0.00304 id_sim=0.99963 ssim=0.99985 0.21s
[geometry_only_original] 006/020 loss=-0.00512 id_sim=0.99938 ssim=0.99977 0.21s
[geometry_only_original] 007/020 loss=-0.00803 id_sim=0.99903 ssim=0.99967 0.22s
[geometry_only_original] 008/020 loss=-0.01142 id_sim=0.99863 ssim=0.99954 0.21s
[geometry_only_original] 009/020 loss=-0.01593 id_sim=0.99810 ssim=0.99938 0.22s
[geometry_only_original] 010/020 loss=-0.02151 id_sim=0.99745 ssim=0.99918 0.21s
[geometry_only_original] 011/020 loss=-0.02776 id_sim=0.99672 ssim=0.99896 0.21s
[geometry_only_original] 012/020 loss=-0.03500 id_sim=0.99586 ssim=0.99870 0.22s
[geometry_only_original] 013/020 loss=-0.04296 id_sim=0.99492 ssim=0.99841 0.23s
[geometry_only_original] 014/020 loss=-0.05197 id_sim=0.99385 ssim=0.99807 0.23s
[geometry_only_original] 015/020 loss=-0.06187 id_sim=0.99267 ssim=0.99769 0.25s
[geometry_only_original] 016/020 loss=-0.07300 id_sim=0.99135 ssim=0.99726 0.26s
[geometry_only_original] 017/020 loss=-0.08389 id_sim=0.99002 ssim=0.99677 0.24s
[geometry_only_original] 018/020 loss=-0.09586 id_sim=0.98857 ssim=0.99625 0.22s
[geometry_only_original] 019/020 loss=-0.10895 id_sim=0.98698 ssim=0.99568 0.24s
[geometry_only_original] 020/020 loss=-0.12274 id_sim=0.98529 ssim=0.99506 0.24s
[geometry_only_reconstruction] 001/020 loss=0.18638 id_sim=0.94208 ssim=0.84190 0.22s
[geometry_only_reconstruction] 002/020 loss=0.18205 id_sim=0.94163 ssim=0.84260 0.23s
[geometry_only_reconstruction] 003/020 loss=0.17498 id_sim=0.94090 ssim=0.84311 0.24s
[geometry_only_reconstruction] 004/020 loss=0.16497 id_sim=0.93985 ssim=0.84357 0.21s
[geometry_only_reconstruction] 005/020 loss=0.15717 id_sim=0.93902 ssim=0.84404 0.28s
[geometry_only_reconstruction] 006/020 loss=0.14950 id_sim=0.93819 ssim=0.84445 0.26s
[geometry_only_reconstruction] 007/020 loss=0.14219 id_sim=0.93741 ssim=0.84477 0.24s
[geometry_only_reconstruction] 008/020 loss=0.13389 id_sim=0.93652 ssim=0.84504 0.23s
[geometry_only_reconstruction] 009/020 loss=0.12658 id_sim=0.93573 ssim=0.84528 0.21s
[geometry_only_reconstruction] 010/020 loss=0.11877 id_sim=0.93489 ssim=0.84547 0.21s
[geometry_only_reconstruction] 011/020 loss=0.11168 id_sim=0.93413 ssim=0.84563 0.21s
[geometry_only_reconstruction] 012/020 loss=0.10461 id_sim=0.93336 ssim=0.84579 0.22s
[geometry_only_reconstruction] 013/020 loss=0.09775 id_sim=0.93260 ssim=0.84596 0.23s
[geometry_only_reconstruction] 014/020 loss=0.08918 id_sim=0.93167 ssim=0.84613 0.21s
[geometry_only_reconstruction] 015/020 loss=0.08206 id_sim=0.93087 ssim=0.84630 0.21s
[geometry_only_reconstruction] 016/020 loss=0.07581 id_sim=0.93016 ssim=0.84646 0.21s
[geometry_only_reconstruction] 017/020 loss=0.06712 id_sim=0.92920 ssim=0.84663 0.27s
[geometry_only_reconstruction] 018/020 loss=0.06006 id_sim=0.92839 ssim=0.84681 0.21s
[geometry_only_reconstruction] 019/020 loss=0.05357 id_sim=0.92763 ssim=0.84699 0.21s
[geometry_only_reconstruction] 020/020 loss=0.04619 id_sim=0.92678 ssim=0.84718 0.22s

Loading pipeline components...:   0%|          | 0/6 [00:00<?, ?it/s][0;93m2026-07-20 22:18:42.185769353 [W:onnxruntime:Default, device_discovery.cc:164 DiscoverDevicesForPlatform] GPU device discovery failed: device_discovery.cc:89 ReadFileContents Failed to open file: "/sys/class/drm/card0/device/vendor"[m

Loading pipeline components...:  17%|█▋        | 1/6 [00:00<00:01,  2.62it/s]
Loading pipeline components...:  50%|█████     | 3/6 [00:01<00:01,  1.93it/s]
Loading pipeline components...:  83%|████████▎ | 5/6 [00:07<00:01,  1.81s/it]

Loading weights:   0%|          | 0/196 [00:00<?, ?it/s][A

Loading weights:  57%|█████▋    | 112/196 [00:00<00:00, 1052.10it/s][A
Loading weights: 100%|██████████| 196/196 [00:00<00:00, 1195.27it/s]

Loading pipeline components...: 100%|██████████| 6/6 [00:08<00:00,  1.45s/it]
Loading pipeline components...: 100%|██████████| 6/6 [00:08<00:00,  1.34s/it]
Loading FACE4 ArcFace from /home/interns/Desktop/parth_cleanup/face4 with checkpoint /home/interns/Desktop/parth_cleanup/face4/models/arcface/iresnet100.pth
{
  "status": "complete",
  "face_id": "image_4",
  "prompt": "Add a red scarf",
  "warp_type": "laplacian",
  "warp_components": [
    "laplacian"
  ],
  "modes": [
    "geometry_only_original",
    "geometry_only_reconstruction"
  ],
  "mode_summaries": [
    {
      "mode": "geometry_only_original",
      "best_iter": 19,
      "best_loss": -0.12274376302957535,
      "iterations": 20,
      "mean_seconds_iter": 0.2371441294439137,
      "peak_vram_gb": 0.7670979499816895,
      "replay_images": {
        "vae_reconstruction": "/home/interns/Desktop/amit_code/targeted_experiments/geometry_family_attribution/image4_red_scarf/single_laplacian/geometry_only_original/vae_reconstruction.png",
        "learned_delta_only": "/home/interns/Desktop/amit_code/targeted_experiments/geometry_family_attribution/image4_red_scarf/single_laplacian/geometry_only_original/learned_delta_only.png",
        "learned_geometry_on_original": "/home/interns/Desktop/amit_code/targeted_experiments/geometry_family_attribution/image4_red_scarf/single_laplacian/geometry_only_original/learned_geometry_on_original.png",
        "learned_geometry_on_reconstruction": "/home/interns/Desktop/amit_code/targeted_experiments/geometry_family_attribution/image4_red_scarf/single_laplacian/geometry_only_original/learned_geometry_on_reconstruction.png",
        "learned_combined": "/home/interns/Desktop/amit_code/targeted_experiments/geometry_family_attribution/image4_red_scarf/single_laplacian/geometry_only_original/learned_combined.png",
        "geometry_then_vae_reconstruction": "/home/interns/Desktop/amit_code/targeted_experiments/geometry_family_attribution/image4_red_scarf/single_laplacian/geometry_only_original/geometry_then_vae_reconstruction.png"
      }
    },
    {
      "mode": "geometry_only_reconstruction",
      "best_iter": 19,
      "best_loss": 0.04619467258453369,
      "iterations": 20,
      "mean_seconds_iter": 0.22707897098734975,
      "peak_vram_gb": 0.7670979499816895,
      "replay_images": {
        "vae_reconstruction": "/home/interns/Desktop/amit_code/targeted_experiments/geometry_family_attribution/image4_red_scarf/single_laplacian/geometry_only_reconstruction/vae_reconstruction.png",
        "learned_delta_only": "/home/interns/Desktop/amit_code/targeted_experiments/geometry_family_attribution/image4_red_scarf/single_laplacian/geometry_only_reconstruction/learned_delta_only.png",
        "learned_geometry_on_original": "/home/interns/Desktop/amit_code/targeted_experiments/geometry_family_attribution/image4_red_scarf/single_laplacian/geometry_only_reconstruction/learned_geometry_on_original.png",
        "learned_geometry_on_reconstruction": "/home/interns/Desktop/amit_code/targeted_experiments/geometry_family_attribution/image4_red_scarf/single_laplacian/geometry_only_reconstruction/learned_geometry_on_reconstruction.png",
        "learned_combined": "/home/interns/Desktop/amit_code/targeted_experiments/geometry_family_attribution/image4_red_scarf/single_laplacian/geometry_only_reconstruction/learned_combined.png",
        "geometry_then_vae_reconstruction": "/home/interns/Desktop/amit_code/targeted_experiments/geometry_family_attribution/image4_red_scarf/single_laplacian/geometry_only_reconstruction/geometry_then_vae_reconstruction.png"
      }
    }
  ],
  "num_stage_edits": 15,
  "output_root": "/home/interns/Desktop/amit_code/targeted_experiments/geometry_family_attribution/image4_red_scarf/single_laplacian"
}
