/home/interns/.local/lib/python3.10/site-packages/huggingface_hub/utils/_validators.py:205: UserWarning: The `local_dir_use_symlinks` argument is deprecated and ignored in `hf_hub_download`. Downloading to a local directory does not use symlinks anymore.
  warnings.warn(
/home/interns/Desktop/parth_cleanup/face4/face4/models/arcface.py:75: FutureWarning: You are using `torch.load` with `weights_only=False` (the current default value), which uses the default pickle module implicitly. It is possible to construct malicious pickle data which will execute arbitrary code during unpickling (See https://github.com/pytorch/pytorch/blob/main/SECURITY.md#untrusted-models for more details). In a future release, the default value for `weights_only` will be flipped to `True`. This limits the functions that could be executed during unpickling. Arbitrary objects will no longer be allowed to be loaded via this mode unless they are explicitly allowlisted by the user via `torch.serialization.add_safe_globals`. We recommend you start setting `weights_only=True` for any use case where you don't have full control of the loaded file. Please open an issue on GitHub for any issues related to this experimental feature.
  payload = torch.load(self.checkpoint_path, map_location="cpu")
/home/interns/Desktop/parth_cleanup/face4/face4/models/iresnet.py:98: FutureWarning: `torch.cuda.amp.autocast(args...)` is deprecated. Please use `torch.amp.autocast('cuda', args...)` instead.
  with torch.cuda.amp.autocast(enabled=self.fp16):
Loading InstructPix2Pix VAE from 'timbrooks/instruct-pix2pix' ...
  ✓ InstructPix2Pix VAE loaded.
Loading FACE4 ArcFace from /home/interns/Desktop/parth_cleanup/face4 with checkpoint /home/interns/Desktop/parth_cleanup/face4/models/arcface/iresnet100.pth
[geometry_only_original] 001/020 loss=-0.00000 id_sim=1.00000 ssim=1.00000 0.42s
[geometry_only_original] 002/020 loss=-0.00014 id_sim=0.99998 ssim=0.99998 0.20s
[geometry_only_original] 003/020 loss=-0.00077 id_sim=0.99991 ssim=0.99996 0.20s
[geometry_only_original] 004/020 loss=-0.00177 id_sim=0.99979 ssim=0.99992 0.24s
[geometry_only_original] 005/020 loss=-0.00377 id_sim=0.99955 ssim=0.99985 0.21s
[geometry_only_original] 006/020 loss=-0.00674 id_sim=0.99921 ssim=0.99976 0.19s
[geometry_only_original] 007/020 loss=-0.01012 id_sim=0.99881 ssim=0.99964 0.22s
[geometry_only_original] 008/020 loss=-0.01402 id_sim=0.99835 ssim=0.99948 0.22s
[geometry_only_original] 009/020 loss=-0.01877 id_sim=0.99778 ssim=0.99929 0.25s
[geometry_only_original] 010/020 loss=-0.02383 id_sim=0.99717 ssim=0.99907 0.23s
[geometry_only_original] 011/020 loss=-0.03087 id_sim=0.99634 ssim=0.99882 0.24s
[geometry_only_original] 012/020 loss=-0.03748 id_sim=0.99554 ssim=0.99854 0.33s
[geometry_only_original] 013/020 loss=-0.04457 id_sim=0.99468 ssim=0.99822 0.23s
[geometry_only_original] 014/020 loss=-0.05332 id_sim=0.99364 ssim=0.99787 0.22s
[geometry_only_original] 015/020 loss=-0.06305 id_sim=0.99248 ssim=0.99749 0.24s
[geometry_only_original] 016/020 loss=-0.07326 id_sim=0.99126 ssim=0.99708 0.23s
[geometry_only_original] 017/020 loss=-0.08430 id_sim=0.98993 ssim=0.99663 0.22s
[geometry_only_original] 018/020 loss=-0.09716 id_sim=0.98841 ssim=0.99614 0.23s
[geometry_only_original] 019/020 loss=-0.11055 id_sim=0.98682 ssim=0.99562 0.22s
[geometry_only_original] 020/020 loss=-0.12458 id_sim=0.98515 ssim=0.99508 0.23s
[geometry_only_reconstruction] 001/020 loss=0.26350 id_sim=0.94058 ssim=0.82395 0.19s
[geometry_only_reconstruction] 002/020 loss=0.25747 id_sim=0.93995 ssim=0.82518 0.22s
[geometry_only_reconstruction] 003/020 loss=0.24880 id_sim=0.93904 ssim=0.82600 0.20s
[geometry_only_reconstruction] 004/020 loss=0.23673 id_sim=0.93778 ssim=0.82673 0.20s
[geometry_only_reconstruction] 005/020 loss=0.22873 id_sim=0.93690 ssim=0.82746 0.21s
[geometry_only_reconstruction] 006/020 loss=0.21798 id_sim=0.93572 ssim=0.82817 0.21s
[geometry_only_reconstruction] 007/020 loss=0.20686 id_sim=0.93449 ssim=0.82886 0.22s
[geometry_only_reconstruction] 008/020 loss=0.19422 id_sim=0.93308 ssim=0.82952 0.20s
[geometry_only_reconstruction] 009/020 loss=0.18173 id_sim=0.93167 ssim=0.83016 0.22s
[geometry_only_reconstruction] 010/020 loss=0.17074 id_sim=0.93039 ssim=0.83077 0.21s
[geometry_only_reconstruction] 011/020 loss=0.15847 id_sim=0.92897 ssim=0.83135 0.22s
[geometry_only_reconstruction] 012/020 loss=0.14753 id_sim=0.92765 ssim=0.83191 0.19s
[geometry_only_reconstruction] 013/020 loss=0.13509 id_sim=0.92617 ssim=0.83244 0.20s
[geometry_only_reconstruction] 014/020 loss=0.12164 id_sim=0.92456 ssim=0.83294 0.20s
[geometry_only_reconstruction] 015/020 loss=0.11061 id_sim=0.92317 ssim=0.83341 0.19s
[geometry_only_reconstruction] 016/020 loss=0.09991 id_sim=0.92180 ssim=0.83384 0.19s
[geometry_only_reconstruction] 017/020 loss=0.09075 id_sim=0.92057 ssim=0.83423 0.20s
[geometry_only_reconstruction] 018/020 loss=0.08030 id_sim=0.91921 ssim=0.83457 0.22s
[geometry_only_reconstruction] 019/020 loss=0.07377 id_sim=0.91824 ssim=0.83487 0.21s
[geometry_only_reconstruction] 020/020 loss=0.06745 id_sim=0.91730 ssim=0.83513 0.21s

Loading pipeline components...:   0%|          | 0/6 [00:00<?, ?it/s][0;93m2026-07-20 20:18:29.159657884 [W:onnxruntime:Default, device_discovery.cc:164 DiscoverDevicesForPlatform] GPU device discovery failed: device_discovery.cc:89 ReadFileContents Failed to open file: "/sys/class/drm/card0/device/vendor"[m


Loading weights:   0%|          | 0/196 [00:00<?, ?it/s][A

Loading weights:  93%|█████████▎| 182/196 [00:00<00:00, 1807.62it/s][A
Loading weights: 100%|██████████| 196/196 [00:00<00:00, 1862.69it/s]

Loading pipeline components...:  17%|█▋        | 1/6 [00:00<00:02,  2.04it/s]
Loading pipeline components...:  50%|█████     | 3/6 [00:01<00:01,  2.02it/s]
Loading pipeline components...:  67%|██████▋   | 4/6 [00:05<00:03,  1.79s/it]
Loading pipeline components...:  83%|████████▎ | 5/6 [00:05<00:01,  1.27s/it]
Loading pipeline components...: 100%|██████████| 6/6 [00:05<00:00,  1.01it/s]
Loading FACE4 ArcFace from /home/interns/Desktop/parth_cleanup/face4 with checkpoint /home/interns/Desktop/parth_cleanup/face4/models/arcface/iresnet100.pth
{
  "status": "complete",
  "face_id": "image_2",
  "prompt": "Add a black jacket",
  "warp_type": "bezier",
  "warp_components": [
    "bezier"
  ],
  "modes": [
    "geometry_only_original",
    "geometry_only_reconstruction"
  ],
  "mode_summaries": [
    {
      "mode": "geometry_only_original",
      "best_iter": 19,
      "best_loss": -0.12457938492298126,
      "iterations": 20,
      "mean_seconds_iter": 0.23932776199653744,
      "peak_vram_gb": 0.9144935607910156,
      "replay_images": {
        "vae_reconstruction": "/home/interns/Desktop/amit_code/targeted_experiments/geometry_family_attribution/image2_black_jacket/single_bezier/geometry_only_original/vae_reconstruction.png",
        "learned_delta_only": "/home/interns/Desktop/amit_code/targeted_experiments/geometry_family_attribution/image2_black_jacket/single_bezier/geometry_only_original/learned_delta_only.png",
        "learned_geometry_on_original": "/home/interns/Desktop/amit_code/targeted_experiments/geometry_family_attribution/image2_black_jacket/single_bezier/geometry_only_original/learned_geometry_on_original.png",
        "learned_geometry_on_reconstruction": "/home/interns/Desktop/amit_code/targeted_experiments/geometry_family_attribution/image2_black_jacket/single_bezier/geometry_only_original/learned_geometry_on_reconstruction.png",
        "learned_combined": "/home/interns/Desktop/amit_code/targeted_experiments/geometry_family_attribution/image2_black_jacket/single_bezier/geometry_only_original/learned_combined.png",
        "geometry_then_vae_reconstruction": "/home/interns/Desktop/amit_code/targeted_experiments/geometry_family_attribution/image2_black_jacket/single_bezier/geometry_only_original/geometry_then_vae_reconstruction.png"
      }
    },
    {
      "mode": "geometry_only_reconstruction",
      "best_iter": 19,
      "best_loss": 0.06744781136512756,
      "iterations": 20,
      "mean_seconds_iter": 0.2050342397764325,
      "peak_vram_gb": 0.9144935607910156,
      "replay_images": {
        "vae_reconstruction": "/home/interns/Desktop/amit_code/targeted_experiments/geometry_family_attribution/image2_black_jacket/single_bezier/geometry_only_reconstruction/vae_reconstruction.png",
        "learned_delta_only": "/home/interns/Desktop/amit_code/targeted_experiments/geometry_family_attribution/image2_black_jacket/single_bezier/geometry_only_reconstruction/learned_delta_only.png",
        "learned_geometry_on_original": "/home/interns/Desktop/amit_code/targeted_experiments/geometry_family_attribution/image2_black_jacket/single_bezier/geometry_only_reconstruction/learned_geometry_on_original.png",
        "learned_geometry_on_reconstruction": "/home/interns/Desktop/amit_code/targeted_experiments/geometry_family_attribution/image2_black_jacket/single_bezier/geometry_only_reconstruction/learned_geometry_on_reconstruction.png",
        "learned_combined": "/home/interns/Desktop/amit_code/targeted_experiments/geometry_family_attribution/image2_black_jacket/single_bezier/geometry_only_reconstruction/learned_combined.png",
        "geometry_then_vae_reconstruction": "/home/interns/Desktop/amit_code/targeted_experiments/geometry_family_attribution/image2_black_jacket/single_bezier/geometry_only_reconstruction/geometry_then_vae_reconstruction.png"
      }
    }
  ],
  "num_stage_edits": 15,
  "output_root": "/home/interns/Desktop/amit_code/targeted_experiments/geometry_family_attribution/image2_black_jacket/single_bezier"
}
