/home/interns/.local/lib/python3.10/site-packages/huggingface_hub/utils/_validators.py:205: UserWarning: The `local_dir_use_symlinks` argument is deprecated and ignored in `hf_hub_download`. Downloading to a local directory does not use symlinks anymore.
  warnings.warn(
/home/interns/Desktop/parth_cleanup/face4/face4/models/arcface.py:75: FutureWarning: You are using `torch.load` with `weights_only=False` (the current default value), which uses the default pickle module implicitly. It is possible to construct malicious pickle data which will execute arbitrary code during unpickling (See https://github.com/pytorch/pytorch/blob/main/SECURITY.md#untrusted-models for more details). In a future release, the default value for `weights_only` will be flipped to `True`. This limits the functions that could be executed during unpickling. Arbitrary objects will no longer be allowed to be loaded via this mode unless they are explicitly allowlisted by the user via `torch.serialization.add_safe_globals`. We recommend you start setting `weights_only=True` for any use case where you don't have full control of the loaded file. Please open an issue on GitHub for any issues related to this experimental feature.
  payload = torch.load(self.checkpoint_path, map_location="cpu")
/home/interns/Desktop/parth_cleanup/face4/face4/models/iresnet.py:98: FutureWarning: `torch.cuda.amp.autocast(args...)` is deprecated. Please use `torch.amp.autocast('cuda', args...)` instead.
  with torch.cuda.amp.autocast(enabled=self.fp16):
Loading InstructPix2Pix VAE from 'timbrooks/instruct-pix2pix' ...
  ✓ InstructPix2Pix VAE loaded.
Loading FACE4 ArcFace from /home/interns/Desktop/parth_cleanup/face4 with checkpoint /home/interns/Desktop/parth_cleanup/face4/models/arcface/iresnet100.pth
[combined] 001/020 loss=0.26497 id_sim=0.94072 ssim=0.82395 0.46s
[combined] 002/020 loss=-0.47117 id_sim=0.77585 ssim=0.75017 0.38s
[combined] 003/020 loss=-1.48086 id_sim=0.67847 ssim=0.75533 0.62s
[combined] 004/020 loss=-2.12879 id_sim=0.59750 ssim=0.72961 0.64s
[combined] 005/020 loss=-3.11667 id_sim=0.50139 ssim=0.73349 0.64s
[combined] 006/020 loss=-4.01250 id_sim=0.42650 ssim=0.75598 0.66s
[combined] 007/020 loss=-4.66587 id_sim=0.36186 ssim=0.75686 0.63s
[combined] 008/020 loss=-5.11687 id_sim=0.30719 ssim=0.74186 0.62s
[combined] 009/020 loss=-5.65483 id_sim=0.25499 ssim=0.74381 0.61s
[combined] 010/020 loss=-6.21826 id_sim=0.20865 ssim=0.75898 0.64s
[combined] 011/020 loss=-6.67644 id_sim=0.17848 ssim=0.77701 0.64s
[combined] 012/020 loss=-7.13767 id_sim=0.14219 ssim=0.78704 0.64s
[combined] 013/020 loss=-7.57251 id_sim=0.11101 ssim=0.79939 0.65s
[combined] 014/020 loss=-8.05500 id_sim=0.08865 ssim=0.81760 0.61s
[combined] 015/020 loss=-8.33688 id_sim=0.05521 ssim=0.81505 0.64s
[combined] 016/020 loss=-8.68639 id_sim=0.01665 ssim=0.81234 0.61s
[combined] 017/020 loss=-9.03098 id_sim=-0.02126 ssim=0.80830 0.63s
[combined] 018/020 loss=-9.37153 id_sim=-0.05617 ssim=0.80654 0.64s
[combined] 019/020 loss=-9.75247 id_sim=-0.08988 ssim=0.80784 0.63s
[combined] 020/020 loss=-10.12695 id_sim=-0.12231 ssim=0.80908 0.63s

Loading pipeline components...:   0%|          | 0/6 [00:00<?, ?it/s][0;93m2026-07-20 20:43:57.079582570 [W:onnxruntime:Default, device_discovery.cc:164 DiscoverDevicesForPlatform] GPU device discovery failed: device_discovery.cc:89 ReadFileContents Failed to open file: "/sys/class/drm/card0/device/vendor"[m

Loading pipeline components...:  17%|█▋        | 1/6 [00:03<00:19,  3.97s/it]
Loading pipeline components...:  33%|███▎      | 2/6 [00:04<00:08,  2.22s/it]
Loading pipeline components...:  83%|████████▎ | 5/6 [00:05<00:00,  1.38it/s]

Loading weights:   0%|          | 0/196 [00:00<?, ?it/s][A

Loading weights:  71%|███████   | 139/196 [00:00<00:00, 1387.29it/s][A
Loading weights: 100%|██████████| 196/196 [00:00<00:00, 1556.04it/s]

Loading pipeline components...: 100%|██████████| 6/6 [00:05<00:00,  1.52it/s]
Loading pipeline components...: 100%|██████████| 6/6 [00:05<00:00,  1.03it/s]
Loading FACE4 ArcFace from /home/interns/Desktop/parth_cleanup/face4 with checkpoint /home/interns/Desktop/parth_cleanup/face4/models/arcface/iresnet100.pth
{
  "status": "complete",
  "face_id": "image_2",
  "prompt": "Add a black jacket",
  "warp_type": "bspline+lens",
  "warp_components": [
    "bspline",
    "lens"
  ],
  "modes": [
    "combined"
  ],
  "mode_summaries": [
    {
      "mode": "combined",
      "best_iter": 19,
      "best_loss": -10.126954078674316,
      "iterations": 20,
      "mean_seconds_iter": 0.6106688718311488,
      "peak_vram_gb": 6.507429599761963,
      "replay_images": {
        "vae_reconstruction": "/home/interns/Desktop/amit_code/targeted_experiments/geometry_family_attribution/image2_black_jacket/combined_bspline_lens/combined/vae_reconstruction.png",
        "learned_delta_only": "/home/interns/Desktop/amit_code/targeted_experiments/geometry_family_attribution/image2_black_jacket/combined_bspline_lens/combined/learned_delta_only.png",
        "learned_geometry_on_original": "/home/interns/Desktop/amit_code/targeted_experiments/geometry_family_attribution/image2_black_jacket/combined_bspline_lens/combined/learned_geometry_on_original.png",
        "learned_geometry_on_reconstruction": "/home/interns/Desktop/amit_code/targeted_experiments/geometry_family_attribution/image2_black_jacket/combined_bspline_lens/combined/learned_geometry_on_reconstruction.png",
        "learned_combined": "/home/interns/Desktop/amit_code/targeted_experiments/geometry_family_attribution/image2_black_jacket/combined_bspline_lens/combined/learned_combined.png",
        "geometry_then_vae_reconstruction": "/home/interns/Desktop/amit_code/targeted_experiments/geometry_family_attribution/image2_black_jacket/combined_bspline_lens/combined/geometry_then_vae_reconstruction.png"
      }
    }
  ],
  "num_stage_edits": 9,
  "output_root": "/home/interns/Desktop/amit_code/targeted_experiments/geometry_family_attribution/image2_black_jacket/combined_bspline_lens"
}
