/home/interns/.local/lib/python3.10/site-packages/huggingface_hub/utils/_validators.py:205: UserWarning: The `local_dir_use_symlinks` argument is deprecated and ignored in `hf_hub_download`. Downloading to a local directory does not use symlinks anymore.
  warnings.warn(
/home/interns/Desktop/parth_cleanup/face4/face4/models/arcface.py:75: FutureWarning: You are using `torch.load` with `weights_only=False` (the current default value), which uses the default pickle module implicitly. It is possible to construct malicious pickle data which will execute arbitrary code during unpickling (See https://github.com/pytorch/pytorch/blob/main/SECURITY.md#untrusted-models for more details). In a future release, the default value for `weights_only` will be flipped to `True`. This limits the functions that could be executed during unpickling. Arbitrary objects will no longer be allowed to be loaded via this mode unless they are explicitly allowlisted by the user via `torch.serialization.add_safe_globals`. We recommend you start setting `weights_only=True` for any use case where you don't have full control of the loaded file. Please open an issue on GitHub for any issues related to this experimental feature.
  payload = torch.load(self.checkpoint_path, map_location="cpu")
/home/interns/Desktop/parth_cleanup/face4/face4/models/iresnet.py:98: FutureWarning: `torch.cuda.amp.autocast(args...)` is deprecated. Please use `torch.amp.autocast('cuda', args...)` instead.
  with torch.cuda.amp.autocast(enabled=self.fp16):
Loading InstructPix2Pix VAE from 'timbrooks/instruct-pix2pix' ...
  ✓ InstructPix2Pix VAE loaded.
Loading FACE4 ArcFace from /home/interns/Desktop/parth_cleanup/face4 with checkpoint /home/interns/Desktop/parth_cleanup/face4/models/arcface/iresnet100.pth
[geometry_only_original] 001/020 loss=-0.00000 id_sim=1.00000 ssim=1.00000 0.42s
[geometry_only_original] 002/020 loss=-0.00002 id_sim=0.99998 ssim=0.99976 0.24s
[geometry_only_original] 003/020 loss=-0.00008 id_sim=0.99999 ssim=0.99988 0.21s
[geometry_only_original] 004/020 loss=-0.00017 id_sim=0.99997 ssim=0.99974 0.23s
[geometry_only_original] 005/020 loss=-0.00037 id_sim=0.99992 ssim=0.99944 0.20s
[geometry_only_original] 006/020 loss=-0.00088 id_sim=0.99983 ssim=0.99902 0.20s
[geometry_only_original] 007/020 loss=-0.00182 id_sim=0.99966 ssim=0.99855 0.21s
[geometry_only_original] 008/020 loss=-0.00312 id_sim=0.99944 ssim=0.99806 0.25s
[geometry_only_original] 009/020 loss=-0.00496 id_sim=0.99914 ssim=0.99755 0.25s
[geometry_only_original] 010/020 loss=-0.00737 id_sim=0.99875 ssim=0.99701 0.23s
[geometry_only_original] 011/020 loss=-0.01015 id_sim=0.99830 ssim=0.99644 0.21s
[geometry_only_original] 012/020 loss=-0.01335 id_sim=0.99779 ssim=0.99583 0.20s
[geometry_only_original] 013/020 loss=-0.01596 id_sim=0.99730 ssim=0.99514 0.19s
[geometry_only_original] 014/020 loss=-0.01971 id_sim=0.99664 ssim=0.99432 0.21s
[geometry_only_original] 015/020 loss=-0.02399 id_sim=0.99590 ssim=0.99343 0.20s
[geometry_only_original] 016/020 loss=-0.02873 id_sim=0.99510 ssim=0.99259 0.24s
[geometry_only_original] 017/020 loss=-0.03384 id_sim=0.99424 ssim=0.99177 0.22s
[geometry_only_original] 018/020 loss=-0.04059 id_sim=0.99317 ssim=0.99088 0.21s
[geometry_only_original] 019/020 loss=-0.04780 id_sim=0.99201 ssim=0.98990 0.21s
[geometry_only_original] 020/020 loss=-0.05340 id_sim=0.99098 ssim=0.98882 0.19s
[geometry_only_reconstruction] 001/020 loss=0.18643 id_sim=0.94208 ssim=0.84190 0.19s
[geometry_only_reconstruction] 002/020 loss=0.18861 id_sim=0.94228 ssim=0.84225 0.21s
[geometry_only_reconstruction] 003/020 loss=0.18537 id_sim=0.94193 ssim=0.84233 0.22s
[geometry_only_reconstruction] 004/020 loss=0.18096 id_sim=0.94144 ssim=0.84235 0.22s
[geometry_only_reconstruction] 005/020 loss=0.17550 id_sim=0.94082 ssim=0.84238 0.21s
[geometry_only_reconstruction] 006/020 loss=0.17351 id_sim=0.94053 ssim=0.84241 0.21s
[geometry_only_reconstruction] 007/020 loss=0.17039 id_sim=0.94010 ssim=0.84243 0.21s
[geometry_only_reconstruction] 008/020 loss=0.16790 id_sim=0.93971 ssim=0.84242 0.23s
[geometry_only_reconstruction] 009/020 loss=0.16494 id_sim=0.93927 ssim=0.84241 0.22s
[geometry_only_reconstruction] 010/020 loss=0.16138 id_sim=0.93879 ssim=0.84240 0.22s
[geometry_only_reconstruction] 011/020 loss=0.15778 id_sim=0.93835 ssim=0.84238 0.22s
[geometry_only_reconstruction] 012/020 loss=0.15232 id_sim=0.93774 ssim=0.84235 0.21s
[geometry_only_reconstruction] 013/020 loss=0.14754 id_sim=0.93724 ssim=0.84230 0.22s
[geometry_only_reconstruction] 014/020 loss=0.14257 id_sim=0.93673 ssim=0.84221 0.28s
[geometry_only_reconstruction] 015/020 loss=0.13766 id_sim=0.93624 ssim=0.84218 0.21s
[geometry_only_reconstruction] 016/020 loss=0.13079 id_sim=0.93556 ssim=0.84213 0.22s
[geometry_only_reconstruction] 017/020 loss=0.12387 id_sim=0.93488 ssim=0.84205 0.24s
[geometry_only_reconstruction] 018/020 loss=0.11934 id_sim=0.93442 ssim=0.84196 0.21s
[geometry_only_reconstruction] 019/020 loss=0.11577 id_sim=0.93406 ssim=0.84184 0.22s
[geometry_only_reconstruction] 020/020 loss=0.11128 id_sim=0.93359 ssim=0.84170 0.21s

Loading pipeline components...:   0%|          | 0/6 [00:00<?, ?it/s][0;93m2026-07-20 22:27:56.190874582 [W:onnxruntime:Default, device_discovery.cc:164 DiscoverDevicesForPlatform] GPU device discovery failed: device_discovery.cc:89 ReadFileContents Failed to open file: "/sys/class/drm/card0/device/vendor"[m

Loading pipeline components...:  17%|█▋        | 1/6 [00:00<00:00,  5.01it/s]
Loading pipeline components...:  33%|███▎      | 2/6 [00:00<00:02,  1.97it/s]
Loading pipeline components...:  83%|████████▎ | 5/6 [00:04<00:00,  1.09it/s]

Loading weights:   0%|          | 0/196 [00:00<?, ?it/s][A

Loading weights:  96%|█████████▋| 189/196 [00:00<00:00, 1889.17it/s][A
Loading weights: 100%|██████████| 196/196 [00:00<00:00, 1934.41it/s]

Loading pipeline components...: 100%|██████████| 6/6 [00:04<00:00,  1.29it/s]
Loading pipeline components...: 100%|██████████| 6/6 [00:04<00:00,  1.32it/s]
Loading FACE4 ArcFace from /home/interns/Desktop/parth_cleanup/face4 with checkpoint /home/interns/Desktop/parth_cleanup/face4/models/arcface/iresnet100.pth
{
  "status": "complete",
  "face_id": "image_4",
  "prompt": "Add a red scarf",
  "warp_type": "rolling",
  "warp_components": [
    "rolling"
  ],
  "modes": [
    "geometry_only_original",
    "geometry_only_reconstruction"
  ],
  "mode_summaries": [
    {
      "mode": "geometry_only_original",
      "best_iter": 19,
      "best_loss": -0.05339884012937546,
      "iterations": 20,
      "mean_seconds_iter": 0.226199022680521,
      "peak_vram_gb": 0.7513766288757324,
      "replay_images": {
        "vae_reconstruction": "/home/interns/Desktop/amit_code/targeted_experiments/geometry_family_attribution/image4_red_scarf/single_rolling/geometry_only_original/vae_reconstruction.png",
        "learned_delta_only": "/home/interns/Desktop/amit_code/targeted_experiments/geometry_family_attribution/image4_red_scarf/single_rolling/geometry_only_original/learned_delta_only.png",
        "learned_geometry_on_original": "/home/interns/Desktop/amit_code/targeted_experiments/geometry_family_attribution/image4_red_scarf/single_rolling/geometry_only_original/learned_geometry_on_original.png",
        "learned_geometry_on_reconstruction": "/home/interns/Desktop/amit_code/targeted_experiments/geometry_family_attribution/image4_red_scarf/single_rolling/geometry_only_original/learned_geometry_on_reconstruction.png",
        "learned_combined": "/home/interns/Desktop/amit_code/targeted_experiments/geometry_family_attribution/image4_red_scarf/single_rolling/geometry_only_original/learned_combined.png",
        "geometry_then_vae_reconstruction": "/home/interns/Desktop/amit_code/targeted_experiments/geometry_family_attribution/image4_red_scarf/single_rolling/geometry_only_original/geometry_then_vae_reconstruction.png"
      }
    },
    {
      "mode": "geometry_only_reconstruction",
      "best_iter": 19,
      "best_loss": 0.11128087341785431,
      "iterations": 20,
      "mean_seconds_iter": 0.21816310696303845,
      "peak_vram_gb": 0.7513766288757324,
      "replay_images": {
        "vae_reconstruction": "/home/interns/Desktop/amit_code/targeted_experiments/geometry_family_attribution/image4_red_scarf/single_rolling/geometry_only_reconstruction/vae_reconstruction.png",
        "learned_delta_only": "/home/interns/Desktop/amit_code/targeted_experiments/geometry_family_attribution/image4_red_scarf/single_rolling/geometry_only_reconstruction/learned_delta_only.png",
        "learned_geometry_on_original": "/home/interns/Desktop/amit_code/targeted_experiments/geometry_family_attribution/image4_red_scarf/single_rolling/geometry_only_reconstruction/learned_geometry_on_original.png",
        "learned_geometry_on_reconstruction": "/home/interns/Desktop/amit_code/targeted_experiments/geometry_family_attribution/image4_red_scarf/single_rolling/geometry_only_reconstruction/learned_geometry_on_reconstruction.png",
        "learned_combined": "/home/interns/Desktop/amit_code/targeted_experiments/geometry_family_attribution/image4_red_scarf/single_rolling/geometry_only_reconstruction/learned_combined.png",
        "geometry_then_vae_reconstruction": "/home/interns/Desktop/amit_code/targeted_experiments/geometry_family_attribution/image4_red_scarf/single_rolling/geometry_only_reconstruction/geometry_then_vae_reconstruction.png"
      }
    }
  ],
  "num_stage_edits": 15,
  "output_root": "/home/interns/Desktop/amit_code/targeted_experiments/geometry_family_attribution/image4_red_scarf/single_rolling"
}
