/home/interns/.local/lib/python3.10/site-packages/huggingface_hub/utils/_validators.py:205: UserWarning: The `local_dir_use_symlinks` argument is deprecated and ignored in `hf_hub_download`. Downloading to a local directory does not use symlinks anymore.
  warnings.warn(
/home/interns/Desktop/parth_cleanup/face4/face4/models/arcface.py:75: FutureWarning: You are using `torch.load` with `weights_only=False` (the current default value), which uses the default pickle module implicitly. It is possible to construct malicious pickle data which will execute arbitrary code during unpickling (See https://github.com/pytorch/pytorch/blob/main/SECURITY.md#untrusted-models for more details). In a future release, the default value for `weights_only` will be flipped to `True`. This limits the functions that could be executed during unpickling. Arbitrary objects will no longer be allowed to be loaded via this mode unless they are explicitly allowlisted by the user via `torch.serialization.add_safe_globals`. We recommend you start setting `weights_only=True` for any use case where you don't have full control of the loaded file. Please open an issue on GitHub for any issues related to this experimental feature.
  payload = torch.load(self.checkpoint_path, map_location="cpu")
/home/interns/Desktop/parth_cleanup/face4/face4/models/iresnet.py:98: FutureWarning: `torch.cuda.amp.autocast(args...)` is deprecated. Please use `torch.amp.autocast('cuda', args...)` instead.
  with torch.cuda.amp.autocast(enabled=self.fp16):
Loading InstructPix2Pix VAE from 'timbrooks/instruct-pix2pix' ...
  ✓ InstructPix2Pix VAE loaded.
Loading FACE4 ArcFace from /home/interns/Desktop/parth_cleanup/face4 with checkpoint /home/interns/Desktop/parth_cleanup/face4/models/arcface/iresnet100.pth
[geometry_only_original] 001/020 loss=-0.00000 id_sim=1.00000 ssim=1.00000 0.40s
[geometry_only_original] 002/020 loss=-0.00069 id_sim=0.99985 ssim=0.99902 0.22s
[geometry_only_original] 003/020 loss=-0.00821 id_sim=0.99908 ssim=0.99973 0.21s
[geometry_only_original] 004/020 loss=-0.02245 id_sim=0.99757 ssim=0.99957 0.22s
[geometry_only_original] 005/020 loss=-0.04388 id_sim=0.99527 ssim=0.99919 0.22s
[geometry_only_original] 006/020 loss=-0.07742 id_sim=0.99170 ssim=0.99869 0.21s
[geometry_only_original] 007/020 loss=-0.11728 id_sim=0.98744 ssim=0.99802 0.20s
[geometry_only_original] 008/020 loss=-0.16804 id_sim=0.98201 ssim=0.99719 0.23s
[geometry_only_original] 009/020 loss=-0.23066 id_sim=0.97534 ssim=0.99621 0.20s
[geometry_only_original] 010/020 loss=-0.29291 id_sim=0.96863 ssim=0.99504 0.21s
[geometry_only_original] 011/020 loss=-0.35617 id_sim=0.96173 ssim=0.99367 0.20s
[geometry_only_original] 012/020 loss=-0.42316 id_sim=0.95439 ssim=0.99217 0.20s
[geometry_only_original] 013/020 loss=-0.49129 id_sim=0.94684 ssim=0.99050 0.21s
[geometry_only_original] 014/020 loss=-0.55855 id_sim=0.93931 ssim=0.98871 0.23s
[geometry_only_original] 015/020 loss=-0.62258 id_sim=0.93204 ssim=0.98672 0.20s
[geometry_only_original] 016/020 loss=-0.68381 id_sim=0.92501 ssim=0.98462 0.20s
[geometry_only_original] 017/020 loss=-0.73543 id_sim=0.91897 ssim=0.98256 0.20s
[geometry_only_original] 018/020 loss=-0.78736 id_sim=0.91289 ssim=0.98055 0.21s
[geometry_only_original] 019/020 loss=-0.83527 id_sim=0.90723 ssim=0.97861 0.22s
[geometry_only_original] 020/020 loss=-0.88140 id_sim=0.90177 ssim=0.97677 0.22s
[geometry_only_reconstruction] 001/020 loss=0.26335 id_sim=0.94056 ssim=0.82395 0.23s
[geometry_only_reconstruction] 002/020 loss=0.24751 id_sim=0.93887 ssim=0.82613 0.21s
[geometry_only_reconstruction] 003/020 loss=0.20708 id_sim=0.93466 ssim=0.82750 0.24s
[geometry_only_reconstruction] 004/020 loss=0.15970 id_sim=0.92969 ssim=0.82867 0.23s
[geometry_only_reconstruction] 005/020 loss=0.11227 id_sim=0.92463 ssim=0.82978 0.23s
[geometry_only_reconstruction] 006/020 loss=0.07280 id_sim=0.92029 ssim=0.83078 0.23s
[geometry_only_reconstruction] 007/020 loss=0.03002 id_sim=0.91556 ssim=0.83167 0.23s
[geometry_only_reconstruction] 008/020 loss=-0.01433 id_sim=0.91060 ssim=0.83245 0.23s
[geometry_only_reconstruction] 009/020 loss=-0.05594 id_sim=0.90585 ssim=0.83309 0.23s
[geometry_only_reconstruction] 010/020 loss=-0.09308 id_sim=0.90156 ssim=0.83359 0.23s
[geometry_only_reconstruction] 011/020 loss=-0.12872 id_sim=0.89744 ssim=0.83396 0.22s
[geometry_only_reconstruction] 012/020 loss=-0.15735 id_sim=0.89407 ssim=0.83423 0.24s
[geometry_only_reconstruction] 013/020 loss=-0.18786 id_sim=0.89055 ssim=0.83443 0.22s
[geometry_only_reconstruction] 014/020 loss=-0.21882 id_sim=0.88699 ssim=0.83458 0.24s
[geometry_only_reconstruction] 015/020 loss=-0.24866 id_sim=0.88355 ssim=0.83467 0.21s
[geometry_only_reconstruction] 016/020 loss=-0.27682 id_sim=0.88027 ssim=0.83469 0.22s
[geometry_only_reconstruction] 017/020 loss=-0.30189 id_sim=0.87729 ssim=0.83467 0.22s
[geometry_only_reconstruction] 018/020 loss=-0.32651 id_sim=0.87434 ssim=0.83460 0.21s
[geometry_only_reconstruction] 019/020 loss=-0.34723 id_sim=0.87178 ssim=0.83451 0.22s
[geometry_only_reconstruction] 020/020 loss=-0.36877 id_sim=0.86914 ssim=0.83440 0.22s

Loading pipeline components...:   0%|          | 0/6 [00:00<?, ?it/s][0;93m2026-07-20 20:30:02.833562009 [W:onnxruntime:Default, device_discovery.cc:164 DiscoverDevicesForPlatform] GPU device discovery failed: device_discovery.cc:89 ReadFileContents Failed to open file: "/sys/class/drm/card0/device/vendor"[m

Loading pipeline components...:  17%|█▋        | 1/6 [00:03<00:18,  3.60s/it]
Loading pipeline components...:  33%|███▎      | 2/6 [00:03<00:06,  1.63s/it]

Loading weights:   0%|          | 0/196 [00:00<?, ?it/s][A

Loading weights:  79%|███████▉  | 155/196 [00:00<00:00, 1545.71it/s][A
Loading weights: 100%|██████████| 196/196 [00:00<00:00, 1459.52it/s]

Loading pipeline components...:  50%|█████     | 3/6 [00:04<00:03,  1.13s/it]
Loading pipeline components...: 100%|██████████| 6/6 [00:05<00:00,  1.71it/s]
Loading pipeline components...: 100%|██████████| 6/6 [00:05<00:00,  1.13it/s]
Loading FACE4 ArcFace from /home/interns/Desktop/parth_cleanup/face4 with checkpoint /home/interns/Desktop/parth_cleanup/face4/models/arcface/iresnet100.pth
{
  "status": "complete",
  "face_id": "image_2",
  "prompt": "Add a black jacket",
  "warp_type": "delaunay",
  "warp_components": [
    "delaunay"
  ],
  "modes": [
    "geometry_only_original",
    "geometry_only_reconstruction"
  ],
  "mode_summaries": [
    {
      "mode": "geometry_only_original",
      "best_iter": 19,
      "best_loss": -0.8813994526863098,
      "iterations": 20,
      "mean_seconds_iter": 0.22048613820225,
      "peak_vram_gb": 0.7665505409240723,
      "replay_images": {
        "vae_reconstruction": "/home/interns/Desktop/amit_code/targeted_experiments/geometry_family_attribution/image2_black_jacket/single_delaunay/geometry_only_original/vae_reconstruction.png",
        "learned_delta_only": "/home/interns/Desktop/amit_code/targeted_experiments/geometry_family_attribution/image2_black_jacket/single_delaunay/geometry_only_original/learned_delta_only.png",
        "learned_geometry_on_original": "/home/interns/Desktop/amit_code/targeted_experiments/geometry_family_attribution/image2_black_jacket/single_delaunay/geometry_only_original/learned_geometry_on_original.png",
        "learned_geometry_on_reconstruction": "/home/interns/Desktop/amit_code/targeted_experiments/geometry_family_attribution/image2_black_jacket/single_delaunay/geometry_only_original/learned_geometry_on_reconstruction.png",
        "learned_combined": "/home/interns/Desktop/amit_code/targeted_experiments/geometry_family_attribution/image2_black_jacket/single_delaunay/geometry_only_original/learned_combined.png",
        "geometry_then_vae_reconstruction": "/home/interns/Desktop/amit_code/targeted_experiments/geometry_family_attribution/image2_black_jacket/single_delaunay/geometry_only_original/geometry_then_vae_reconstruction.png"
      }
    },
    {
      "mode": "geometry_only_reconstruction",
      "best_iter": 19,
      "best_loss": -0.36876997351646423,
      "iterations": 20,
      "mean_seconds_iter": 0.22424173271283507,
      "peak_vram_gb": 0.7662453651428223,
      "replay_images": {
        "vae_reconstruction": "/home/interns/Desktop/amit_code/targeted_experiments/geometry_family_attribution/image2_black_jacket/single_delaunay/geometry_only_reconstruction/vae_reconstruction.png",
        "learned_delta_only": "/home/interns/Desktop/amit_code/targeted_experiments/geometry_family_attribution/image2_black_jacket/single_delaunay/geometry_only_reconstruction/learned_delta_only.png",
        "learned_geometry_on_original": "/home/interns/Desktop/amit_code/targeted_experiments/geometry_family_attribution/image2_black_jacket/single_delaunay/geometry_only_reconstruction/learned_geometry_on_original.png",
        "learned_geometry_on_reconstruction": "/home/interns/Desktop/amit_code/targeted_experiments/geometry_family_attribution/image2_black_jacket/single_delaunay/geometry_only_reconstruction/learned_geometry_on_reconstruction.png",
        "learned_combined": "/home/interns/Desktop/amit_code/targeted_experiments/geometry_family_attribution/image2_black_jacket/single_delaunay/geometry_only_reconstruction/learned_combined.png",
        "geometry_then_vae_reconstruction": "/home/interns/Desktop/amit_code/targeted_experiments/geometry_family_attribution/image2_black_jacket/single_delaunay/geometry_only_reconstruction/geometry_then_vae_reconstruction.png"
      }
    }
  ],
  "num_stage_edits": 15,
  "output_root": "/home/interns/Desktop/amit_code/targeted_experiments/geometry_family_attribution/image2_black_jacket/single_delaunay"
}
