/home/interns/.local/lib/python3.10/site-packages/huggingface_hub/utils/_validators.py:205: UserWarning: The `local_dir_use_symlinks` argument is deprecated and ignored in `hf_hub_download`. Downloading to a local directory does not use symlinks anymore.
  warnings.warn(
/home/interns/Desktop/parth_cleanup/face4/face4/models/arcface.py:75: FutureWarning: You are using `torch.load` with `weights_only=False` (the current default value), which uses the default pickle module implicitly. It is possible to construct malicious pickle data which will execute arbitrary code during unpickling (See https://github.com/pytorch/pytorch/blob/main/SECURITY.md#untrusted-models for more details). In a future release, the default value for `weights_only` will be flipped to `True`. This limits the functions that could be executed during unpickling. Arbitrary objects will no longer be allowed to be loaded via this mode unless they are explicitly allowlisted by the user via `torch.serialization.add_safe_globals`. We recommend you start setting `weights_only=True` for any use case where you don't have full control of the loaded file. Please open an issue on GitHub for any issues related to this experimental feature.
  payload = torch.load(self.checkpoint_path, map_location="cpu")
/home/interns/Desktop/parth_cleanup/face4/face4/models/iresnet.py:98: FutureWarning: `torch.cuda.amp.autocast(args...)` is deprecated. Please use `torch.amp.autocast('cuda', args...)` instead.
  with torch.cuda.amp.autocast(enabled=self.fp16):
Loading InstructPix2Pix VAE from 'timbrooks/instruct-pix2pix' ...
  ✓ InstructPix2Pix VAE loaded.
Loading FACE4 ArcFace from /home/interns/Desktop/parth_cleanup/face4 with checkpoint /home/interns/Desktop/parth_cleanup/face4/models/arcface/iresnet100.pth
[geometry_only_original] 001/020 loss=-0.00000 id_sim=1.00000 ssim=1.00000 0.42s
[geometry_only_original] 002/020 loss=0.00833 id_sim=0.99895 ssim=0.98834 0.22s
[geometry_only_original] 003/020 loss=0.00306 id_sim=0.99990 ssim=0.99349 0.21s
[geometry_only_original] 004/020 loss=0.00193 id_sim=0.99965 ssim=0.99717 0.23s
[geometry_only_original] 005/020 loss=0.00501 id_sim=0.99906 ssim=0.99572 0.20s
[geometry_only_original] 006/020 loss=-0.00439 id_sim=0.99749 ssim=0.99433 0.20s
[geometry_only_original] 007/020 loss=-0.03007 id_sim=0.99411 ssim=0.99214 0.20s
[geometry_only_original] 008/020 loss=-0.08040 id_sim=0.98758 ssim=0.98920 0.20s
[geometry_only_original] 009/020 loss=-0.14851 id_sim=0.97806 ssim=0.98208 0.20s
[geometry_only_original] 010/020 loss=-0.22088 id_sim=0.96734 ssim=0.97259 0.20s
[geometry_only_original] 011/020 loss=-0.28990 id_sim=0.95619 ssim=0.96354 0.20s
[geometry_only_original] 012/020 loss=-0.36541 id_sim=0.94390 ssim=0.95518 0.20s
[geometry_only_original] 013/020 loss=-0.43173 id_sim=0.93248 ssim=0.94651 0.23s
[geometry_only_original] 014/020 loss=-0.50396 id_sim=0.92086 ssim=0.93758 0.23s
[geometry_only_original] 015/020 loss=-0.56454 id_sim=0.91017 ssim=0.92817 0.22s
[geometry_only_original] 016/020 loss=-0.61902 id_sim=0.89978 ssim=0.91799 0.20s
[geometry_only_original] 017/020 loss=-0.63802 id_sim=0.89263 ssim=0.90704 0.23s
[geometry_only_original] 018/020 loss=-0.65306 id_sim=0.88575 ssim=0.89598 0.22s
[geometry_only_original] 019/020 loss=-0.65595 id_sim=0.88049 ssim=0.88574 0.20s
[geometry_only_original] 020/020 loss=-0.65076 id_sim=0.87735 ssim=0.87818 0.20s
[geometry_only_reconstruction] 001/020 loss=0.26414 id_sim=0.94064 ssim=0.82395 0.20s
[geometry_only_reconstruction] 002/020 loss=0.19194 id_sim=0.93111 ssim=0.82872 0.21s
[geometry_only_reconstruction] 003/020 loss=0.14247 id_sim=0.92088 ssim=0.82987 0.23s
[geometry_only_reconstruction] 004/020 loss=0.10045 id_sim=0.91158 ssim=0.83020 0.21s
[geometry_only_reconstruction] 005/020 loss=0.08703 id_sim=0.90493 ssim=0.82875 0.21s
[geometry_only_reconstruction] 006/020 loss=0.07986 id_sim=0.90179 ssim=0.82915 0.22s
[geometry_only_reconstruction] 007/020 loss=0.06937 id_sim=0.89961 ssim=0.82812 0.21s
[geometry_only_reconstruction] 008/020 loss=0.05435 id_sim=0.89810 ssim=0.82805 0.20s
[geometry_only_reconstruction] 009/020 loss=0.04325 id_sim=0.89755 ssim=0.82867 0.23s
[geometry_only_reconstruction] 010/020 loss=0.04474 id_sim=0.89817 ssim=0.82909 0.21s
[geometry_only_reconstruction] 011/020 loss=0.04123 id_sim=0.89808 ssim=0.82930 0.20s
[geometry_only_reconstruction] 012/020 loss=0.03766 id_sim=0.89741 ssim=0.82924 0.20s
[geometry_only_reconstruction] 013/020 loss=0.03822 id_sim=0.89659 ssim=0.82900 0.20s
[geometry_only_reconstruction] 014/020 loss=0.04518 id_sim=0.89644 ssim=0.82865 0.21s
[geometry_only_reconstruction] 015/020 loss=0.04583 id_sim=0.89633 ssim=0.82868 0.20s
[geometry_only_reconstruction] 016/020 loss=0.03864 id_sim=0.89607 ssim=0.82919 0.20s
[geometry_only_reconstruction] 017/020 loss=0.02890 id_sim=0.89577 ssim=0.82990 0.20s
[geometry_only_reconstruction] 018/020 loss=0.01848 id_sim=0.89583 ssim=0.83071 0.20s
[geometry_only_reconstruction] 019/020 loss=0.01477 id_sim=0.89644 ssim=0.83137 0.21s
[geometry_only_reconstruction] 020/020 loss=0.01470 id_sim=0.89700 ssim=0.83174 0.20s

Loading pipeline components...:   0%|          | 0/6 [00:00<?, ?it/s][0;93m2026-07-20 20:35:53.407678784 [W:onnxruntime:Default, device_discovery.cc:164 DiscoverDevicesForPlatform] GPU device discovery failed: device_discovery.cc:89 ReadFileContents Failed to open file: "/sys/class/drm/card0/device/vendor"[m


Loading weights:   0%|          | 0/196 [00:00<?, ?it/s][A

Loading weights:  77%|███████▋  | 151/196 [00:00<00:00, 1508.66it/s][A
Loading weights: 100%|██████████| 196/196 [00:00<00:00, 1699.84it/s]

Loading pipeline components...:  33%|███▎      | 2/6 [00:00<00:00,  4.15it/s]
Loading pipeline components...:  50%|█████     | 3/6 [00:00<00:00,  4.37it/s]
Loading pipeline components...:  67%|██████▋   | 4/6 [00:05<00:03,  1.91s/it]
Loading pipeline components...: 100%|██████████| 6/6 [00:06<00:00,  1.14s/it]
Loading pipeline components...: 100%|██████████| 6/6 [00:06<00:00,  1.04s/it]
Loading FACE4 ArcFace from /home/interns/Desktop/parth_cleanup/face4 with checkpoint /home/interns/Desktop/parth_cleanup/face4/models/arcface/iresnet100.pth
{
  "status": "complete",
  "face_id": "image_2",
  "prompt": "Add a black jacket",
  "warp_type": "homography",
  "warp_components": [
    "homography"
  ],
  "modes": [
    "geometry_only_original",
    "geometry_only_reconstruction"
  ],
  "mode_summaries": [
    {
      "mode": "geometry_only_original",
      "best_iter": 18,
      "best_loss": -0.655950665473938,
      "iterations": 20,
      "mean_seconds_iter": 0.2208394816145301,
      "peak_vram_gb": 0.750432014465332,
      "replay_images": {
        "vae_reconstruction": "/home/interns/Desktop/amit_code/targeted_experiments/geometry_family_attribution/image2_black_jacket/single_homography/geometry_only_original/vae_reconstruction.png",
        "learned_delta_only": "/home/interns/Desktop/amit_code/targeted_experiments/geometry_family_attribution/image2_black_jacket/single_homography/geometry_only_original/learned_delta_only.png",
        "learned_geometry_on_original": "/home/interns/Desktop/amit_code/targeted_experiments/geometry_family_attribution/image2_black_jacket/single_homography/geometry_only_original/learned_geometry_on_original.png",
        "learned_geometry_on_reconstruction": "/home/interns/Desktop/amit_code/targeted_experiments/geometry_family_attribution/image2_black_jacket/single_homography/geometry_only_original/learned_geometry_on_reconstruction.png",
        "learned_combined": "/home/interns/Desktop/amit_code/targeted_experiments/geometry_family_attribution/image2_black_jacket/single_homography/geometry_only_original/learned_combined.png",
        "geometry_then_vae_reconstruction": "/home/interns/Desktop/amit_code/targeted_experiments/geometry_family_attribution/image2_black_jacket/single_homography/geometry_only_original/geometry_then_vae_reconstruction.png"
      }
    },
    {
      "mode": "geometry_only_reconstruction",
      "best_iter": 19,
      "best_loss": 0.014695894904434681,
      "iterations": 20,
      "mean_seconds_iter": 0.20786872021853925,
      "peak_vram_gb": 0.750432014465332,
      "replay_images": {
        "vae_reconstruction": "/home/interns/Desktop/amit_code/targeted_experiments/geometry_family_attribution/image2_black_jacket/single_homography/geometry_only_reconstruction/vae_reconstruction.png",
        "learned_delta_only": "/home/interns/Desktop/amit_code/targeted_experiments/geometry_family_attribution/image2_black_jacket/single_homography/geometry_only_reconstruction/learned_delta_only.png",
        "learned_geometry_on_original": "/home/interns/Desktop/amit_code/targeted_experiments/geometry_family_attribution/image2_black_jacket/single_homography/geometry_only_reconstruction/learned_geometry_on_original.png",
        "learned_geometry_on_reconstruction": "/home/interns/Desktop/amit_code/targeted_experiments/geometry_family_attribution/image2_black_jacket/single_homography/geometry_only_reconstruction/learned_geometry_on_reconstruction.png",
        "learned_combined": "/home/interns/Desktop/amit_code/targeted_experiments/geometry_family_attribution/image2_black_jacket/single_homography/geometry_only_reconstruction/learned_combined.png",
        "geometry_then_vae_reconstruction": "/home/interns/Desktop/amit_code/targeted_experiments/geometry_family_attribution/image2_black_jacket/single_homography/geometry_only_reconstruction/geometry_then_vae_reconstruction.png"
      }
    }
  ],
  "num_stage_edits": 15,
  "output_root": "/home/interns/Desktop/amit_code/targeted_experiments/geometry_family_attribution/image2_black_jacket/single_homography"
}
