/home/interns/.local/lib/python3.10/site-packages/huggingface_hub/utils/_validators.py:205: UserWarning: The `local_dir_use_symlinks` argument is deprecated and ignored in `hf_hub_download`. Downloading to a local directory does not use symlinks anymore.
  warnings.warn(
/home/interns/Desktop/parth_cleanup/face4/face4/models/arcface.py:75: FutureWarning: You are using `torch.load` with `weights_only=False` (the current default value), which uses the default pickle module implicitly. It is possible to construct malicious pickle data which will execute arbitrary code during unpickling (See https://github.com/pytorch/pytorch/blob/main/SECURITY.md#untrusted-models for more details). In a future release, the default value for `weights_only` will be flipped to `True`. This limits the functions that could be executed during unpickling. Arbitrary objects will no longer be allowed to be loaded via this mode unless they are explicitly allowlisted by the user via `torch.serialization.add_safe_globals`. We recommend you start setting `weights_only=True` for any use case where you don't have full control of the loaded file. Please open an issue on GitHub for any issues related to this experimental feature.
  payload = torch.load(self.checkpoint_path, map_location="cpu")
/home/interns/Desktop/parth_cleanup/face4/face4/models/iresnet.py:98: FutureWarning: `torch.cuda.amp.autocast(args...)` is deprecated. Please use `torch.amp.autocast('cuda', args...)` instead.
  with torch.cuda.amp.autocast(enabled=self.fp16):
Loading InstructPix2Pix VAE from 'timbrooks/instruct-pix2pix' ...
  ✓ InstructPix2Pix VAE loaded.
Loading FACE4 ArcFace from /home/interns/Desktop/parth_cleanup/face4 with checkpoint /home/interns/Desktop/parth_cleanup/face4/models/arcface/iresnet100.pth
[geometry_only_original] 001/020 loss=0.00003 id_sim=1.00000 ssim=1.00000 0.44s
[geometry_only_original] 002/020 loss=-0.00013 id_sim=1.00000 ssim=1.00000 0.25s
[geometry_only_original] 003/020 loss=-0.00012 id_sim=1.00000 ssim=1.00000 0.27s
[geometry_only_original] 004/020 loss=-0.00009 id_sim=1.00000 ssim=1.00000 0.20s
[geometry_only_original] 005/020 loss=-0.00014 id_sim=0.99999 ssim=1.00000 0.23s
[geometry_only_original] 006/020 loss=-0.00018 id_sim=0.99999 ssim=1.00000 0.23s
[geometry_only_original] 007/020 loss=-0.00022 id_sim=0.99998 ssim=0.99999 0.21s
[geometry_only_original] 008/020 loss=-0.00026 id_sim=0.99998 ssim=0.99999 0.25s
[geometry_only_original] 009/020 loss=-0.00030 id_sim=0.99997 ssim=0.99998 0.20s
[geometry_only_original] 010/020 loss=-0.00041 id_sim=0.99996 ssim=0.99998 0.23s
[geometry_only_original] 011/020 loss=-0.00049 id_sim=0.99995 ssim=0.99997 0.24s
[geometry_only_original] 012/020 loss=-0.00059 id_sim=0.99994 ssim=0.99996 0.22s
[geometry_only_original] 013/020 loss=-0.00075 id_sim=0.99992 ssim=0.99996 0.21s
[geometry_only_original] 014/020 loss=-0.00084 id_sim=0.99991 ssim=0.99995 0.23s
[geometry_only_original] 015/020 loss=-0.00097 id_sim=0.99989 ssim=0.99994 0.23s
[geometry_only_original] 016/020 loss=-0.00109 id_sim=0.99988 ssim=0.99993 0.22s
[geometry_only_original] 017/020 loss=-0.00127 id_sim=0.99985 ssim=0.99992 0.23s
[geometry_only_original] 018/020 loss=-0.00146 id_sim=0.99983 ssim=0.99991 0.21s
[geometry_only_original] 019/020 loss=-0.00166 id_sim=0.99980 ssim=0.99990 0.21s
[geometry_only_original] 020/020 loss=-0.00175 id_sim=0.99979 ssim=0.99989 0.20s
[geometry_only_reconstruction] 001/020 loss=0.18628 id_sim=0.94207 ssim=0.84189 0.20s
[geometry_only_reconstruction] 002/020 loss=0.18484 id_sim=0.94192 ssim=0.84187 0.20s
[geometry_only_reconstruction] 003/020 loss=0.18309 id_sim=0.94175 ssim=0.84185 0.20s
[geometry_only_reconstruction] 004/020 loss=0.18134 id_sim=0.94157 ssim=0.84182 0.20s
[geometry_only_reconstruction] 005/020 loss=0.17966 id_sim=0.94139 ssim=0.84179 0.17s
[geometry_only_reconstruction] 006/020 loss=0.17868 id_sim=0.94129 ssim=0.84176 0.21s
[geometry_only_reconstruction] 007/020 loss=0.17645 id_sim=0.94106 ssim=0.84173 0.21s
[geometry_only_reconstruction] 008/020 loss=0.17493 id_sim=0.94090 ssim=0.84169 0.21s
[geometry_only_reconstruction] 009/020 loss=0.17301 id_sim=0.94070 ssim=0.84165 0.19s
[geometry_only_reconstruction] 010/020 loss=0.17203 id_sim=0.94059 ssim=0.84162 0.22s
[geometry_only_reconstruction] 011/020 loss=0.17049 id_sim=0.94042 ssim=0.84158 0.20s
[geometry_only_reconstruction] 012/020 loss=0.16910 id_sim=0.94027 ssim=0.84153 0.21s
[geometry_only_reconstruction] 013/020 loss=0.16740 id_sim=0.94009 ssim=0.84149 0.23s
[geometry_only_reconstruction] 014/020 loss=0.16588 id_sim=0.93992 ssim=0.84144 0.22s
[geometry_only_reconstruction] 015/020 loss=0.16398 id_sim=0.93971 ssim=0.84140 0.23s
[geometry_only_reconstruction] 016/020 loss=0.16275 id_sim=0.93957 ssim=0.84135 0.21s
[geometry_only_reconstruction] 017/020 loss=0.16140 id_sim=0.93942 ssim=0.84129 0.21s
[geometry_only_reconstruction] 018/020 loss=0.15925 id_sim=0.93918 ssim=0.84124 0.24s
[geometry_only_reconstruction] 019/020 loss=0.15861 id_sim=0.93910 ssim=0.84119 0.22s
[geometry_only_reconstruction] 020/020 loss=0.15709 id_sim=0.93893 ssim=0.84114 0.21s

Loading pipeline components...:   0%|          | 0/6 [00:00<?, ?it/s][0;93m2026-07-20 22:29:48.188463335 [W:onnxruntime:Default, device_discovery.cc:164 DiscoverDevicesForPlatform] GPU device discovery failed: device_discovery.cc:89 ReadFileContents Failed to open file: "/sys/class/drm/card0/device/vendor"[m


Loading weights:   0%|          | 0/196 [00:00<?, ?it/s][A

Loading weights:  99%|█████████▉| 194/196 [00:00<00:00, 1937.02it/s][A
Loading weights: 100%|██████████| 196/196 [00:00<00:00, 1932.15it/s]

Loading pipeline components...:  17%|█▋        | 1/6 [00:00<00:02,  2.37it/s]
Loading pipeline components...:  33%|███▎      | 2/6 [00:01<00:02,  1.81it/s]
Loading pipeline components...:  50%|█████     | 3/6 [00:01<00:01,  2.39it/s]
Loading pipeline components...: 100%|██████████| 6/6 [00:04<00:00,  1.21it/s]
Loading pipeline components...: 100%|██████████| 6/6 [00:04<00:00,  1.35it/s]
Loading FACE4 ArcFace from /home/interns/Desktop/parth_cleanup/face4 with checkpoint /home/interns/Desktop/parth_cleanup/face4/models/arcface/iresnet100.pth
{
  "status": "complete",
  "face_id": "image_4",
  "prompt": "Add a red scarf",
  "warp_type": "fft",
  "warp_components": [
    "fft"
  ],
  "modes": [
    "geometry_only_original",
    "geometry_only_reconstruction"
  ],
  "mode_summaries": [
    {
      "mode": "geometry_only_original",
      "best_iter": 19,
      "best_loss": -0.0017510090256109834,
      "iterations": 20,
      "mean_seconds_iter": 0.2350464233197272,
      "peak_vram_gb": 0.7485394477844238,
      "replay_images": {
        "vae_reconstruction": "/home/interns/Desktop/amit_code/targeted_experiments/geometry_family_attribution/image4_red_scarf/single_fft/geometry_only_original/vae_reconstruction.png",
        "learned_delta_only": "/home/interns/Desktop/amit_code/targeted_experiments/geometry_family_attribution/image4_red_scarf/single_fft/geometry_only_original/learned_delta_only.png",
        "learned_geometry_on_original": "/home/interns/Desktop/amit_code/targeted_experiments/geometry_family_attribution/image4_red_scarf/single_fft/geometry_only_original/learned_geometry_on_original.png",
        "learned_geometry_on_reconstruction": "/home/interns/Desktop/amit_code/targeted_experiments/geometry_family_attribution/image4_red_scarf/single_fft/geometry_only_original/learned_geometry_on_reconstruction.png",
        "learned_combined": "/home/interns/Desktop/amit_code/targeted_experiments/geometry_family_attribution/image4_red_scarf/single_fft/geometry_only_original/learned_combined.png",
        "geometry_then_vae_reconstruction": "/home/interns/Desktop/amit_code/targeted_experiments/geometry_family_attribution/image4_red_scarf/single_fft/geometry_only_original/geometry_then_vae_reconstruction.png"
      }
    },
    {
      "mode": "geometry_only_reconstruction",
      "best_iter": 19,
      "best_loss": 0.1570885181427002,
      "iterations": 20,
      "mean_seconds_iter": 0.2100373774766922,
      "peak_vram_gb": 0.7485394477844238,
      "replay_images": {
        "vae_reconstruction": "/home/interns/Desktop/amit_code/targeted_experiments/geometry_family_attribution/image4_red_scarf/single_fft/geometry_only_reconstruction/vae_reconstruction.png",
        "learned_delta_only": "/home/interns/Desktop/amit_code/targeted_experiments/geometry_family_attribution/image4_red_scarf/single_fft/geometry_only_reconstruction/learned_delta_only.png",
        "learned_geometry_on_original": "/home/interns/Desktop/amit_code/targeted_experiments/geometry_family_attribution/image4_red_scarf/single_fft/geometry_only_reconstruction/learned_geometry_on_original.png",
        "learned_geometry_on_reconstruction": "/home/interns/Desktop/amit_code/targeted_experiments/geometry_family_attribution/image4_red_scarf/single_fft/geometry_only_reconstruction/learned_geometry_on_reconstruction.png",
        "learned_combined": "/home/interns/Desktop/amit_code/targeted_experiments/geometry_family_attribution/image4_red_scarf/single_fft/geometry_only_reconstruction/learned_combined.png",
        "geometry_then_vae_reconstruction": "/home/interns/Desktop/amit_code/targeted_experiments/geometry_family_attribution/image4_red_scarf/single_fft/geometry_only_reconstruction/geometry_then_vae_reconstruction.png"
      }
    }
  ],
  "num_stage_edits": 15,
  "output_root": "/home/interns/Desktop/amit_code/targeted_experiments/geometry_family_attribution/image4_red_scarf/single_fft"
}
