/home/interns/.local/lib/python3.10/site-packages/huggingface_hub/utils/_validators.py:205: UserWarning: The `local_dir_use_symlinks` argument is deprecated and ignored in `hf_hub_download`. Downloading to a local directory does not use symlinks anymore.
  warnings.warn(
/home/interns/Desktop/parth_cleanup/face4/face4/models/arcface.py:75: FutureWarning: You are using `torch.load` with `weights_only=False` (the current default value), which uses the default pickle module implicitly. It is possible to construct malicious pickle data which will execute arbitrary code during unpickling (See https://github.com/pytorch/pytorch/blob/main/SECURITY.md#untrusted-models for more details). In a future release, the default value for `weights_only` will be flipped to `True`. This limits the functions that could be executed during unpickling. Arbitrary objects will no longer be allowed to be loaded via this mode unless they are explicitly allowlisted by the user via `torch.serialization.add_safe_globals`. We recommend you start setting `weights_only=True` for any use case where you don't have full control of the loaded file. Please open an issue on GitHub for any issues related to this experimental feature.
  payload = torch.load(self.checkpoint_path, map_location="cpu")
/home/interns/Desktop/parth_cleanup/face4/face4/models/iresnet.py:98: FutureWarning: `torch.cuda.amp.autocast(args...)` is deprecated. Please use `torch.amp.autocast('cuda', args...)` instead.
  with torch.cuda.amp.autocast(enabled=self.fp16):
Loading InstructPix2Pix VAE from 'timbrooks/instruct-pix2pix' ...
  ✓ InstructPix2Pix VAE loaded.
Loading FACE4 ArcFace from /home/interns/Desktop/parth_cleanup/face4 with checkpoint /home/interns/Desktop/parth_cleanup/face4/models/arcface/iresnet100.pth
[geometry_only_original] 001/100 loss=-0.00000 id_sim=1.00000 ssim=1.00000 0.38s
[geometry_only_original] 002/100 loss=-0.00093 id_sim=0.99986 ssim=0.99990 0.24s
[geometry_only_original] 003/100 loss=-0.00676 id_sim=0.99926 ssim=0.99987 0.19s
[geometry_only_original] 004/100 loss=-0.01727 id_sim=0.99815 ssim=0.99975 0.18s
[geometry_only_original] 005/100 loss=-0.03460 id_sim=0.99631 ssim=0.99953 0.17s
[geometry_only_original] 006/100 loss=-0.05904 id_sim=0.99369 ssim=0.99917 0.19s
[geometry_only_original] 007/100 loss=-0.08928 id_sim=0.99041 ssim=0.99866 0.17s
[geometry_only_original] 008/100 loss=-0.12607 id_sim=0.98641 ssim=0.99799 0.18s
[geometry_only_original] 009/100 loss=-0.16908 id_sim=0.98170 ssim=0.99716 0.17s
[geometry_only_original] 010/100 loss=-0.21854 id_sim=0.97627 ssim=0.99617 0.20s
[geometry_only_original] 011/100 loss=-0.26870 id_sim=0.97070 ssim=0.99502 0.19s
[geometry_only_original] 012/100 loss=-0.32099 id_sim=0.96485 ssim=0.99374 0.18s
[geometry_only_original] 013/100 loss=-0.36662 id_sim=0.95959 ssim=0.99232 0.19s
[geometry_only_original] 014/100 loss=-0.41109 id_sim=0.95439 ssim=0.99078 0.19s
[geometry_only_original] 015/100 loss=-0.45771 id_sim=0.94898 ssim=0.98924 0.19s
[geometry_only_original] 016/100 loss=-0.50714 id_sim=0.94325 ssim=0.98763 0.21s
[geometry_only_original] 017/100 loss=-0.55885 id_sim=0.93729 ssim=0.98600 0.19s
[geometry_only_original] 018/100 loss=-0.60969 id_sim=0.93137 ssim=0.98430 0.23s
[geometry_only_original] 019/100 loss=-0.65681 id_sim=0.92588 ssim=0.98270 0.17s
[geometry_only_original] 020/100 loss=-0.69999 id_sim=0.92083 ssim=0.98119 0.17s
[geometry_only_original] 021/100 loss=-0.74039 id_sim=0.91607 ssim=0.97972 0.18s
[geometry_only_original] 022/100 loss=-0.78068 id_sim=0.91134 ssim=0.97829 0.17s
[geometry_only_original] 023/100 loss=-0.82418 id_sim=0.90630 ssim=0.97688 0.17s
[geometry_only_original] 024/100 loss=-0.86557 id_sim=0.90146 ssim=0.97546 0.18s
[geometry_only_original] 025/100 loss=-0.90004 id_sim=0.89731 ssim=0.97403 0.20s
[geometry_only_original] 026/100 loss=-0.93818 id_sim=0.89280 ssim=0.97260 0.18s
[geometry_only_original] 027/100 loss=-0.97531 id_sim=0.88836 ssim=0.97113 0.17s
[geometry_only_original] 028/100 loss=-1.01332 id_sim=0.88380 ssim=0.96958 0.19s
[geometry_only_original] 029/100 loss=-1.04399 id_sim=0.87997 ssim=0.96804 0.17s
[geometry_only_original] 030/100 loss=-1.07277 id_sim=0.87634 ssim=0.96650 0.20s
[geometry_only_original] 031/100 loss=-1.10393 id_sim=0.87249 ssim=0.96500 0.20s
[geometry_only_original] 032/100 loss=-1.13458 id_sim=0.86870 ssim=0.96352 0.20s
[geometry_only_original] 033/100 loss=-1.16668 id_sim=0.86476 ssim=0.96203 0.17s
[geometry_only_original] 034/100 loss=-1.19461 id_sim=0.86125 ssim=0.96056 0.17s
[geometry_only_original] 035/100 loss=-1.22208 id_sim=0.85781 ssim=0.95915 0.17s
[geometry_only_original] 036/100 loss=-1.24569 id_sim=0.85476 ssim=0.95775 0.17s
[geometry_only_original] 037/100 loss=-1.27067 id_sim=0.85160 ssim=0.95638 0.19s
[geometry_only_original] 038/100 loss=-1.29588 id_sim=0.84842 ssim=0.95504 0.19s
[geometry_only_original] 039/100 loss=-1.32352 id_sim=0.84503 ssim=0.95376 0.17s
[geometry_only_original] 040/100 loss=-1.34874 id_sim=0.84191 ssim=0.95253 0.17s
[geometry_only_original] 041/100 loss=-1.36821 id_sim=0.83938 ssim=0.95133 0.18s
[geometry_only_original] 042/100 loss=-1.38388 id_sim=0.83726 ssim=0.95020 0.19s
[geometry_only_original] 043/100 loss=-1.39843 id_sim=0.83528 ssim=0.94913 0.17s
[geometry_only_original] 044/100 loss=-1.41121 id_sim=0.83351 ssim=0.94810 0.20s
[geometry_only_original] 045/100 loss=-1.42329 id_sim=0.83182 ssim=0.94712 0.18s
[geometry_only_original] 046/100 loss=-1.43451 id_sim=0.83024 ssim=0.94618 0.19s
[geometry_only_original] 047/100 loss=-1.44355 id_sim=0.82890 ssim=0.94528 0.18s
[geometry_only_original] 048/100 loss=-1.45206 id_sim=0.82763 ssim=0.94441 0.18s
[geometry_only_original] 049/100 loss=-1.46145 id_sim=0.82628 ssim=0.94356 0.20s
[geometry_only_original] 050/100 loss=-1.46776 id_sim=0.82525 ssim=0.94275 0.19s
[geometry_only_original] 051/100 loss=-1.47501 id_sim=0.82416 ssim=0.94199 0.17s
[geometry_only_original] 052/100 loss=-1.48126 id_sim=0.82320 ssim=0.94130 0.19s
[geometry_only_original] 053/100 loss=-1.48851 id_sim=0.82217 ssim=0.94068 0.21s
[geometry_only_original] 054/100 loss=-1.49426 id_sim=0.82134 ssim=0.94016 0.20s
[geometry_only_original] 055/100 loss=-1.50152 id_sim=0.82041 ssim=0.93975 0.19s
[geometry_only_original] 056/100 loss=-1.50831 id_sim=0.81959 ssim=0.93947 0.20s
[geometry_only_original] 057/100 loss=-1.51490 id_sim=0.81884 ssim=0.93928 0.19s
[geometry_only_original] 058/100 loss=-1.52203 id_sim=0.81806 ssim=0.93915 0.19s
[geometry_only_original] 059/100 loss=-1.52814 id_sim=0.81739 ssim=0.93903 0.20s
[geometry_only_original] 060/100 loss=-1.53367 id_sim=0.81676 ssim=0.93888 0.19s
[geometry_only_original] 061/100 loss=-1.53939 id_sim=0.81608 ssim=0.93865 0.19s
[geometry_only_original] 062/100 loss=-1.54578 id_sim=0.81529 ssim=0.93834 0.19s
[geometry_only_original] 063/100 loss=-1.55202 id_sim=0.81448 ssim=0.93796 0.19s
[geometry_only_original] 064/100 loss=-1.55772 id_sim=0.81370 ssim=0.93752 0.20s
[geometry_only_original] 065/100 loss=-1.56351 id_sim=0.81289 ssim=0.93705 0.17s
[geometry_only_original] 066/100 loss=-1.56906 id_sim=0.81209 ssim=0.93657 0.19s
[geometry_only_original] 067/100 loss=-1.57372 id_sim=0.81140 ssim=0.93610 0.20s
[geometry_only_original] 068/100 loss=-1.57750 id_sim=0.81081 ssim=0.93567 0.19s
[geometry_only_original] 069/100 loss=-1.58105 id_sim=0.81028 ssim=0.93532 0.18s
[geometry_only_original] 070/100 loss=-1.58470 id_sim=0.80977 ssim=0.93503 0.18s
[geometry_only_original] 071/100 loss=-1.58894 id_sim=0.80925 ssim=0.93483 0.18s
[geometry_only_original] 072/100 loss=-1.59144 id_sim=0.80893 ssim=0.93468 0.18s
[geometry_only_original] 073/100 loss=-1.59572 id_sim=0.80844 ssim=0.93455 0.19s
[geometry_only_original] 074/100 loss=-1.59828 id_sim=0.80813 ssim=0.93443 0.20s
[geometry_only_original] 075/100 loss=-1.60097 id_sim=0.80780 ssim=0.93431 0.19s
[geometry_only_original] 076/100 loss=-1.60368 id_sim=0.80746 ssim=0.93417 0.18s
[geometry_only_original] 077/100 loss=-1.60678 id_sim=0.80709 ssim=0.93404 0.18s
[geometry_only_original] 078/100 loss=-1.60872 id_sim=0.80684 ssim=0.93391 0.20s
[geometry_only_original] 079/100 loss=-1.61125 id_sim=0.80654 ssim=0.93381 0.19s
[geometry_only_original] 080/100 loss=-1.61294 id_sim=0.80634 ssim=0.93374 0.17s
[geometry_only_original] 081/100 loss=-1.61634 id_sim=0.80599 ssim=0.93371 0.19s
[geometry_only_original] 082/100 loss=-1.61840 id_sim=0.80578 ssim=0.93369 0.17s
[geometry_only_original] 083/100 loss=-1.62256 id_sim=0.80534 ssim=0.93365 0.17s
[geometry_only_original] 084/100 loss=-1.62548 id_sim=0.80503 ssim=0.93360 0.17s
[geometry_only_original] 085/100 loss=-1.62787 id_sim=0.80476 ssim=0.93353 0.17s
[geometry_only_original] 086/100 loss=-1.63223 id_sim=0.80428 ssim=0.93342 0.18s
[geometry_only_original] 087/100 loss=-1.63548 id_sim=0.80388 ssim=0.93327 0.20s
[geometry_only_original] 088/100 loss=-1.63917 id_sim=0.80342 ssim=0.93309 0.17s
[geometry_only_original] 089/100 loss=-1.64215 id_sim=0.80302 ssim=0.93287 0.19s
[geometry_only_original] 090/100 loss=-1.64525 id_sim=0.80259 ssim=0.93263 0.17s
[geometry_only_original] 091/100 loss=-1.64847 id_sim=0.80213 ssim=0.93235 0.17s
[geometry_only_original] 092/100 loss=-1.65059 id_sim=0.80179 ssim=0.93207 0.19s
[geometry_only_original] 093/100 loss=-1.65352 id_sim=0.80136 ssim=0.93180 0.19s
[geometry_only_original] 094/100 loss=-1.65672 id_sim=0.80090 ssim=0.93151 0.19s
[geometry_only_original] 095/100 loss=-1.66050 id_sim=0.80037 ssim=0.93121 0.18s
[geometry_only_original] 096/100 loss=-1.66323 id_sim=0.79994 ssim=0.93089 0.18s
[geometry_only_original] 097/100 loss=-1.66664 id_sim=0.79945 ssim=0.93058 0.18s
[geometry_only_original] 098/100 loss=-1.66944 id_sim=0.79902 ssim=0.93027 0.17s
[geometry_only_original] 099/100 loss=-1.67314 id_sim=0.79849 ssim=0.92997 0.20s
[geometry_only_original] 100/100 loss=-1.67635 id_sim=0.79803 ssim=0.92969 0.20s
[geometry_only_reconstruction] 001/100 loss=0.26350 id_sim=0.94058 ssim=0.82395 0.18s
[geometry_only_reconstruction] 002/100 loss=0.24929 id_sim=0.93906 ssim=0.82637 0.22s
[geometry_only_reconstruction] 003/100 loss=0.22124 id_sim=0.93608 ssim=0.82790 0.19s
[geometry_only_reconstruction] 004/100 loss=0.18585 id_sim=0.93228 ssim=0.82919 0.17s
[geometry_only_reconstruction] 005/100 loss=0.15087 id_sim=0.92845 ssim=0.83034 0.20s
[geometry_only_reconstruction] 006/100 loss=0.11574 id_sim=0.92454 ssim=0.83138 0.18s
[geometry_only_reconstruction] 007/100 loss=0.08203 id_sim=0.92071 ssim=0.83234 0.17s
[geometry_only_reconstruction] 008/100 loss=0.05241 id_sim=0.91727 ssim=0.83316 0.17s
[geometry_only_reconstruction] 009/100 loss=0.02698 id_sim=0.91425 ssim=0.83382 0.19s
[geometry_only_reconstruction] 010/100 loss=0.00147 id_sim=0.91124 ssim=0.83434 0.20s
[geometry_only_reconstruction] 011/100 loss=-0.02109 id_sim=0.90854 ssim=0.83474 0.20s
[geometry_only_reconstruction] 012/100 loss=-0.03831 id_sim=0.90642 ssim=0.83502 0.20s
[geometry_only_reconstruction] 013/100 loss=-0.05558 id_sim=0.90434 ssim=0.83519 0.20s
[geometry_only_reconstruction] 014/100 loss=-0.07706 id_sim=0.90187 ssim=0.83529 0.19s
[geometry_only_reconstruction] 015/100 loss=-0.09379 id_sim=0.89991 ssim=0.83533 0.19s
[geometry_only_reconstruction] 016/100 loss=-0.11040 id_sim=0.89798 ssim=0.83531 0.20s
[geometry_only_reconstruction] 017/100 loss=-0.13013 id_sim=0.89575 ssim=0.83524 0.21s
[geometry_only_reconstruction] 018/100 loss=-0.14486 id_sim=0.89401 ssim=0.83517 0.17s
[geometry_only_reconstruction] 019/100 loss=-0.16012 id_sim=0.89220 ssim=0.83510 0.18s
[geometry_only_reconstruction] 020/100 loss=-0.17412 id_sim=0.89050 ssim=0.83505 0.19s
[geometry_only_reconstruction] 021/100 loss=-0.18789 id_sim=0.88880 ssim=0.83502 0.17s
[geometry_only_reconstruction] 022/100 loss=-0.19816 id_sim=0.88742 ssim=0.83499 0.17s
[geometry_only_reconstruction] 023/100 loss=-0.20858 id_sim=0.88602 ssim=0.83494 0.18s
[geometry_only_reconstruction] 024/100 loss=-0.21962 id_sim=0.88456 ssim=0.83485 0.18s
[geometry_only_reconstruction] 025/100 loss=-0.22900 id_sim=0.88329 ssim=0.83474 0.21s
[geometry_only_reconstruction] 026/100 loss=-0.23722 id_sim=0.88215 ssim=0.83461 0.18s
[geometry_only_reconstruction] 027/100 loss=-0.24637 id_sim=0.88095 ssim=0.83448 0.18s
[geometry_only_reconstruction] 028/100 loss=-0.25332 id_sim=0.87999 ssim=0.83434 0.18s
[geometry_only_reconstruction] 029/100 loss=-0.26230 id_sim=0.87885 ssim=0.83422 0.21s
[geometry_only_reconstruction] 030/100 loss=-0.27014 id_sim=0.87785 ssim=0.83411 0.17s
[geometry_only_reconstruction] 031/100 loss=-0.27826 id_sim=0.87685 ssim=0.83401 0.17s
[geometry_only_reconstruction] 032/100 loss=-0.28571 id_sim=0.87592 ssim=0.83390 0.20s
[geometry_only_reconstruction] 033/100 loss=-0.29182 id_sim=0.87515 ssim=0.83379 0.18s
[geometry_only_reconstruction] 034/100 loss=-0.29872 id_sim=0.87430 ssim=0.83368 0.17s
[geometry_only_reconstruction] 035/100 loss=-0.30354 id_sim=0.87366 ssim=0.83357 0.17s
[geometry_only_reconstruction] 036/100 loss=-0.31099 id_sim=0.87276 ssim=0.83348 0.18s
[geometry_only_reconstruction] 037/100 loss=-0.31618 id_sim=0.87208 ssim=0.83339 0.18s
[geometry_only_reconstruction] 038/100 loss=-0.32135 id_sim=0.87141 ssim=0.83332 0.19s
[geometry_only_reconstruction] 039/100 loss=-0.32709 id_sim=0.87068 ssim=0.83327 0.18s
[geometry_only_reconstruction] 040/100 loss=-0.33057 id_sim=0.87018 ssim=0.83324 0.18s
[geometry_only_reconstruction] 041/100 loss=-0.33577 id_sim=0.86953 ssim=0.83321 0.18s
[geometry_only_reconstruction] 042/100 loss=-0.33906 id_sim=0.86908 ssim=0.83320 0.19s
[geometry_only_reconstruction] 043/100 loss=-0.34359 id_sim=0.86851 ssim=0.83319 0.18s
[geometry_only_reconstruction] 044/100 loss=-0.34830 id_sim=0.86793 ssim=0.83319 0.19s
[geometry_only_reconstruction] 045/100 loss=-0.35209 id_sim=0.86745 ssim=0.83318 0.18s
[geometry_only_reconstruction] 046/100 loss=-0.35694 id_sim=0.86687 ssim=0.83316 0.20s
[geometry_only_reconstruction] 047/100 loss=-0.36182 id_sim=0.86630 ssim=0.83314 0.18s
[geometry_only_reconstruction] 048/100 loss=-0.36750 id_sim=0.86565 ssim=0.83311 0.18s
[geometry_only_reconstruction] 049/100 loss=-0.37216 id_sim=0.86512 ssim=0.83308 0.18s
[geometry_only_reconstruction] 050/100 loss=-0.37799 id_sim=0.86448 ssim=0.83303 0.20s
[geometry_only_reconstruction] 051/100 loss=-0.38258 id_sim=0.86395 ssim=0.83297 0.20s
[geometry_only_reconstruction] 052/100 loss=-0.38691 id_sim=0.86344 ssim=0.83291 0.19s
[geometry_only_reconstruction] 053/100 loss=-0.39170 id_sim=0.86286 ssim=0.83285 0.19s
[geometry_only_reconstruction] 054/100 loss=-0.39604 id_sim=0.86231 ssim=0.83280 0.18s
[geometry_only_reconstruction] 055/100 loss=-0.40103 id_sim=0.86169 ssim=0.83276 0.17s
[geometry_only_reconstruction] 056/100 loss=-0.40351 id_sim=0.86132 ssim=0.83272 0.18s
[geometry_only_reconstruction] 057/100 loss=-0.40723 id_sim=0.86083 ssim=0.83269 0.17s
[geometry_only_reconstruction] 058/100 loss=-0.41056 id_sim=0.86039 ssim=0.83267 0.22s
[geometry_only_reconstruction] 059/100 loss=-0.41430 id_sim=0.85992 ssim=0.83265 0.20s
[geometry_only_reconstruction] 060/100 loss=-0.41858 id_sim=0.85941 ssim=0.83264 0.21s
[geometry_only_reconstruction] 061/100 loss=-0.42067 id_sim=0.85912 ssim=0.83265 0.18s
[geometry_only_reconstruction] 062/100 loss=-0.42582 id_sim=0.85853 ssim=0.83266 0.18s
[geometry_only_reconstruction] 063/100 loss=-0.42922 id_sim=0.85812 ssim=0.83266 0.18s
[geometry_only_reconstruction] 064/100 loss=-0.43309 id_sim=0.85767 ssim=0.83266 0.19s
[geometry_only_reconstruction] 065/100 loss=-0.43673 id_sim=0.85724 ssim=0.83265 0.18s
[geometry_only_reconstruction] 066/100 loss=-0.44193 id_sim=0.85667 ssim=0.83262 0.19s
[geometry_only_reconstruction] 067/100 loss=-0.44768 id_sim=0.85605 ssim=0.83258 0.18s
[geometry_only_reconstruction] 068/100 loss=-0.45146 id_sim=0.85563 ssim=0.83254 0.18s
[geometry_only_reconstruction] 069/100 loss=-0.45690 id_sim=0.85504 ssim=0.83251 0.20s
[geometry_only_reconstruction] 070/100 loss=-0.45998 id_sim=0.85468 ssim=0.83248 0.18s
[geometry_only_reconstruction] 071/100 loss=-0.46667 id_sim=0.85396 ssim=0.83247 0.19s
[geometry_only_reconstruction] 072/100 loss=-0.46996 id_sim=0.85357 ssim=0.83246 0.19s
[geometry_only_reconstruction] 073/100 loss=-0.47548 id_sim=0.85296 ssim=0.83244 0.20s
[geometry_only_reconstruction] 074/100 loss=-0.47944 id_sim=0.85252 ssim=0.83241 0.20s
[geometry_only_reconstruction] 075/100 loss=-0.48478 id_sim=0.85194 ssim=0.83237 0.17s
[geometry_only_reconstruction] 076/100 loss=-0.48988 id_sim=0.85138 ssim=0.83231 0.17s
[geometry_only_reconstruction] 077/100 loss=-0.49447 id_sim=0.85088 ssim=0.83226 0.17s
[geometry_only_reconstruction] 078/100 loss=-0.49970 id_sim=0.85030 ssim=0.83221 0.17s
[geometry_only_reconstruction] 079/100 loss=-0.50365 id_sim=0.84983 ssim=0.83218 0.17s
[geometry_only_reconstruction] 080/100 loss=-0.50983 id_sim=0.84914 ssim=0.83215 0.17s
[geometry_only_reconstruction] 081/100 loss=-0.51431 id_sim=0.84860 ssim=0.83213 0.17s
[geometry_only_reconstruction] 082/100 loss=-0.51893 id_sim=0.84805 ssim=0.83211 0.18s
[geometry_only_reconstruction] 083/100 loss=-0.52449 id_sim=0.84740 ssim=0.83207 0.17s
[geometry_only_reconstruction] 084/100 loss=-0.52972 id_sim=0.84679 ssim=0.83202 0.19s
[geometry_only_reconstruction] 085/100 loss=-0.53365 id_sim=0.84632 ssim=0.83196 0.18s
[geometry_only_reconstruction] 086/100 loss=-0.53909 id_sim=0.84569 ssim=0.83188 0.18s
[geometry_only_reconstruction] 087/100 loss=-0.54288 id_sim=0.84523 ssim=0.83180 0.19s
[geometry_only_reconstruction] 088/100 loss=-0.54635 id_sim=0.84479 ssim=0.83172 0.16s
[geometry_only_reconstruction] 089/100 loss=-0.55118 id_sim=0.84420 ssim=0.83163 0.19s
[geometry_only_reconstruction] 090/100 loss=-0.55608 id_sim=0.84359 ssim=0.83154 0.19s
[geometry_only_reconstruction] 091/100 loss=-0.56164 id_sim=0.84288 ssim=0.83144 0.19s
[geometry_only_reconstruction] 092/100 loss=-0.56531 id_sim=0.84236 ssim=0.83132 0.16s
[geometry_only_reconstruction] 093/100 loss=-0.56886 id_sim=0.84186 ssim=0.83121 0.18s
[geometry_only_reconstruction] 094/100 loss=-0.57328 id_sim=0.84126 ssim=0.83110 0.20s
[geometry_only_reconstruction] 095/100 loss=-0.57948 id_sim=0.84048 ssim=0.83099 0.20s
[geometry_only_reconstruction] 096/100 loss=-0.58388 id_sim=0.83985 ssim=0.83090 0.19s
[geometry_only_reconstruction] 097/100 loss=-0.58977 id_sim=0.83908 ssim=0.83082 0.19s
[geometry_only_reconstruction] 098/100 loss=-0.59352 id_sim=0.83851 ssim=0.83075 0.17s
[geometry_only_reconstruction] 099/100 loss=-0.59877 id_sim=0.83781 ssim=0.83069 0.17s
[geometry_only_reconstruction] 100/100 loss=-0.60507 id_sim=0.83703 ssim=0.83064 0.17s
[combined] 001/100 loss=0.26350 id_sim=0.94058 ssim=0.82395 0.25s
[combined] 002/100 loss=-1.38475 id_sim=0.77570 ssim=0.82644 0.24s
[combined] 003/100 loss=-2.35001 id_sim=0.67885 ssim=0.82700 0.37s
[combined] 004/100 loss=-3.23957 id_sim=0.58956 ssim=0.82688 0.34s
[combined] 005/100 loss=-4.06215 id_sim=0.50683 ssim=0.82617 0.34s
[combined] 006/100 loss=-4.87528 id_sim=0.42491 ssim=0.82498 0.36s
[combined] 007/100 loss=-5.56519 id_sim=0.35523 ssim=0.82351 0.35s
[combined] 008/100 loss=-6.23075 id_sim=0.28793 ssim=0.82195 0.33s
[combined] 009/100 loss=-6.82559 id_sim=0.22761 ssim=0.82029 0.35s
[combined] 010/100 loss=-7.33434 id_sim=0.17586 ssim=0.81861 0.37s
[combined] 011/100 loss=-7.77279 id_sim=0.13118 ssim=0.81693 0.37s
[combined] 012/100 loss=-8.18050 id_sim=0.08957 ssim=0.81528 0.36s
[combined] 013/100 loss=-8.55018 id_sim=0.05180 ssim=0.81372 0.34s
[combined] 014/100 loss=-8.90600 id_sim=0.01547 ssim=0.81226 0.35s
[combined] 015/100 loss=-9.25462 id_sim=-0.02010 ssim=0.81090 0.35s
[combined] 016/100 loss=-9.59659 id_sim=-0.05498 ssim=0.80957 0.35s
[combined] 017/100 loss=-9.91843 id_sim=-0.08781 ssim=0.80831 0.36s
[combined] 018/100 loss=-10.23960 id_sim=-0.12054 ssim=0.80711 0.36s
[combined] 019/100 loss=-10.52735 id_sim=-0.14992 ssim=0.80592 0.35s
[combined] 020/100 loss=-10.83399 id_sim=-0.18120 ssim=0.80476 0.36s
[combined] 021/100 loss=-11.12229 id_sim=-0.21062 ssim=0.80366 0.37s
[combined] 022/100 loss=-11.41318 id_sim=-0.24029 ssim=0.80256 0.37s
[combined] 023/100 loss=-11.69715 id_sim=-0.26926 ssim=0.80145 0.37s
[combined] 024/100 loss=-11.97206 id_sim=-0.29731 ssim=0.80035 0.37s
[combined] 025/100 loss=-12.23788 id_sim=-0.32443 ssim=0.79926 0.37s
[combined] 026/100 loss=-12.48849 id_sim=-0.35001 ssim=0.79818 0.37s
[combined] 027/100 loss=-12.73717 id_sim=-0.37539 ssim=0.79710 0.37s
[combined] 028/100 loss=-12.97149 id_sim=-0.39930 ssim=0.79606 0.37s
[combined] 029/100 loss=-13.20742 id_sim=-0.42337 ssim=0.79499 0.36s
[combined] 030/100 loss=-13.44033 id_sim=-0.44712 ssim=0.79394 0.36s
[combined] 031/100 loss=-13.65278 id_sim=-0.46881 ssim=0.79293 0.37s
[combined] 032/100 loss=-13.85038 id_sim=-0.48898 ssim=0.79198 0.37s
[combined] 033/100 loss=-14.01755 id_sim=-0.50611 ssim=0.79107 0.37s
[combined] 034/100 loss=-14.17279 id_sim=-0.52202 ssim=0.79013 0.37s
[combined] 035/100 loss=-14.37725 id_sim=-0.54284 ssim=0.78932 0.35s
[combined] 036/100 loss=-14.52047 id_sim=-0.55750 ssim=0.78859 0.36s
[combined] 037/100 loss=-14.71325 id_sim=-0.57711 ssim=0.78780 0.36s
[combined] 038/100 loss=-14.88931 id_sim=-0.59503 ssim=0.78711 0.36s
[combined] 039/100 loss=-15.05197 id_sim=-0.61161 ssim=0.78650 0.35s
[combined] 040/100 loss=-15.22485 id_sim=-0.62921 ssim=0.78585 0.35s
[combined] 041/100 loss=-15.35602 id_sim=-0.64262 ssim=0.78521 0.34s
[combined] 042/100 loss=-15.48563 id_sim=-0.65586 ssim=0.78466 0.34s
[combined] 043/100 loss=-15.64737 id_sim=-0.67228 ssim=0.78414 0.38s
[combined] 044/100 loss=-15.73871 id_sim=-0.68165 ssim=0.78363 0.35s
[combined] 045/100 loss=-15.78551 id_sim=-0.68653 ssim=0.78322 0.37s
[combined] 046/100 loss=-16.02069 id_sim=-0.71024 ssim=0.78278 0.36s
[combined] 047/100 loss=-16.02695 id_sim=-0.71105 ssim=0.78236 0.36s
[combined] 048/100 loss=-16.22787 id_sim=-0.73128 ssim=0.78210 0.34s
[combined] 049/100 loss=-16.32425 id_sim=-0.74105 ssim=0.78186 0.34s
[combined] 050/100 loss=-16.43389 id_sim=-0.75212 ssim=0.78167 0.34s
[combined] 051/100 loss=-16.54877 id_sim=-0.76370 ssim=0.78151 0.37s
[combined] 052/100 loss=-16.63058 id_sim=-0.77196 ssim=0.78137 0.35s
[combined] 053/100 loss=-16.74988 id_sim=-0.78395 ssim=0.78122 0.36s
[combined] 054/100 loss=-16.82446 id_sim=-0.79146 ssim=0.78108 0.36s
[combined] 055/100 loss=-16.92619 id_sim=-0.80167 ssim=0.78096 0.35s
[combined] 056/100 loss=-16.99609 id_sim=-0.80867 ssim=0.78088 0.34s
[combined] 057/100 loss=-17.05564 id_sim=-0.81463 ssim=0.78081 0.34s
[combined] 058/100 loss=-17.17561 id_sim=-0.82662 ssim=0.78076 0.34s
[combined] 059/100 loss=-17.22226 id_sim=-0.83128 ssim=0.78071 0.34s
[combined] 060/100 loss=-17.29691 id_sim=-0.83875 ssim=0.78069 0.34s
[combined] 061/100 loss=-17.40511 id_sim=-0.84955 ssim=0.78071 0.35s
[combined] 062/100 loss=-17.43193 id_sim=-0.85221 ssim=0.78075 0.34s
[combined] 063/100 loss=-17.49534 id_sim=-0.85856 ssim=0.78078 0.34s
[combined] 064/100 loss=-17.60012 id_sim=-0.86902 ssim=0.78078 0.36s
[combined] 065/100 loss=-17.60444 id_sim=-0.86942 ssim=0.78076 0.36s
[combined] 066/100 loss=-17.66943 id_sim=-0.87593 ssim=0.78073 0.34s
[combined] 067/100 loss=-17.75937 id_sim=-0.88488 ssim=0.78073 0.34s
[combined] 068/100 loss=-17.77235 id_sim=-0.88612 ssim=0.78078 0.36s
[combined] 069/100 loss=-17.85990 id_sim=-0.89482 ssim=0.78088 0.36s
[combined] 070/100 loss=-17.90596 id_sim=-0.89936 ssim=0.78098 0.35s
[combined] 071/100 loss=-17.93032 id_sim=-0.90174 ssim=0.78106 0.35s
[combined] 072/100 loss=-17.99883 id_sim=-0.90853 ssim=0.78119 0.36s
[combined] 073/100 loss=-18.02165 id_sim=-0.91073 ssim=0.78133 0.40s
[combined] 074/100 loss=-18.04092 id_sim=-0.91259 ssim=0.78143 0.37s
[combined] 075/100 loss=-18.11517 id_sim=-0.91994 ssim=0.78155 0.35s
[combined] 076/100 loss=-18.12187 id_sim=-0.92053 ssim=0.78168 0.34s
[combined] 077/100 loss=-18.14912 id_sim=-0.92319 ssim=0.78177 0.34s
[combined] 078/100 loss=-18.21163 id_sim=-0.92934 ssim=0.78193 0.34s
[combined] 079/100 loss=-18.21247 id_sim=-0.92931 ssim=0.78213 0.34s
[combined] 080/100 loss=-18.23072 id_sim=-0.93103 ssim=0.78228 0.34s
[combined] 081/100 loss=-18.28716 id_sim=-0.93656 ssim=0.78249 0.34s
[combined] 082/100 loss=-18.28519 id_sim=-0.93624 ssim=0.78270 0.34s
[combined] 083/100 loss=-18.30428 id_sim=-0.93805 ssim=0.78285 0.35s
[combined] 084/100 loss=-18.36276 id_sim=-0.94376 ssim=0.78307 0.35s
[combined] 085/100 loss=-18.35727 id_sim=-0.94307 ssim=0.78330 0.35s
[combined] 086/100 loss=-18.38563 id_sim=-0.94578 ssim=0.78348 0.35s
[combined] 087/100 loss=-18.43115 id_sim=-0.95019 ssim=0.78372 0.35s
[combined] 088/100 loss=-18.42747 id_sim=-0.94966 ssim=0.78399 0.35s
[combined] 089/100 loss=-18.46261 id_sim=-0.95303 ssim=0.78424 0.35s
[combined] 090/100 loss=-18.48766 id_sim=-0.95538 ssim=0.78451 0.35s
[combined] 091/100 loss=-18.49074 id_sim=-0.95552 ssim=0.78481 0.35s
[combined] 092/100 loss=-18.52222 id_sim=-0.95851 ssim=0.78510 0.35s
[combined] 093/100 loss=-18.54453 id_sim=-0.96057 ssim=0.78542 0.34s
[combined] 094/100 loss=-18.54359 id_sim=-0.96031 ssim=0.78573 0.39s
[combined] 095/100 loss=-18.57097 id_sim=-0.96289 ssim=0.78599 0.35s
[combined] 096/100 loss=-18.60215 id_sim=-0.96583 ssim=0.78631 0.34s
[combined] 097/100 loss=-18.61039 id_sim=-0.96647 ssim=0.78664 0.34s
[combined] 098/100 loss=-18.62110 id_sim=-0.96737 ssim=0.78693 0.36s
[combined] 099/100 loss=-18.63649 id_sim=-0.96872 ssim=0.78725 0.36s
[combined] 100/100 loss=-18.65951 id_sim=-0.97084 ssim=0.78758 0.34s

Loading pipeline components...:   0%|          | 0/6 [00:00<?, ?it/s][0;93m2026-07-20 23:32:21.576334144 [W:onnxruntime:Default, device_discovery.cc:164 DiscoverDevicesForPlatform] GPU device discovery failed: device_discovery.cc:89 ReadFileContents Failed to open file: "/sys/class/drm/card0/device/vendor"[m

Loading pipeline components...:  17%|█▋        | 1/6 [00:00<00:01,  4.62it/s]

Loading weights:   0%|          | 0/196 [00:00<?, ?it/s][A

Loading weights:  66%|██████▋   | 130/196 [00:00<00:00, 1293.93it/s][A
Loading weights: 100%|██████████| 196/196 [00:00<00:00, 1382.06it/s]

Loading pipeline components...:  33%|███▎      | 2/6 [00:00<00:01,  3.03it/s]
Loading pipeline components...:  50%|█████     | 3/6 [00:01<00:01,  1.87it/s]
Loading pipeline components...: 100%|██████████| 6/6 [00:04<00:00,  1.03it/s]
Loading pipeline components...: 100%|██████████| 6/6 [00:04<00:00,  1.20it/s]
Loading FACE4 ArcFace from /home/interns/Desktop/parth_cleanup/face4 with checkpoint /home/interns/Desktop/parth_cleanup/face4/models/arcface/iresnet100.pth
{
  "status": "complete",
  "face_id": "image_2",
  "prompt": "Add a black jacket",
  "warp_type": "bspline",
  "warp_components": [
    "bspline"
  ],
  "modes": [
    "geometry_only_original",
    "geometry_only_reconstruction",
    "combined"
  ],
  "mode_summaries": [
    {
      "mode": "geometry_only_original",
      "best_iter": 99,
      "best_loss": -1.6763488054275513,
      "iterations": 100,
      "mean_seconds_iter": 0.18824384953826667,
      "peak_vram_gb": 0.8677406311035156,
      "replay_images": {
        "vae_reconstruction": "/home/interns/Desktop/amit_code/targeted_experiments/geometry_depth_strength_controls/image2_black_jacket__bspline_iter100_scale2/geometry_only_original/vae_reconstruction.png",
        "learned_delta_only": "/home/interns/Desktop/amit_code/targeted_experiments/geometry_depth_strength_controls/image2_black_jacket__bspline_iter100_scale2/geometry_only_original/learned_delta_only.png",
        "learned_geometry_on_original": "/home/interns/Desktop/amit_code/targeted_experiments/geometry_depth_strength_controls/image2_black_jacket__bspline_iter100_scale2/geometry_only_original/learned_geometry_on_original.png",
        "learned_geometry_on_reconstruction": "/home/interns/Desktop/amit_code/targeted_experiments/geometry_depth_strength_controls/image2_black_jacket__bspline_iter100_scale2/geometry_only_original/learned_geometry_on_reconstruction.png",
        "learned_combined": "/home/interns/Desktop/amit_code/targeted_experiments/geometry_depth_strength_controls/image2_black_jacket__bspline_iter100_scale2/geometry_only_original/learned_combined.png",
        "geometry_then_vae_reconstruction": "/home/interns/Desktop/amit_code/targeted_experiments/geometry_depth_strength_controls/image2_black_jacket__bspline_iter100_scale2/geometry_only_original/geometry_then_vae_reconstruction.png"
      }
    },
    {
      "mode": "geometry_only_reconstruction",
      "best_iter": 99,
      "best_loss": -0.6050655841827393,
      "iterations": 100,
      "mean_seconds_iter": 0.18512261198833585,
      "peak_vram_gb": 0.8677406311035156,
      "replay_images": {
        "vae_reconstruction": "/home/interns/Desktop/amit_code/targeted_experiments/geometry_depth_strength_controls/image2_black_jacket__bspline_iter100_scale2/geometry_only_reconstruction/vae_reconstruction.png",
        "learned_delta_only": "/home/interns/Desktop/amit_code/targeted_experiments/geometry_depth_strength_controls/image2_black_jacket__bspline_iter100_scale2/geometry_only_reconstruction/learned_delta_only.png",
        "learned_geometry_on_original": "/home/interns/Desktop/amit_code/targeted_experiments/geometry_depth_strength_controls/image2_black_jacket__bspline_iter100_scale2/geometry_only_reconstruction/learned_geometry_on_original.png",
        "learned_geometry_on_reconstruction": "/home/interns/Desktop/amit_code/targeted_experiments/geometry_depth_strength_controls/image2_black_jacket__bspline_iter100_scale2/geometry_only_reconstruction/learned_geometry_on_reconstruction.png",
        "learned_combined": "/home/interns/Desktop/amit_code/targeted_experiments/geometry_depth_strength_controls/image2_black_jacket__bspline_iter100_scale2/geometry_only_reconstruction/learned_combined.png",
        "geometry_then_vae_reconstruction": "/home/interns/Desktop/amit_code/targeted_experiments/geometry_depth_strength_controls/image2_black_jacket__bspline_iter100_scale2/geometry_only_reconstruction/geometry_then_vae_reconstruction.png"
      }
    },
    {
      "mode": "combined",
      "best_iter": 99,
      "best_loss": -18.659509658813477,
      "iterations": 100,
      "mean_seconds_iter": 0.35135559890419243,
      "peak_vram_gb": 6.495820999145508,
      "replay_images": {
        "vae_reconstruction": "/home/interns/Desktop/amit_code/targeted_experiments/geometry_depth_strength_controls/image2_black_jacket__bspline_iter100_scale2/combined/vae_reconstruction.png",
        "learned_delta_only": "/home/interns/Desktop/amit_code/targeted_experiments/geometry_depth_strength_controls/image2_black_jacket__bspline_iter100_scale2/combined/learned_delta_only.png",
        "learned_geometry_on_original": "/home/interns/Desktop/amit_code/targeted_experiments/geometry_depth_strength_controls/image2_black_jacket__bspline_iter100_scale2/combined/learned_geometry_on_original.png",
        "learned_geometry_on_reconstruction": "/home/interns/Desktop/amit_code/targeted_experiments/geometry_depth_strength_controls/image2_black_jacket__bspline_iter100_scale2/combined/learned_geometry_on_reconstruction.png",
        "learned_combined": "/home/interns/Desktop/amit_code/targeted_experiments/geometry_depth_strength_controls/image2_black_jacket__bspline_iter100_scale2/combined/learned_combined.png",
        "geometry_then_vae_reconstruction": "/home/interns/Desktop/amit_code/targeted_experiments/geometry_depth_strength_controls/image2_black_jacket__bspline_iter100_scale2/combined/geometry_then_vae_reconstruction.png"
      }
    }
  ],
  "num_stage_edits": 21,
  "output_root": "/home/interns/Desktop/amit_code/targeted_experiments/geometry_depth_strength_controls/image2_black_jacket__bspline_iter100_scale2"
}
