/home/interns/.local/lib/python3.10/site-packages/huggingface_hub/utils/_validators.py:205: UserWarning: The `local_dir_use_symlinks` argument is deprecated and ignored in `hf_hub_download`. Downloading to a local directory does not use symlinks anymore.
  warnings.warn(
/home/interns/Desktop/parth_cleanup/face4/face4/models/arcface.py:75: FutureWarning: You are using `torch.load` with `weights_only=False` (the current default value), which uses the default pickle module implicitly. It is possible to construct malicious pickle data which will execute arbitrary code during unpickling (See https://github.com/pytorch/pytorch/blob/main/SECURITY.md#untrusted-models for more details). In a future release, the default value for `weights_only` will be flipped to `True`. This limits the functions that could be executed during unpickling. Arbitrary objects will no longer be allowed to be loaded via this mode unless they are explicitly allowlisted by the user via `torch.serialization.add_safe_globals`. We recommend you start setting `weights_only=True` for any use case where you don't have full control of the loaded file. Please open an issue on GitHub for any issues related to this experimental feature.
  payload = torch.load(self.checkpoint_path, map_location="cpu")
/home/interns/Desktop/parth_cleanup/face4/face4/models/iresnet.py:98: FutureWarning: `torch.cuda.amp.autocast(args...)` is deprecated. Please use `torch.amp.autocast('cuda', args...)` instead.
  with torch.cuda.amp.autocast(enabled=self.fp16):
Loading InstructPix2Pix VAE from 'timbrooks/instruct-pix2pix' ...
  ✓ InstructPix2Pix VAE loaded.
Loading FACE4 ArcFace from /home/interns/Desktop/parth_cleanup/face4 with checkpoint /home/interns/Desktop/parth_cleanup/face4/models/arcface/iresnet100.pth
[geometry_only_original] 001/020 loss=-0.00000 id_sim=1.00000 ssim=1.00000 0.31s
[geometry_only_original] 002/020 loss=-0.00000 id_sim=1.00000 ssim=1.00000 0.15s
[geometry_only_original] 003/020 loss=-0.00000 id_sim=1.00000 ssim=1.00000 0.17s
[geometry_only_original] 004/020 loss=-0.00000 id_sim=1.00000 ssim=1.00000 0.19s
[geometry_only_original] 005/020 loss=-0.00000 id_sim=1.00000 ssim=1.00000 0.16s
[geometry_only_original] 006/020 loss=-0.00000 id_sim=1.00000 ssim=1.00000 0.16s
[geometry_only_original] 007/020 loss=-0.00000 id_sim=1.00000 ssim=1.00000 0.21s
[geometry_only_original] 008/020 loss=-0.00000 id_sim=1.00000 ssim=1.00000 0.23s
[geometry_only_original] 009/020 loss=-0.00000 id_sim=1.00000 ssim=1.00000 0.21s
[geometry_only_original] 010/020 loss=-0.00000 id_sim=1.00000 ssim=1.00000 0.26s
[geometry_only_original] 011/020 loss=-0.00000 id_sim=1.00000 ssim=1.00000 0.22s
[geometry_only_original] 012/020 loss=-0.00000 id_sim=1.00000 ssim=1.00000 0.21s
[geometry_only_original] 013/020 loss=-0.00000 id_sim=1.00000 ssim=1.00000 0.21s
[geometry_only_original] 014/020 loss=-0.00000 id_sim=1.00000 ssim=1.00000 0.21s
[geometry_only_original] 015/020 loss=-0.00000 id_sim=1.00000 ssim=1.00000 0.22s
[geometry_only_original] 016/020 loss=-0.00000 id_sim=1.00000 ssim=1.00000 0.20s
[geometry_only_original] 017/020 loss=-0.00000 id_sim=1.00000 ssim=1.00000 0.22s
[geometry_only_original] 018/020 loss=-0.00000 id_sim=1.00000 ssim=1.00000 0.21s
[geometry_only_original] 019/020 loss=-0.00000 id_sim=1.00000 ssim=1.00000 0.21s
[geometry_only_original] 020/020 loss=-0.00000 id_sim=1.00000 ssim=1.00000 0.21s
[geometry_only_reconstruction] 001/020 loss=0.18638 id_sim=0.94208 ssim=0.84190 0.21s
[geometry_only_reconstruction] 002/020 loss=0.18638 id_sim=0.94208 ssim=0.84190 0.21s
[geometry_only_reconstruction] 003/020 loss=0.18638 id_sim=0.94208 ssim=0.84190 0.20s
[geometry_only_reconstruction] 004/020 loss=0.18638 id_sim=0.94208 ssim=0.84190 0.21s
[geometry_only_reconstruction] 005/020 loss=0.18638 id_sim=0.94208 ssim=0.84190 0.20s
[geometry_only_reconstruction] 006/020 loss=0.18638 id_sim=0.94208 ssim=0.84190 0.19s
[geometry_only_reconstruction] 007/020 loss=0.18638 id_sim=0.94208 ssim=0.84190 0.20s
[geometry_only_reconstruction] 008/020 loss=0.18638 id_sim=0.94208 ssim=0.84190 0.22s
[geometry_only_reconstruction] 009/020 loss=0.18638 id_sim=0.94208 ssim=0.84190 0.25s
[geometry_only_reconstruction] 010/020 loss=0.18638 id_sim=0.94208 ssim=0.84190 0.22s
[geometry_only_reconstruction] 011/020 loss=0.18638 id_sim=0.94208 ssim=0.84190 0.22s
[geometry_only_reconstruction] 012/020 loss=0.18638 id_sim=0.94208 ssim=0.84190 0.23s
[geometry_only_reconstruction] 013/020 loss=0.18638 id_sim=0.94208 ssim=0.84190 0.23s
[geometry_only_reconstruction] 014/020 loss=0.18638 id_sim=0.94208 ssim=0.84190 0.22s
[geometry_only_reconstruction] 015/020 loss=0.18638 id_sim=0.94208 ssim=0.84190 0.22s
[geometry_only_reconstruction] 016/020 loss=0.18638 id_sim=0.94208 ssim=0.84190 0.22s
[geometry_only_reconstruction] 017/020 loss=0.18638 id_sim=0.94208 ssim=0.84190 0.25s
[geometry_only_reconstruction] 018/020 loss=0.18638 id_sim=0.94208 ssim=0.84190 0.20s
[geometry_only_reconstruction] 019/020 loss=0.18638 id_sim=0.94208 ssim=0.84190 0.21s
[geometry_only_reconstruction] 020/020 loss=0.18638 id_sim=0.94208 ssim=0.84190 0.21s

Loading pipeline components...:   0%|          | 0/6 [00:00<?, ?it/s][0;93m2026-07-20 22:21:02.655685053 [W:onnxruntime:Default, device_discovery.cc:164 DiscoverDevicesForPlatform] GPU device discovery failed: device_discovery.cc:89 ReadFileContents Failed to open file: "/sys/class/drm/card0/device/vendor"[m

Loading pipeline components...:  17%|█▋        | 1/6 [00:00<00:01,  3.83it/s]

Loading weights:   0%|          | 0/196 [00:00<?, ?it/s][A

Loading weights:  70%|███████   | 138/196 [00:00<00:00, 1315.15it/s][A
Loading weights: 100%|██████████| 196/196 [00:00<00:00, 1413.59it/s]

Loading pipeline components...:  33%|███▎      | 2/6 [00:00<00:01,  2.88it/s]
Loading pipeline components...:  67%|██████▋   | 4/6 [00:01<00:00,  2.25it/s]
Loading pipeline components...: 100%|██████████| 6/6 [00:06<00:00,  1.32s/it]
Loading pipeline components...: 100%|██████████| 6/6 [00:06<00:00,  1.04s/it]
Loading FACE4 ArcFace from /home/interns/Desktop/parth_cleanup/face4 with checkpoint /home/interns/Desktop/parth_cleanup/face4/models/arcface/iresnet100.pth
{
  "status": "complete",
  "face_id": "image_4",
  "prompt": "Add a red scarf",
  "warp_type": "geodesic",
  "warp_components": [
    "geodesic"
  ],
  "modes": [
    "geometry_only_original",
    "geometry_only_reconstruction"
  ],
  "mode_summaries": [
    {
      "mode": "geometry_only_original",
      "best_iter": 0,
      "best_loss": -1.1920928955078125e-06,
      "iterations": 20,
      "mean_seconds_iter": 0.20729825226590037,
      "peak_vram_gb": 0.9696087837219238,
      "replay_images": {
        "vae_reconstruction": "/home/interns/Desktop/amit_code/targeted_experiments/geometry_family_attribution/image4_red_scarf/single_geodesic/geometry_only_original/vae_reconstruction.png",
        "learned_delta_only": "/home/interns/Desktop/amit_code/targeted_experiments/geometry_family_attribution/image4_red_scarf/single_geodesic/geometry_only_original/learned_delta_only.png",
        "learned_geometry_on_original": "/home/interns/Desktop/amit_code/targeted_experiments/geometry_family_attribution/image4_red_scarf/single_geodesic/geometry_only_original/learned_geometry_on_original.png",
        "learned_geometry_on_reconstruction": "/home/interns/Desktop/amit_code/targeted_experiments/geometry_family_attribution/image4_red_scarf/single_geodesic/geometry_only_original/learned_geometry_on_reconstruction.png",
        "learned_combined": "/home/interns/Desktop/amit_code/targeted_experiments/geometry_family_attribution/image4_red_scarf/single_geodesic/geometry_only_original/learned_combined.png",
        "geometry_then_vae_reconstruction": "/home/interns/Desktop/amit_code/targeted_experiments/geometry_family_attribution/image4_red_scarf/single_geodesic/geometry_only_original/geometry_then_vae_reconstruction.png"
      }
    },
    {
      "mode": "geometry_only_reconstruction",
      "best_iter": 0,
      "best_loss": 0.18637746572494507,
      "iterations": 20,
      "mean_seconds_iter": 0.21637230664491652,
      "peak_vram_gb": 0.9769330024719238,
      "replay_images": {
        "vae_reconstruction": "/home/interns/Desktop/amit_code/targeted_experiments/geometry_family_attribution/image4_red_scarf/single_geodesic/geometry_only_reconstruction/vae_reconstruction.png",
        "learned_delta_only": "/home/interns/Desktop/amit_code/targeted_experiments/geometry_family_attribution/image4_red_scarf/single_geodesic/geometry_only_reconstruction/learned_delta_only.png",
        "learned_geometry_on_original": "/home/interns/Desktop/amit_code/targeted_experiments/geometry_family_attribution/image4_red_scarf/single_geodesic/geometry_only_reconstruction/learned_geometry_on_original.png",
        "learned_geometry_on_reconstruction": "/home/interns/Desktop/amit_code/targeted_experiments/geometry_family_attribution/image4_red_scarf/single_geodesic/geometry_only_reconstruction/learned_geometry_on_reconstruction.png",
        "learned_combined": "/home/interns/Desktop/amit_code/targeted_experiments/geometry_family_attribution/image4_red_scarf/single_geodesic/geometry_only_reconstruction/learned_combined.png",
        "geometry_then_vae_reconstruction": "/home/interns/Desktop/amit_code/targeted_experiments/geometry_family_attribution/image4_red_scarf/single_geodesic/geometry_only_reconstruction/geometry_then_vae_reconstruction.png"
      }
    }
  ],
  "num_stage_edits": 15,
  "output_root": "/home/interns/Desktop/amit_code/targeted_experiments/geometry_family_attribution/image4_red_scarf/single_geodesic"
}
