/home/interns/.local/lib/python3.10/site-packages/huggingface_hub/utils/_validators.py:205: UserWarning: The `local_dir_use_symlinks` argument is deprecated and ignored in `hf_hub_download`. Downloading to a local directory does not use symlinks anymore.
  warnings.warn(
/home/interns/Desktop/parth_cleanup/face4/face4/models/arcface.py:75: FutureWarning: You are using `torch.load` with `weights_only=False` (the current default value), which uses the default pickle module implicitly. It is possible to construct malicious pickle data which will execute arbitrary code during unpickling (See https://github.com/pytorch/pytorch/blob/main/SECURITY.md#untrusted-models for more details). In a future release, the default value for `weights_only` will be flipped to `True`. This limits the functions that could be executed during unpickling. Arbitrary objects will no longer be allowed to be loaded via this mode unless they are explicitly allowlisted by the user via `torch.serialization.add_safe_globals`. We recommend you start setting `weights_only=True` for any use case where you don't have full control of the loaded file. Please open an issue on GitHub for any issues related to this experimental feature.
  payload = torch.load(self.checkpoint_path, map_location="cpu")
/home/interns/Desktop/parth_cleanup/face4/face4/models/iresnet.py:98: FutureWarning: `torch.cuda.amp.autocast(args...)` is deprecated. Please use `torch.amp.autocast('cuda', args...)` instead.
  with torch.cuda.amp.autocast(enabled=self.fp16):
Loading InstructPix2Pix VAE from 'timbrooks/instruct-pix2pix' ...
  ✓ InstructPix2Pix VAE loaded.
Loading FACE4 ArcFace from /home/interns/Desktop/parth_cleanup/face4 with checkpoint /home/interns/Desktop/parth_cleanup/face4/models/arcface/iresnet100.pth
[combined] 001/020 loss=0.26366 id_sim=0.94059 ssim=0.82395 0.50s
[combined] 002/020 loss=-1.37257 id_sim=0.77662 ssim=0.82873 0.37s
[combined] 003/020 loss=-2.35811 id_sim=0.67757 ssim=0.82969 0.64s
[combined] 004/020 loss=-3.25647 id_sim=0.58731 ssim=0.82937 0.65s
[combined] 005/020 loss=-4.10424 id_sim=0.50199 ssim=0.82889 0.65s
[combined] 006/020 loss=-4.88022 id_sim=0.42374 ssim=0.82781 0.65s
[combined] 007/020 loss=-5.56531 id_sim=0.35449 ssim=0.82641 0.62s
[combined] 008/020 loss=-6.20612 id_sim=0.28962 ssim=0.82493 0.62s
[combined] 009/020 loss=-6.81228 id_sim=0.22819 ssim=0.82328 0.62s
[combined] 010/020 loss=-7.34030 id_sim=0.17458 ssim=0.82155 0.62s
[combined] 011/020 loss=-7.83216 id_sim=0.12462 ssim=0.81987 0.62s
[combined] 012/020 loss=-8.25666 id_sim=0.08139 ssim=0.81826 0.63s
[combined] 013/020 loss=-8.63758 id_sim=0.04253 ssim=0.81664 0.63s
[combined] 014/020 loss=-9.01872 id_sim=0.00369 ssim=0.81507 0.64s
[combined] 015/020 loss=-9.38049 id_sim=-0.03318 ssim=0.81352 0.64s
[combined] 016/020 loss=-9.74566 id_sim=-0.07036 ssim=0.81201 0.67s
[combined] 017/020 loss=-10.09611 id_sim=-0.10608 ssim=0.81049 0.67s
[combined] 018/020 loss=-10.43519 id_sim=-0.14065 ssim=0.80903 0.64s
[combined] 019/020 loss=-10.75502 id_sim=-0.17328 ssim=0.80765 0.66s
[combined] 020/020 loss=-11.05147 id_sim=-0.20356 ssim=0.80637 0.66s

Loading pipeline components...:   0%|          | 0/6 [00:00<?, ?it/s][0;93m2026-07-20 20:45:43.673942334 [W:onnxruntime:Default, device_discovery.cc:164 DiscoverDevicesForPlatform] GPU device discovery failed: device_discovery.cc:89 ReadFileContents Failed to open file: "/sys/class/drm/card0/device/vendor"[m


Loading weights:   0%|          | 0/196 [00:00<?, ?it/s][A

Loading weights:  86%|████████▌ | 168/196 [00:00<00:00, 1665.26it/s][A
Loading weights: 100%|██████████| 196/196 [00:00<00:00, 1706.98it/s]

Loading pipeline components...:  17%|█▋        | 1/6 [00:00<00:02,  2.37it/s]
Loading pipeline components...:  33%|███▎      | 2/6 [00:03<00:08,  2.21s/it]
Loading pipeline components...:  67%|██████▋   | 4/6 [00:04<00:02,  1.06s/it]
Loading pipeline components...: 100%|██████████| 6/6 [00:04<00:00,  1.63it/s]
Loading pipeline components...: 100%|██████████| 6/6 [00:04<00:00,  1.23it/s]
Loading FACE4 ArcFace from /home/interns/Desktop/parth_cleanup/face4 with checkpoint /home/interns/Desktop/parth_cleanup/face4/models/arcface/iresnet100.pth
{
  "status": "complete",
  "face_id": "image_2",
  "prompt": "Add a black jacket",
  "warp_type": "bspline+polar",
  "warp_components": [
    "bspline",
    "polar"
  ],
  "modes": [
    "combined"
  ],
  "mode_summaries": [
    {
      "mode": "combined",
      "best_iter": 19,
      "best_loss": -11.051470756530762,
      "iterations": 20,
      "mean_seconds_iter": 0.6207831539213657,
      "peak_vram_gb": 6.535579681396484,
      "replay_images": {
        "vae_reconstruction": "/home/interns/Desktop/amit_code/targeted_experiments/geometry_family_attribution/image2_black_jacket/combined_bspline_polar/combined/vae_reconstruction.png",
        "learned_delta_only": "/home/interns/Desktop/amit_code/targeted_experiments/geometry_family_attribution/image2_black_jacket/combined_bspline_polar/combined/learned_delta_only.png",
        "learned_geometry_on_original": "/home/interns/Desktop/amit_code/targeted_experiments/geometry_family_attribution/image2_black_jacket/combined_bspline_polar/combined/learned_geometry_on_original.png",
        "learned_geometry_on_reconstruction": "/home/interns/Desktop/amit_code/targeted_experiments/geometry_family_attribution/image2_black_jacket/combined_bspline_polar/combined/learned_geometry_on_reconstruction.png",
        "learned_combined": "/home/interns/Desktop/amit_code/targeted_experiments/geometry_family_attribution/image2_black_jacket/combined_bspline_polar/combined/learned_combined.png",
        "geometry_then_vae_reconstruction": "/home/interns/Desktop/amit_code/targeted_experiments/geometry_family_attribution/image2_black_jacket/combined_bspline_polar/combined/geometry_then_vae_reconstruction.png"
      }
    }
  ],
  "num_stage_edits": 9,
  "output_root": "/home/interns/Desktop/amit_code/targeted_experiments/geometry_family_attribution/image2_black_jacket/combined_bspline_polar"
}
